	.text
	.syntax unified
	.eabi_attribute	67, "2.09"	@ Tag_conformance
	.cpu	cortex-m4
	.eabi_attribute	6, 13	@ Tag_CPU_arch
	.eabi_attribute	7, 77	@ Tag_CPU_arch_profile
	.eabi_attribute	8, 0	@ Tag_ARM_ISA_use
	.eabi_attribute	9, 2	@ Tag_THUMB_ISA_use
	.fpu	fpv4-sp-d16
	.eabi_attribute	27, 1	@ Tag_ABI_HardFP_use
	.eabi_attribute	36, 1	@ Tag_FP_HP_extension
	.eabi_attribute	34, 1	@ Tag_CPU_unaligned_access
	.eabi_attribute	17, 1	@ Tag_ABI_PCS_GOT_use
	.eabi_attribute	20, 2	@ Tag_ABI_FP_denormal
	.eabi_attribute	21, 0	@ Tag_ABI_FP_exceptions
	.eabi_attribute	23, 1	@ Tag_ABI_FP_number_model
	.eabi_attribute	24, 1	@ Tag_ABI_align_needed
	.eabi_attribute	25, 1	@ Tag_ABI_align_preserved
	.eabi_attribute	28, 1	@ Tag_ABI_VFP_args
	.eabi_attribute	38, 1	@ Tag_ABI_FP_16bit_format
	.eabi_attribute	18, 2	@ Tag_ABI_PCS_wchar_t
	.eabi_attribute	26, 1	@ Tag_ABI_enum_size
	.eabi_attribute	14, 0	@ Tag_ABI_PCS_R9_use
	.file	"APPWConf.c"
	.file	1 "C:\\Users\\dinhl\\Music\\ASSIGNMENT3_GROUP_SE\\ASSIGNMENT3_Excercise2" "Application/Source/Generated/APPWConf.c"
	.section	.text.APPW_X_Setup,"ax",%progbits
	.hidden	APPW_X_Setup                    @ -- Begin function APPW_X_Setup
	.globl	APPW_X_Setup
	.p2align	2
	.type	APPW_X_Setup,%function
	.code	16                              @ @APPW_X_Setup
	.thumb_func
APPW_X_Setup:
.Lfunc_begin0:
	.loc	1 81 0                          @ Application/Source/Generated/APPWConf.c:81:0
	.fnstart
	.cfi_sections .debug_frame
	.cfi_startproc
@ %bb.0:
	.save	{r4, r5, r7, lr}
	push	{r4, r5, r7, lr}
	.cfi_def_cfa_offset 16
	.cfi_offset lr, -4
	.cfi_offset r7, -8
	.cfi_offset r5, -12
	.cfi_offset r4, -16
	.pad	#56
	sub	sp, #56
	.cfi_def_cfa_offset 72
.Ltmp0:
	.loc	1 92 3 prologue_end             @ Application/Source/Generated/APPWConf.c:92:3
	movw	r0, :lower16:_InitText
	movt	r0, :upper16:_InitText
	bl	APPW_SetpfInitText
.Ltmp1:
	.loc	1 93 3                          @ Application/Source/Generated/APPWConf.c:93:3
	bl	APPW_X_FS_Init
.Ltmp2:
	.loc	1 94 3                          @ Application/Source/Generated/APPWConf.c:94:3
	movs	r0, #1
	bl	APPW_MULTIBUF_Enable
.Ltmp3:
	.loc	1 0 3 is_stmt 0                 @ Application/Source/Generated/APPWConf.c:0:3
	add	r0, sp, #24
	add	r1, sp, #40
	add	r2, sp, #28
	add	r3, sp, #44
	add.w	r12, sp, #20
	.loc	1 95 3 is_stmt 1                @ Application/Source/Generated/APPWConf.c:95:3
	strd	r3, r2, [sp]
	strd	r1, r0, [sp, #8]
	add	r0, sp, #52
	add	r1, sp, #36
	add	r2, sp, #48
	add	r3, sp, #32
	str.w	r12, [sp, #16]
	bl	APPW__GetResource
.Ltmp4:
	.loc	1 104 21                        @ Application/Source/Generated/APPWConf.c:104:21
	ldr	r0, [sp, #20]
	.loc	1 104 3 is_stmt 0               @ Application/Source/Generated/APPWConf.c:104:3
	bl	WM_SetCreateFlags
.Ltmp5:
	.loc	1 105 40 is_stmt 1              @ Application/Source/Generated/APPWConf.c:105:40
	ldrd	r2, r0, [sp, #48]
	.loc	1 105 51 is_stmt 0              @ Application/Source/Generated/APPWConf.c:105:51
	ldrd	r3, r1, [sp, #32]
	.loc	1 105 89                        @ Application/Source/Generated/APPWConf.c:105:89
	ldrd	r4, r12, [sp, #40]
	.loc	1 105 104                       @ Application/Source/Generated/APPWConf.c:105:104
	ldrd	r5, lr, [sp, #24]
	.loc	1 105 3                         @ Application/Source/Generated/APPWConf.c:105:3
	strd	r12, lr, [sp]
	strd	r4, r5, [sp, #8]
	bl	APPW_SetData
.Ltmp6:
	.loc	1 106 3 is_stmt 1               @ Application/Source/Generated/APPWConf.c:106:3
	movs	r0, #0
	bl	APPW_SetSupportScroller
.Ltmp7:
	.loc	1 107 3                         @ Application/Source/Generated/APPWConf.c:107:3
	movs	r0, #0
	bl	GUI_ShowMissingCharacters
.Ltmp8:
	.loc	1 108 1 epilogue_begin          @ Application/Source/Generated/APPWConf.c:108:1
	add	sp, #56
	pop	{r4, r5, r7, pc}
.Ltmp9:
.Lfunc_end0:
	.size	APPW_X_Setup, .Lfunc_end0-APPW_X_Setup
	.cfi_endproc
	.cantunwind
	.fnend
                                        @ -- End function
	.section	.text._InitText,"ax",%progbits
	.p2align	2                               @ -- Begin function _InitText
	.type	_InitText,%function
	.code	16                              @ @_InitText
	.thumb_func
_InitText:
.Lfunc_begin1:
	.loc	1 64 0                          @ Application/Source/Generated/APPWConf.c:64:0
	.fnstart
	.cfi_startproc
@ %bb.0:
	.save	{r7, lr}
	push	{r7, lr}
	.cfi_def_cfa_offset 8
	.cfi_offset lr, -4
	.cfi_offset r7, -8
	.pad	#8
	sub	sp, #8
	.cfi_def_cfa_offset 16
	add	r0, sp, #4
.Ltmp10:
	.loc	1 67 3 prologue_end             @ Application/Source/Generated/APPWConf.c:67:3
	bl	APPW__GetTextInit
.Ltmp11:
	.loc	1 68 20                         @ Application/Source/Generated/APPWConf.c:68:20
	ldr	r0, [sp, #4]
	.loc	1 68 3 is_stmt 0                @ Application/Source/Generated/APPWConf.c:68:3
	bl	APPW_TextInitMem
.Ltmp12:
	.loc	1 69 1 epilogue_begin is_stmt 1 @ Application/Source/Generated/APPWConf.c:69:1
	add	sp, #8
	pop	{r7, pc}
.Ltmp13:
.Lfunc_end1:
	.size	_InitText, .Lfunc_end1-_InitText
	.cfi_endproc
	.cantunwind
	.fnend
                                        @ -- End function
	.file	2 "C:\\Users\\dinhl\\Music\\ASSIGNMENT3_GROUP_SE\\ASSIGNMENT3_Excercise2" "./Library/emWin/Include\\AppWizard.h"
	.file	3 "C:\\Users\\dinhl\\Music\\ASSIGNMENT3_GROUP_SE\\ASSIGNMENT3_Excercise2" "./Library/emWin/Include\\GUI_Type.h"
	.file	4 "C:\\Users\\dinhl\\Music\\ASSIGNMENT3_GROUP_SE\\ASSIGNMENT3_Excercise2" "./Library/emWin/Include\\WM.h"
	.file	5 "C:\\Users\\dinhl\\Music\\ASSIGNMENT3_GROUP_SE\\ASSIGNMENT3_Excercise2" "./Library/emWin/Include\\LCD.h"
	.section	.debug_abbrev,"",%progbits
	.byte	1                               @ Abbreviation Code
	.byte	17                              @ DW_TAG_compile_unit
	.byte	1                               @ DW_CHILDREN_yes
	.byte	37                              @ DW_AT_producer
	.byte	14                              @ DW_FORM_strp
	.byte	19                              @ DW_AT_language
	.byte	5                               @ DW_FORM_data2
	.byte	3                               @ DW_AT_name
	.byte	14                              @ DW_FORM_strp
	.byte	16                              @ DW_AT_stmt_list
	.byte	23                              @ DW_FORM_sec_offset
	.byte	27                              @ DW_AT_comp_dir
	.byte	14                              @ DW_FORM_strp
	.byte	17                              @ DW_AT_low_pc
	.byte	1                               @ DW_FORM_addr
	.byte	85                              @ DW_AT_ranges
	.byte	23                              @ DW_FORM_sec_offset
	.byte	0                               @ EOM(1)
	.byte	0                               @ EOM(2)
	.byte	2                               @ Abbreviation Code
	.byte	52                              @ DW_TAG_variable
	.byte	0                               @ DW_CHILDREN_no
	.byte	3                               @ DW_AT_name
	.byte	14                              @ DW_FORM_strp
	.byte	73                              @ DW_AT_type
	.byte	19                              @ DW_FORM_ref4
	.byte	58                              @ DW_AT_decl_file
	.byte	11                              @ DW_FORM_data1
	.byte	59                              @ DW_AT_decl_line
	.byte	11                              @ DW_FORM_data1
	.byte	28                              @ DW_AT_const_value
	.byte	15                              @ DW_FORM_udata
	.byte	0                               @ EOM(1)
	.byte	0                               @ EOM(2)
	.byte	3                               @ Abbreviation Code
	.byte	36                              @ DW_TAG_base_type
	.byte	0                               @ DW_CHILDREN_no
	.byte	3                               @ DW_AT_name
	.byte	14                              @ DW_FORM_strp
	.byte	62                              @ DW_AT_encoding
	.byte	11                              @ DW_FORM_data1
	.byte	11                              @ DW_AT_byte_size
	.byte	11                              @ DW_FORM_data1
	.byte	0                               @ EOM(1)
	.byte	0                               @ EOM(2)
	.byte	4                               @ Abbreviation Code
	.byte	46                              @ DW_TAG_subprogram
	.byte	1                               @ DW_CHILDREN_yes
	.byte	17                              @ DW_AT_low_pc
	.byte	1                               @ DW_FORM_addr
	.byte	18                              @ DW_AT_high_pc
	.byte	6                               @ DW_FORM_data4
	.byte	64                              @ DW_AT_frame_base
	.byte	24                              @ DW_FORM_exprloc
	.ascii	"\227B"                         @ DW_AT_GNU_all_call_sites
	.byte	25                              @ DW_FORM_flag_present
	.byte	3                               @ DW_AT_name
	.byte	14                              @ DW_FORM_strp
	.byte	58                              @ DW_AT_decl_file
	.byte	11                              @ DW_FORM_data1
	.byte	59                              @ DW_AT_decl_line
	.byte	11                              @ DW_FORM_data1
	.byte	39                              @ DW_AT_prototyped
	.byte	25                              @ DW_FORM_flag_present
	.byte	63                              @ DW_AT_external
	.byte	25                              @ DW_FORM_flag_present
	.byte	0                               @ EOM(1)
	.byte	0                               @ EOM(2)
	.byte	5                               @ Abbreviation Code
	.byte	52                              @ DW_TAG_variable
	.byte	0                               @ DW_CHILDREN_no
	.byte	2                               @ DW_AT_location
	.byte	24                              @ DW_FORM_exprloc
	.byte	3                               @ DW_AT_name
	.byte	14                              @ DW_FORM_strp
	.byte	58                              @ DW_AT_decl_file
	.byte	11                              @ DW_FORM_data1
	.byte	59                              @ DW_AT_decl_line
	.byte	11                              @ DW_FORM_data1
	.byte	73                              @ DW_AT_type
	.byte	19                              @ DW_FORM_ref4
	.byte	0                               @ EOM(1)
	.byte	0                               @ EOM(2)
	.byte	6                               @ Abbreviation Code
	.byte	46                              @ DW_TAG_subprogram
	.byte	1                               @ DW_CHILDREN_yes
	.byte	17                              @ DW_AT_low_pc
	.byte	1                               @ DW_FORM_addr
	.byte	18                              @ DW_AT_high_pc
	.byte	6                               @ DW_FORM_data4
	.byte	64                              @ DW_AT_frame_base
	.byte	24                              @ DW_FORM_exprloc
	.ascii	"\227B"                         @ DW_AT_GNU_all_call_sites
	.byte	25                              @ DW_FORM_flag_present
	.byte	3                               @ DW_AT_name
	.byte	14                              @ DW_FORM_strp
	.byte	58                              @ DW_AT_decl_file
	.byte	11                              @ DW_FORM_data1
	.byte	59                              @ DW_AT_decl_line
	.byte	11                              @ DW_FORM_data1
	.byte	39                              @ DW_AT_prototyped
	.byte	25                              @ DW_FORM_flag_present
	.byte	0                               @ EOM(1)
	.byte	0                               @ EOM(2)
	.byte	7                               @ Abbreviation Code
	.byte	15                              @ DW_TAG_pointer_type
	.byte	0                               @ DW_CHILDREN_no
	.byte	73                              @ DW_AT_type
	.byte	19                              @ DW_FORM_ref4
	.byte	0                               @ EOM(1)
	.byte	0                               @ EOM(2)
	.byte	8                               @ Abbreviation Code
	.byte	22                              @ DW_TAG_typedef
	.byte	0                               @ DW_CHILDREN_no
	.byte	73                              @ DW_AT_type
	.byte	19                              @ DW_FORM_ref4
	.byte	3                               @ DW_AT_name
	.byte	14                              @ DW_FORM_strp
	.byte	58                              @ DW_AT_decl_file
	.byte	11                              @ DW_FORM_data1
	.byte	59                              @ DW_AT_decl_line
	.byte	5                               @ DW_FORM_data2
	.byte	0                               @ EOM(1)
	.byte	0                               @ EOM(2)
	.byte	9                               @ Abbreviation Code
	.byte	19                              @ DW_TAG_structure_type
	.byte	1                               @ DW_CHILDREN_yes
	.byte	11                              @ DW_AT_byte_size
	.byte	11                              @ DW_FORM_data1
	.byte	58                              @ DW_AT_decl_file
	.byte	11                              @ DW_FORM_data1
	.byte	59                              @ DW_AT_decl_line
	.byte	5                               @ DW_FORM_data2
	.byte	0                               @ EOM(1)
	.byte	0                               @ EOM(2)
	.byte	10                              @ Abbreviation Code
	.byte	13                              @ DW_TAG_member
	.byte	0                               @ DW_CHILDREN_no
	.byte	3                               @ DW_AT_name
	.byte	14                              @ DW_FORM_strp
	.byte	73                              @ DW_AT_type
	.byte	19                              @ DW_FORM_ref4
	.byte	58                              @ DW_AT_decl_file
	.byte	11                              @ DW_FORM_data1
	.byte	59                              @ DW_AT_decl_line
	.byte	5                               @ DW_FORM_data2
	.byte	56                              @ DW_AT_data_member_location
	.byte	11                              @ DW_FORM_data1
	.byte	0                               @ EOM(1)
	.byte	0                               @ EOM(2)
	.byte	11                              @ Abbreviation Code
	.byte	21                              @ DW_TAG_subroutine_type
	.byte	1                               @ DW_CHILDREN_yes
	.byte	73                              @ DW_AT_type
	.byte	19                              @ DW_FORM_ref4
	.byte	39                              @ DW_AT_prototyped
	.byte	25                              @ DW_FORM_flag_present
	.byte	0                               @ EOM(1)
	.byte	0                               @ EOM(2)
	.byte	12                              @ Abbreviation Code
	.byte	5                               @ DW_TAG_formal_parameter
	.byte	0                               @ DW_CHILDREN_no
	.byte	73                              @ DW_AT_type
	.byte	19                              @ DW_FORM_ref4
	.byte	0                               @ EOM(1)
	.byte	0                               @ EOM(2)
	.byte	13                              @ Abbreviation Code
	.byte	1                               @ DW_TAG_array_type
	.byte	1                               @ DW_CHILDREN_yes
	.byte	73                              @ DW_AT_type
	.byte	19                              @ DW_FORM_ref4
	.byte	0                               @ EOM(1)
	.byte	0                               @ EOM(2)
	.byte	14                              @ Abbreviation Code
	.byte	33                              @ DW_TAG_subrange_type
	.byte	0                               @ DW_CHILDREN_no
	.byte	73                              @ DW_AT_type
	.byte	19                              @ DW_FORM_ref4
	.byte	55                              @ DW_AT_count
	.byte	11                              @ DW_FORM_data1
	.byte	0                               @ EOM(1)
	.byte	0                               @ EOM(2)
	.byte	15                              @ Abbreviation Code
	.byte	36                              @ DW_TAG_base_type
	.byte	0                               @ DW_CHILDREN_no
	.byte	3                               @ DW_AT_name
	.byte	14                              @ DW_FORM_strp
	.byte	11                              @ DW_AT_byte_size
	.byte	11                              @ DW_FORM_data1
	.byte	62                              @ DW_AT_encoding
	.byte	11                              @ DW_FORM_data1
	.byte	0                               @ EOM(1)
	.byte	0                               @ EOM(2)
	.byte	16                              @ Abbreviation Code
	.byte	38                              @ DW_TAG_const_type
	.byte	0                               @ DW_CHILDREN_no
	.byte	73                              @ DW_AT_type
	.byte	19                              @ DW_FORM_ref4
	.byte	0                               @ EOM(1)
	.byte	0                               @ EOM(2)
	.byte	17                              @ Abbreviation Code
	.byte	38                              @ DW_TAG_const_type
	.byte	0                               @ DW_CHILDREN_no
	.byte	0                               @ EOM(1)
	.byte	0                               @ EOM(2)
	.byte	18                              @ Abbreviation Code
	.byte	21                              @ DW_TAG_subroutine_type
	.byte	0                               @ DW_CHILDREN_no
	.byte	39                              @ DW_AT_prototyped
	.byte	25                              @ DW_FORM_flag_present
	.byte	0                               @ EOM(1)
	.byte	0                               @ EOM(2)
	.byte	19                              @ Abbreviation Code
	.byte	19                              @ DW_TAG_structure_type
	.byte	1                               @ DW_CHILDREN_yes
	.byte	3                               @ DW_AT_name
	.byte	14                              @ DW_FORM_strp
	.byte	11                              @ DW_AT_byte_size
	.byte	11                              @ DW_FORM_data1
	.byte	58                              @ DW_AT_decl_file
	.byte	11                              @ DW_FORM_data1
	.byte	59                              @ DW_AT_decl_line
	.byte	5                               @ DW_FORM_data2
	.byte	0                               @ EOM(1)
	.byte	0                               @ EOM(2)
	.byte	20                              @ Abbreviation Code
	.byte	21                              @ DW_TAG_subroutine_type
	.byte	1                               @ DW_CHILDREN_yes
	.byte	39                              @ DW_AT_prototyped
	.byte	25                              @ DW_FORM_flag_present
	.byte	0                               @ EOM(1)
	.byte	0                               @ EOM(2)
	.byte	21                              @ Abbreviation Code
	.byte	23                              @ DW_TAG_union_type
	.byte	1                               @ DW_CHILDREN_yes
	.byte	11                              @ DW_AT_byte_size
	.byte	11                              @ DW_FORM_data1
	.byte	58                              @ DW_AT_decl_file
	.byte	11                              @ DW_FORM_data1
	.byte	59                              @ DW_AT_decl_line
	.byte	5                               @ DW_FORM_data2
	.byte	0                               @ EOM(1)
	.byte	0                               @ EOM(2)
	.byte	22                              @ Abbreviation Code
	.byte	15                              @ DW_TAG_pointer_type
	.byte	0                               @ DW_CHILDREN_no
	.byte	0                               @ EOM(1)
	.byte	0                               @ EOM(2)
	.byte	23                              @ Abbreviation Code
	.byte	22                              @ DW_TAG_typedef
	.byte	0                               @ DW_CHILDREN_no
	.byte	73                              @ DW_AT_type
	.byte	19                              @ DW_FORM_ref4
	.byte	3                               @ DW_AT_name
	.byte	14                              @ DW_FORM_strp
	.byte	58                              @ DW_AT_decl_file
	.byte	11                              @ DW_FORM_data1
	.byte	59                              @ DW_AT_decl_line
	.byte	11                              @ DW_FORM_data1
	.byte	0                               @ EOM(1)
	.byte	0                               @ EOM(2)
	.byte	0                               @ EOM(3)
	.section	.debug_info,"",%progbits
.Lcu_begin0:
	.long	.Ldebug_info_end0-.Ldebug_info_start0 @ Length of Unit
.Ldebug_info_start0:
	.short	4                               @ DWARF version number
	.long	.debug_abbrev                   @ Offset Into Abbrev. Section
	.byte	4                               @ Address Size (in bytes)
	.byte	1                               @ Abbrev [1] 0xb:0x7b5 DW_TAG_compile_unit
	.long	.Linfo_string0                  @ DW_AT_producer
	.short	12                              @ DW_AT_language
	.long	.Linfo_string1                  @ DW_AT_name
	.long	.Lline_table_start0             @ DW_AT_stmt_list
	.long	.Linfo_string2                  @ DW_AT_comp_dir
	.long	0                               @ DW_AT_low_pc
	.long	.Ldebug_ranges0                 @ DW_AT_ranges
	.byte	2                               @ Abbrev [2] 0x26:0xc DW_TAG_variable
	.long	.Linfo_string3                  @ DW_AT_name
	.long	50                              @ DW_AT_type
	.byte	1                               @ DW_AT_decl_file
	.byte	46                              @ DW_AT_decl_line
	.byte	1                               @ DW_AT_const_value
	.byte	3                               @ Abbrev [3] 0x32:0x7 DW_TAG_base_type
	.long	.Linfo_string4                  @ DW_AT_name
	.byte	8                               @ DW_AT_encoding
	.byte	1                               @ DW_AT_byte_size
	.byte	2                               @ Abbrev [2] 0x39:0xc DW_TAG_variable
	.long	.Linfo_string5                  @ DW_AT_name
	.long	50                              @ DW_AT_type
	.byte	1                               @ DW_AT_decl_file
	.byte	52                              @ DW_AT_decl_line
	.byte	0                               @ DW_AT_const_value
	.byte	4                               @ Abbrev [4] 0x45:0x90 DW_TAG_subprogram
	.long	.Lfunc_begin0                   @ DW_AT_low_pc
	.long	.Lfunc_end0-.Lfunc_begin0       @ DW_AT_high_pc
	.byte	1                               @ DW_AT_frame_base
	.byte	93
                                        @ DW_AT_GNU_all_call_sites
	.long	.Linfo_string6                  @ DW_AT_name
	.byte	1                               @ DW_AT_decl_file
	.byte	81                              @ DW_AT_decl_line
                                        @ DW_AT_prototyped
                                        @ DW_AT_external
	.byte	5                               @ Abbrev [5] 0x56:0xe DW_TAG_variable
	.byte	2                               @ DW_AT_location
	.byte	145
	.byte	52
	.long	.Linfo_string8                  @ DW_AT_name
	.byte	1                               @ DW_AT_decl_file
	.byte	82                              @ DW_AT_decl_line
	.long	245                             @ DW_AT_type
	.byte	5                               @ Abbrev [5] 0x64:0xe DW_TAG_variable
	.byte	2                               @ DW_AT_location
	.byte	145
	.byte	48
	.long	.Linfo_string81                 @ DW_AT_name
	.byte	1                               @ DW_AT_decl_file
	.byte	83                              @ DW_AT_decl_line
	.long	1545                            @ DW_AT_type
	.byte	5                               @ Abbrev [5] 0x72:0xe DW_TAG_variable
	.byte	2                               @ DW_AT_location
	.byte	145
	.byte	44
	.long	.Linfo_string89                 @ DW_AT_name
	.byte	1                               @ DW_AT_decl_file
	.byte	84                              @ DW_AT_decl_line
	.long	1715                            @ DW_AT_type
	.byte	5                               @ Abbrev [5] 0x80:0xe DW_TAG_variable
	.byte	2                               @ DW_AT_location
	.byte	145
	.byte	40
	.long	.Linfo_string95                 @ DW_AT_name
	.byte	1                               @ DW_AT_decl_file
	.byte	85                              @ DW_AT_decl_line
	.long	1831                            @ DW_AT_type
	.byte	5                               @ Abbrev [5] 0x8e:0xe DW_TAG_variable
	.byte	2                               @ DW_AT_location
	.byte	145
	.byte	36
	.long	.Linfo_string99                 @ DW_AT_name
	.byte	1                               @ DW_AT_decl_file
	.byte	86                              @ DW_AT_decl_line
	.long	726                             @ DW_AT_type
	.byte	5                               @ Abbrev [5] 0x9c:0xe DW_TAG_variable
	.byte	2                               @ DW_AT_location
	.byte	145
	.byte	32
	.long	.Linfo_string100                @ DW_AT_name
	.byte	1                               @ DW_AT_decl_file
	.byte	87                              @ DW_AT_decl_line
	.long	726                             @ DW_AT_type
	.byte	5                               @ Abbrev [5] 0xaa:0xe DW_TAG_variable
	.byte	2                               @ DW_AT_location
	.byte	145
	.byte	28
	.long	.Linfo_string101                @ DW_AT_name
	.byte	1                               @ DW_AT_decl_file
	.byte	88                              @ DW_AT_decl_line
	.long	726                             @ DW_AT_type
	.byte	5                               @ Abbrev [5] 0xb8:0xe DW_TAG_variable
	.byte	2                               @ DW_AT_location
	.byte	145
	.byte	24
	.long	.Linfo_string102                @ DW_AT_name
	.byte	1                               @ DW_AT_decl_file
	.byte	89                              @ DW_AT_decl_line
	.long	726                             @ DW_AT_type
	.byte	5                               @ Abbrev [5] 0xc6:0xe DW_TAG_variable
	.byte	2                               @ DW_AT_location
	.byte	145
	.byte	20
	.long	.Linfo_string103                @ DW_AT_name
	.byte	1                               @ DW_AT_decl_file
	.byte	90                              @ DW_AT_decl_line
	.long	726                             @ DW_AT_type
	.byte	0                               @ End Of Children Mark
	.byte	6                               @ Abbrev [6] 0xd5:0x20 DW_TAG_subprogram
	.long	.Lfunc_begin1                   @ DW_AT_low_pc
	.long	.Lfunc_end1-.Lfunc_begin1       @ DW_AT_high_pc
	.byte	1                               @ DW_AT_frame_base
	.byte	93
                                        @ DW_AT_GNU_all_call_sites
	.long	.Linfo_string7                  @ DW_AT_name
	.byte	1                               @ DW_AT_decl_file
	.byte	64                              @ DW_AT_decl_line
                                        @ DW_AT_prototyped
	.byte	5                               @ Abbrev [5] 0xe6:0xe DW_TAG_variable
	.byte	2                               @ DW_AT_location
	.byte	145
	.byte	4
	.long	.Linfo_string104                @ DW_AT_name
	.byte	1                               @ DW_AT_decl_file
	.byte	65                              @ DW_AT_decl_line
	.long	1924                            @ DW_AT_type
	.byte	0                               @ End Of Children Mark
	.byte	7                               @ Abbrev [7] 0xf5:0x5 DW_TAG_pointer_type
	.long	250                             @ DW_AT_type
	.byte	7                               @ Abbrev [7] 0xfa:0x5 DW_TAG_pointer_type
	.long	255                             @ DW_AT_type
	.byte	8                               @ Abbrev [8] 0xff:0xc DW_TAG_typedef
	.long	267                             @ DW_AT_type
	.long	.Linfo_string80                 @ DW_AT_name
	.byte	2                               @ DW_AT_decl_file
	.short	1072                            @ DW_AT_decl_line
	.byte	9                               @ Abbrev [9] 0x10b:0x7b DW_TAG_structure_type
	.byte	36                              @ DW_AT_byte_size
	.byte	2                               @ DW_AT_decl_file
	.short	1062                            @ DW_AT_decl_line
	.byte	10                              @ Abbrev [10] 0x110:0xd DW_TAG_member
	.long	.Linfo_string9                  @ DW_AT_name
	.long	390                             @ DW_AT_type
	.byte	2                               @ DW_AT_decl_file
	.short	1063                            @ DW_AT_decl_line
	.byte	0                               @ DW_AT_data_member_location
	.byte	10                              @ Abbrev [10] 0x11d:0xd DW_TAG_member
	.long	.Linfo_string11                 @ DW_AT_name
	.long	397                             @ DW_AT_type
	.byte	2                               @ DW_AT_decl_file
	.short	1064                            @ DW_AT_decl_line
	.byte	4                               @ DW_AT_data_member_location
	.byte	10                              @ Abbrev [10] 0x12a:0xd DW_TAG_member
	.long	.Linfo_string35                 @ DW_AT_name
	.long	759                             @ DW_AT_type
	.byte	2                               @ DW_AT_decl_file
	.short	1065                            @ DW_AT_decl_line
	.byte	8                               @ DW_AT_data_member_location
	.byte	10                              @ Abbrev [10] 0x137:0xd DW_TAG_member
	.long	.Linfo_string37                 @ DW_AT_name
	.long	766                             @ DW_AT_type
	.byte	2                               @ DW_AT_decl_file
	.short	1066                            @ DW_AT_decl_line
	.byte	12                              @ DW_AT_data_member_location
	.byte	10                              @ Abbrev [10] 0x144:0xd DW_TAG_member
	.long	.Linfo_string45                 @ DW_AT_name
	.long	759                             @ DW_AT_type
	.byte	2                               @ DW_AT_decl_file
	.short	1067                            @ DW_AT_decl_line
	.byte	16                              @ DW_AT_data_member_location
	.byte	10                              @ Abbrev [10] 0x151:0xd DW_TAG_member
	.long	.Linfo_string46                 @ DW_AT_name
	.long	914                             @ DW_AT_type
	.byte	2                               @ DW_AT_decl_file
	.short	1068                            @ DW_AT_decl_line
	.byte	20                              @ DW_AT_data_member_location
	.byte	10                              @ Abbrev [10] 0x15e:0xd DW_TAG_member
	.long	.Linfo_string77                 @ DW_AT_name
	.long	759                             @ DW_AT_type
	.byte	2                               @ DW_AT_decl_file
	.short	1069                            @ DW_AT_decl_line
	.byte	24                              @ DW_AT_data_member_location
	.byte	10                              @ Abbrev [10] 0x16b:0xd DW_TAG_member
	.long	.Linfo_string78                 @ DW_AT_name
	.long	1521                            @ DW_AT_type
	.byte	2                               @ DW_AT_decl_file
	.short	1070                            @ DW_AT_decl_line
	.byte	28                              @ DW_AT_data_member_location
	.byte	10                              @ Abbrev [10] 0x178:0xd DW_TAG_member
	.long	.Linfo_string53                 @ DW_AT_name
	.long	511                             @ DW_AT_type
	.byte	2                               @ DW_AT_decl_file
	.short	1071                            @ DW_AT_decl_line
	.byte	32                              @ DW_AT_data_member_location
	.byte	0                               @ End Of Children Mark
	.byte	3                               @ Abbrev [3] 0x186:0x7 DW_TAG_base_type
	.long	.Linfo_string10                 @ DW_AT_name
	.byte	7                               @ DW_AT_encoding
	.byte	2                               @ DW_AT_byte_size
	.byte	7                               @ Abbrev [7] 0x18d:0x5 DW_TAG_pointer_type
	.long	402                             @ DW_AT_type
	.byte	8                               @ Abbrev [8] 0x192:0xc DW_TAG_typedef
	.long	414                             @ DW_AT_type
	.long	.Linfo_string34                 @ DW_AT_name
	.byte	2                               @ DW_AT_decl_file
	.short	914                             @ DW_AT_decl_line
	.byte	9                               @ Abbrev [9] 0x19e:0x47 DW_TAG_structure_type
	.byte	104                             @ DW_AT_byte_size
	.byte	2                               @ DW_AT_decl_file
	.short	908                             @ DW_AT_decl_line
	.byte	10                              @ Abbrev [10] 0x1a3:0xd DW_TAG_member
	.long	.Linfo_string12                 @ DW_AT_name
	.long	485                             @ DW_AT_type
	.byte	2                               @ DW_AT_decl_file
	.short	909                             @ DW_AT_decl_line
	.byte	0                               @ DW_AT_data_member_location
	.byte	10                              @ Abbrev [10] 0x1b0:0xd DW_TAG_member
	.long	.Linfo_string19                 @ DW_AT_name
	.long	726                             @ DW_AT_type
	.byte	2                               @ DW_AT_decl_file
	.short	910                             @ DW_AT_decl_line
	.byte	4                               @ DW_AT_data_member_location
	.byte	10                              @ Abbrev [10] 0x1bd:0xd DW_TAG_member
	.long	.Linfo_string31                 @ DW_AT_name
	.long	726                             @ DW_AT_type
	.byte	2                               @ DW_AT_decl_file
	.short	911                             @ DW_AT_decl_line
	.byte	8                               @ DW_AT_data_member_location
	.byte	10                              @ Abbrev [10] 0x1ca:0xd DW_TAG_member
	.long	.Linfo_string32                 @ DW_AT_name
	.long	535                             @ DW_AT_type
	.byte	2                               @ DW_AT_decl_file
	.short	912                             @ DW_AT_decl_line
	.byte	12                              @ DW_AT_data_member_location
	.byte	10                              @ Abbrev [10] 0x1d7:0xd DW_TAG_member
	.long	.Linfo_string33                 @ DW_AT_name
	.long	747                             @ DW_AT_type
	.byte	2                               @ DW_AT_decl_file
	.short	913                             @ DW_AT_decl_line
	.byte	100                             @ DW_AT_data_member_location
	.byte	0                               @ End Of Children Mark
	.byte	7                               @ Abbrev [7] 0x1e5:0x5 DW_TAG_pointer_type
	.long	490                             @ DW_AT_type
	.byte	11                              @ Abbrev [11] 0x1ea:0x15 DW_TAG_subroutine_type
	.long	511                             @ DW_AT_type
                                        @ DW_AT_prototyped
	.byte	12                              @ Abbrev [12] 0x1ef:0x5 DW_TAG_formal_parameter
	.long	530                             @ DW_AT_type
	.byte	12                              @ Abbrev [12] 0x1f4:0x5 DW_TAG_formal_parameter
	.long	511                             @ DW_AT_type
	.byte	12                              @ Abbrev [12] 0x1f9:0x5 DW_TAG_formal_parameter
	.long	726                             @ DW_AT_type
	.byte	0                               @ End Of Children Mark
	.byte	8                               @ Abbrev [8] 0x1ff:0xc DW_TAG_typedef
	.long	523                             @ DW_AT_type
	.long	.Linfo_string14                 @ DW_AT_name
	.byte	3                               @ DW_AT_decl_file
	.short	765                             @ DW_AT_decl_line
	.byte	3                               @ Abbrev [3] 0x20b:0x7 DW_TAG_base_type
	.long	.Linfo_string13                 @ DW_AT_name
	.byte	5                               @ DW_AT_encoding
	.byte	4                               @ DW_AT_byte_size
	.byte	7                               @ Abbrev [7] 0x212:0x5 DW_TAG_pointer_type
	.long	535                             @ DW_AT_type
	.byte	8                               @ Abbrev [8] 0x217:0xc DW_TAG_typedef
	.long	547                             @ DW_AT_type
	.long	.Linfo_string30                 @ DW_AT_name
	.byte	2                               @ DW_AT_decl_file
	.short	797                             @ DW_AT_decl_line
	.byte	9                               @ Abbrev [9] 0x223:0x61 DW_TAG_structure_type
	.byte	88                              @ DW_AT_byte_size
	.byte	2                               @ DW_AT_decl_file
	.short	789                             @ DW_AT_decl_line
	.byte	10                              @ Abbrev [10] 0x228:0xd DW_TAG_member
	.long	.Linfo_string15                 @ DW_AT_name
	.long	644                             @ DW_AT_type
	.byte	2                               @ DW_AT_decl_file
	.short	790                             @ DW_AT_decl_line
	.byte	0                               @ DW_AT_data_member_location
	.byte	10                              @ Abbrev [10] 0x235:0xd DW_TAG_member
	.long	.Linfo_string23                 @ DW_AT_name
	.long	726                             @ DW_AT_type
	.byte	2                               @ DW_AT_decl_file
	.short	791                             @ DW_AT_decl_line
	.byte	64                              @ DW_AT_data_member_location
	.byte	10                              @ Abbrev [10] 0x242:0xd DW_TAG_member
	.long	.Linfo_string24                 @ DW_AT_name
	.long	726                             @ DW_AT_type
	.byte	2                               @ DW_AT_decl_file
	.short	792                             @ DW_AT_decl_line
	.byte	68                              @ DW_AT_data_member_location
	.byte	10                              @ Abbrev [10] 0x24f:0xd DW_TAG_member
	.long	.Linfo_string25                 @ DW_AT_name
	.long	726                             @ DW_AT_type
	.byte	2                               @ DW_AT_decl_file
	.short	793                             @ DW_AT_decl_line
	.byte	72                              @ DW_AT_data_member_location
	.byte	10                              @ Abbrev [10] 0x25c:0xd DW_TAG_member
	.long	.Linfo_string26                 @ DW_AT_name
	.long	726                             @ DW_AT_type
	.byte	2                               @ DW_AT_decl_file
	.short	794                             @ DW_AT_decl_line
	.byte	76                              @ DW_AT_data_member_location
	.byte	10                              @ Abbrev [10] 0x269:0xd DW_TAG_member
	.long	.Linfo_string27                 @ DW_AT_name
	.long	50                              @ DW_AT_type
	.byte	2                               @ DW_AT_decl_file
	.short	795                             @ DW_AT_decl_line
	.byte	80                              @ DW_AT_data_member_location
	.byte	10                              @ Abbrev [10] 0x276:0xd DW_TAG_member
	.long	.Linfo_string28                 @ DW_AT_name
	.long	740                             @ DW_AT_type
	.byte	2                               @ DW_AT_decl_file
	.short	796                             @ DW_AT_decl_line
	.byte	84                              @ DW_AT_data_member_location
	.byte	0                               @ End Of Children Mark
	.byte	13                              @ Abbrev [13] 0x284:0xc DW_TAG_array_type
	.long	656                             @ DW_AT_type
	.byte	14                              @ Abbrev [14] 0x289:0x6 DW_TAG_subrange_type
	.long	733                             @ DW_AT_type
	.byte	4                               @ DW_AT_count
	.byte	0                               @ End Of Children Mark
	.byte	8                               @ Abbrev [8] 0x290:0xc DW_TAG_typedef
	.long	668                             @ DW_AT_type
	.long	.Linfo_string21                 @ DW_AT_name
	.byte	2                               @ DW_AT_decl_file
	.short	783                             @ DW_AT_decl_line
	.byte	9                               @ Abbrev [9] 0x29c:0x3a DW_TAG_structure_type
	.byte	16                              @ DW_AT_byte_size
	.byte	2                               @ DW_AT_decl_file
	.short	778                             @ DW_AT_decl_line
	.byte	10                              @ Abbrev [10] 0x2a1:0xd DW_TAG_member
	.long	.Linfo_string16                 @ DW_AT_name
	.long	726                             @ DW_AT_type
	.byte	2                               @ DW_AT_decl_file
	.short	779                             @ DW_AT_decl_line
	.byte	0                               @ DW_AT_data_member_location
	.byte	10                              @ Abbrev [10] 0x2ae:0xd DW_TAG_member
	.long	.Linfo_string18                 @ DW_AT_name
	.long	726                             @ DW_AT_type
	.byte	2                               @ DW_AT_decl_file
	.short	780                             @ DW_AT_decl_line
	.byte	4                               @ DW_AT_data_member_location
	.byte	10                              @ Abbrev [10] 0x2bb:0xd DW_TAG_member
	.long	.Linfo_string19                 @ DW_AT_name
	.long	726                             @ DW_AT_type
	.byte	2                               @ DW_AT_decl_file
	.short	781                             @ DW_AT_decl_line
	.byte	8                               @ DW_AT_data_member_location
	.byte	10                              @ Abbrev [10] 0x2c8:0xd DW_TAG_member
	.long	.Linfo_string20                 @ DW_AT_name
	.long	726                             @ DW_AT_type
	.byte	2                               @ DW_AT_decl_file
	.short	782                             @ DW_AT_decl_line
	.byte	12                              @ DW_AT_data_member_location
	.byte	0                               @ End Of Children Mark
	.byte	3                               @ Abbrev [3] 0x2d6:0x7 DW_TAG_base_type
	.long	.Linfo_string17                 @ DW_AT_name
	.byte	5                               @ DW_AT_encoding
	.byte	4                               @ DW_AT_byte_size
	.byte	15                              @ Abbrev [15] 0x2dd:0x7 DW_TAG_base_type
	.long	.Linfo_string22                 @ DW_AT_name
	.byte	8                               @ DW_AT_byte_size
	.byte	7                               @ DW_AT_encoding
	.byte	3                               @ Abbrev [3] 0x2e4:0x7 DW_TAG_base_type
	.long	.Linfo_string29                 @ DW_AT_name
	.byte	7                               @ DW_AT_encoding
	.byte	4                               @ DW_AT_byte_size
	.byte	13                              @ Abbrev [13] 0x2eb:0xc DW_TAG_array_type
	.long	390                             @ DW_AT_type
	.byte	14                              @ Abbrev [14] 0x2f0:0x6 DW_TAG_subrange_type
	.long	733                             @ DW_AT_type
	.byte	2                               @ DW_AT_count
	.byte	0                               @ End Of Children Mark
	.byte	3                               @ Abbrev [3] 0x2f7:0x7 DW_TAG_base_type
	.long	.Linfo_string36                 @ DW_AT_name
	.byte	7                               @ DW_AT_encoding
	.byte	4                               @ DW_AT_byte_size
	.byte	7                               @ Abbrev [7] 0x2fe:0x5 DW_TAG_pointer_type
	.long	771                             @ DW_AT_type
	.byte	16                              @ Abbrev [16] 0x303:0x5 DW_TAG_const_type
	.long	776                             @ DW_AT_type
	.byte	8                               @ Abbrev [8] 0x308:0xc DW_TAG_typedef
	.long	788                             @ DW_AT_type
	.long	.Linfo_string44                 @ DW_AT_name
	.byte	2                               @ DW_AT_decl_file
	.short	1001                            @ DW_AT_decl_line
	.byte	9                               @ Abbrev [9] 0x314:0x2d DW_TAG_structure_type
	.byte	80                              @ DW_AT_byte_size
	.byte	2                               @ DW_AT_decl_file
	.short	996                             @ DW_AT_decl_line
	.byte	10                              @ Abbrev [10] 0x319:0xd DW_TAG_member
	.long	.Linfo_string19                 @ DW_AT_name
	.long	726                             @ DW_AT_type
	.byte	2                               @ DW_AT_decl_file
	.short	997                             @ DW_AT_decl_line
	.byte	0                               @ DW_AT_data_member_location
	.byte	10                              @ Abbrev [10] 0x326:0xd DW_TAG_member
	.long	.Linfo_string38                 @ DW_AT_name
	.long	759                             @ DW_AT_type
	.byte	2                               @ DW_AT_decl_file
	.short	998                             @ DW_AT_decl_line
	.byte	4                               @ DW_AT_data_member_location
	.byte	10                              @ Abbrev [10] 0x333:0xd DW_TAG_member
	.long	.Linfo_string39                 @ DW_AT_name
	.long	833                             @ DW_AT_type
	.byte	2                               @ DW_AT_decl_file
	.short	999                             @ DW_AT_decl_line
	.byte	8                               @ DW_AT_data_member_location
	.byte	0                               @ End Of Children Mark
	.byte	13                              @ Abbrev [13] 0x341:0xc DW_TAG_array_type
	.long	845                             @ DW_AT_type
	.byte	14                              @ Abbrev [14] 0x346:0x6 DW_TAG_subrange_type
	.long	733                             @ DW_AT_type
	.byte	6                               @ DW_AT_count
	.byte	0                               @ End Of Children Mark
	.byte	8                               @ Abbrev [8] 0x34d:0xc DW_TAG_typedef
	.long	857                             @ DW_AT_type
	.long	.Linfo_string43                 @ DW_AT_name
	.byte	2                               @ DW_AT_decl_file
	.short	990                             @ DW_AT_decl_line
	.byte	9                               @ Abbrev [9] 0x359:0x2d DW_TAG_structure_type
	.byte	12                              @ DW_AT_byte_size
	.byte	2                               @ DW_AT_decl_file
	.short	986                             @ DW_AT_decl_line
	.byte	10                              @ Abbrev [10] 0x35e:0xd DW_TAG_member
	.long	.Linfo_string40                 @ DW_AT_name
	.long	740                             @ DW_AT_type
	.byte	2                               @ DW_AT_decl_file
	.short	987                             @ DW_AT_decl_line
	.byte	0                               @ DW_AT_data_member_location
	.byte	10                              @ Abbrev [10] 0x36b:0xd DW_TAG_member
	.long	.Linfo_string41                 @ DW_AT_name
	.long	902                             @ DW_AT_type
	.byte	2                               @ DW_AT_decl_file
	.short	988                             @ DW_AT_decl_line
	.byte	4                               @ DW_AT_data_member_location
	.byte	10                              @ Abbrev [10] 0x378:0xd DW_TAG_member
	.long	.Linfo_string42                 @ DW_AT_name
	.long	908                             @ DW_AT_type
	.byte	2                               @ DW_AT_decl_file
	.short	989                             @ DW_AT_decl_line
	.byte	8                               @ DW_AT_data_member_location
	.byte	0                               @ End Of Children Mark
	.byte	7                               @ Abbrev [7] 0x386:0x5 DW_TAG_pointer_type
	.long	907                             @ DW_AT_type
	.byte	17                              @ Abbrev [17] 0x38b:0x1 DW_TAG_const_type
	.byte	7                               @ Abbrev [7] 0x38c:0x5 DW_TAG_pointer_type
	.long	913                             @ DW_AT_type
	.byte	18                              @ Abbrev [18] 0x391:0x1 DW_TAG_subroutine_type
                                        @ DW_AT_prototyped
	.byte	7                               @ Abbrev [7] 0x392:0x5 DW_TAG_pointer_type
	.long	919                             @ DW_AT_type
	.byte	16                              @ Abbrev [16] 0x397:0x5 DW_TAG_const_type
	.long	924                             @ DW_AT_type
	.byte	8                               @ Abbrev [8] 0x39c:0xc DW_TAG_typedef
	.long	936                             @ DW_AT_type
	.long	.Linfo_string76                 @ DW_AT_name
	.byte	2                               @ DW_AT_decl_file
	.short	1011                            @ DW_AT_decl_line
	.byte	19                              @ Abbrev [19] 0x3a8:0x72 DW_TAG_structure_type
	.long	.Linfo_string76                 @ DW_AT_name
	.byte	100                             @ DW_AT_byte_size
	.byte	2                               @ DW_AT_decl_file
	.short	1013                            @ DW_AT_decl_line
	.byte	10                              @ Abbrev [10] 0x3b1:0xd DW_TAG_member
	.long	.Linfo_string47                 @ DW_AT_name
	.long	726                             @ DW_AT_type
	.byte	2                               @ DW_AT_decl_file
	.short	1014                            @ DW_AT_decl_line
	.byte	0                               @ DW_AT_data_member_location
	.byte	10                              @ Abbrev [10] 0x3be:0xd DW_TAG_member
	.long	.Linfo_string48                 @ DW_AT_name
	.long	726                             @ DW_AT_type
	.byte	2                               @ DW_AT_decl_file
	.short	1015                            @ DW_AT_decl_line
	.byte	4                               @ DW_AT_data_member_location
	.byte	10                              @ Abbrev [10] 0x3cb:0xd DW_TAG_member
	.long	.Linfo_string49                 @ DW_AT_name
	.long	726                             @ DW_AT_type
	.byte	2                               @ DW_AT_decl_file
	.short	1016                            @ DW_AT_decl_line
	.byte	8                               @ DW_AT_data_member_location
	.byte	10                              @ Abbrev [10] 0x3d8:0xd DW_TAG_member
	.long	.Linfo_string50                 @ DW_AT_name
	.long	726                             @ DW_AT_type
	.byte	2                               @ DW_AT_decl_file
	.short	1017                            @ DW_AT_decl_line
	.byte	12                              @ DW_AT_data_member_location
	.byte	10                              @ Abbrev [10] 0x3e5:0xd DW_TAG_member
	.long	.Linfo_string51                 @ DW_AT_name
	.long	1050                            @ DW_AT_type
	.byte	2                               @ DW_AT_decl_file
	.short	1018                            @ DW_AT_decl_line
	.byte	16                              @ DW_AT_data_member_location
	.byte	10                              @ Abbrev [10] 0x3f2:0xd DW_TAG_member
	.long	.Linfo_string39                 @ DW_AT_name
	.long	833                             @ DW_AT_type
	.byte	2                               @ DW_AT_decl_file
	.short	1022                            @ DW_AT_decl_line
	.byte	20                              @ DW_AT_data_member_location
	.byte	10                              @ Abbrev [10] 0x3ff:0xd DW_TAG_member
	.long	.Linfo_string28                 @ DW_AT_name
	.long	740                             @ DW_AT_type
	.byte	2                               @ DW_AT_decl_file
	.short	1023                            @ DW_AT_decl_line
	.byte	92                              @ DW_AT_data_member_location
	.byte	10                              @ Abbrev [10] 0x40c:0xd DW_TAG_member
	.long	.Linfo_string62                 @ DW_AT_name
	.long	1273                            @ DW_AT_type
	.byte	2                               @ DW_AT_decl_file
	.short	1025                            @ DW_AT_decl_line
	.byte	96                              @ DW_AT_data_member_location
	.byte	0                               @ End Of Children Mark
	.byte	7                               @ Abbrev [7] 0x41a:0x5 DW_TAG_pointer_type
	.long	1055                            @ DW_AT_type
	.byte	20                              @ Abbrev [20] 0x41f:0x16 DW_TAG_subroutine_type
                                        @ DW_AT_prototyped
	.byte	12                              @ Abbrev [12] 0x420:0x5 DW_TAG_formal_parameter
	.long	1077                            @ DW_AT_type
	.byte	12                              @ Abbrev [12] 0x425:0x5 DW_TAG_formal_parameter
	.long	511                             @ DW_AT_type
	.byte	12                              @ Abbrev [12] 0x42a:0x5 DW_TAG_formal_parameter
	.long	1082                            @ DW_AT_type
	.byte	12                              @ Abbrev [12] 0x42f:0x5 DW_TAG_formal_parameter
	.long	1268                            @ DW_AT_type
	.byte	0                               @ End Of Children Mark
	.byte	7                               @ Abbrev [7] 0x435:0x5 DW_TAG_pointer_type
	.long	924                             @ DW_AT_type
	.byte	7                               @ Abbrev [7] 0x43a:0x5 DW_TAG_pointer_type
	.long	1087                            @ DW_AT_type
	.byte	8                               @ Abbrev [8] 0x43f:0xc DW_TAG_typedef
	.long	1099                            @ DW_AT_type
	.long	.Linfo_string61                 @ DW_AT_name
	.byte	4                               @ DW_AT_decl_file
	.short	570                             @ DW_AT_decl_line
	.byte	19                              @ Abbrev [19] 0x44b:0x92 DW_TAG_structure_type
	.long	.Linfo_string61                 @ DW_AT_name
	.byte	16                              @ DW_AT_byte_size
	.byte	4                               @ DW_AT_decl_file
	.short	581                             @ DW_AT_decl_line
	.byte	10                              @ Abbrev [10] 0x454:0xd DW_TAG_member
	.long	.Linfo_string52                 @ DW_AT_name
	.long	726                             @ DW_AT_type
	.byte	4                               @ DW_AT_decl_file
	.short	582                             @ DW_AT_decl_line
	.byte	0                               @ DW_AT_data_member_location
	.byte	10                              @ Abbrev [10] 0x461:0xd DW_TAG_member
	.long	.Linfo_string53                 @ DW_AT_name
	.long	511                             @ DW_AT_type
	.byte	4                               @ DW_AT_decl_file
	.short	583                             @ DW_AT_decl_line
	.byte	4                               @ DW_AT_data_member_location
	.byte	10                              @ Abbrev [10] 0x46e:0xd DW_TAG_member
	.long	.Linfo_string54                 @ DW_AT_name
	.long	511                             @ DW_AT_type
	.byte	4                               @ DW_AT_decl_file
	.short	584                             @ DW_AT_decl_line
	.byte	8                               @ DW_AT_data_member_location
	.byte	10                              @ Abbrev [10] 0x47b:0xd DW_TAG_member
	.long	.Linfo_string55                 @ DW_AT_name
	.long	1160                            @ DW_AT_type
	.byte	4                               @ DW_AT_decl_file
	.short	592                             @ DW_AT_decl_line
	.byte	12                              @ DW_AT_data_member_location
	.byte	21                              @ Abbrev [21] 0x488:0x54 DW_TAG_union_type
	.byte	4                               @ DW_AT_byte_size
	.byte	4                               @ DW_AT_decl_file
	.short	585                             @ DW_AT_decl_line
	.byte	10                              @ Abbrev [10] 0x48d:0xd DW_TAG_member
	.long	.Linfo_string41                 @ DW_AT_name
	.long	902                             @ DW_AT_type
	.byte	4                               @ DW_AT_decl_file
	.short	586                             @ DW_AT_decl_line
	.byte	0                               @ DW_AT_data_member_location
	.byte	10                              @ Abbrev [10] 0x49a:0xd DW_TAG_member
	.long	.Linfo_string56                 @ DW_AT_name
	.long	1245                            @ DW_AT_type
	.byte	4                               @ DW_AT_decl_file
	.short	587                             @ DW_AT_decl_line
	.byte	0                               @ DW_AT_data_member_location
	.byte	10                              @ Abbrev [10] 0x4a7:0xd DW_TAG_member
	.long	.Linfo_string40                 @ DW_AT_name
	.long	726                             @ DW_AT_type
	.byte	4                               @ DW_AT_decl_file
	.short	588                             @ DW_AT_decl_line
	.byte	0                               @ DW_AT_data_member_location
	.byte	10                              @ Abbrev [10] 0x4b4:0xd DW_TAG_member
	.long	.Linfo_string57                 @ DW_AT_name
	.long	740                             @ DW_AT_type
	.byte	4                               @ DW_AT_decl_file
	.short	589                             @ DW_AT_decl_line
	.byte	0                               @ DW_AT_data_member_location
	.byte	10                              @ Abbrev [10] 0x4c1:0xd DW_TAG_member
	.long	.Linfo_string58                 @ DW_AT_name
	.long	1246                            @ DW_AT_type
	.byte	4                               @ DW_AT_decl_file
	.short	590                             @ DW_AT_decl_line
	.byte	0                               @ DW_AT_data_member_location
	.byte	10                              @ Abbrev [10] 0x4ce:0xd DW_TAG_member
	.long	.Linfo_string42                 @ DW_AT_name
	.long	908                             @ DW_AT_type
	.byte	4                               @ DW_AT_decl_file
	.short	591                             @ DW_AT_decl_line
	.byte	0                               @ DW_AT_data_member_location
	.byte	0                               @ End Of Children Mark
	.byte	0                               @ End Of Children Mark
	.byte	22                              @ Abbrev [22] 0x4dd:0x1 DW_TAG_pointer_type
	.byte	23                              @ Abbrev [23] 0x4de:0xb DW_TAG_typedef
	.long	1257                            @ DW_AT_type
	.long	.Linfo_string60                 @ DW_AT_name
	.byte	3                               @ DW_AT_decl_file
	.byte	61                              @ DW_AT_decl_line
	.byte	23                              @ Abbrev [23] 0x4e9:0xb DW_TAG_typedef
	.long	740                             @ DW_AT_type
	.long	.Linfo_string59                 @ DW_AT_name
	.byte	5                               @ DW_AT_decl_file
	.byte	106                             @ DW_AT_decl_line
	.byte	7                               @ Abbrev [7] 0x4f4:0x5 DW_TAG_pointer_type
	.long	726                             @ DW_AT_type
	.byte	7                               @ Abbrev [7] 0x4f9:0x5 DW_TAG_pointer_type
	.long	1278                            @ DW_AT_type
	.byte	16                              @ Abbrev [16] 0x4fe:0x5 DW_TAG_const_type
	.long	1283                            @ DW_AT_type
	.byte	8                               @ Abbrev [8] 0x503:0xc DW_TAG_typedef
	.long	1295                            @ DW_AT_type
	.long	.Linfo_string75                 @ DW_AT_name
	.byte	2                               @ DW_AT_decl_file
	.short	965                             @ DW_AT_decl_line
	.byte	9                               @ Abbrev [9] 0x50f:0x2d DW_TAG_structure_type
	.byte	12                              @ DW_AT_byte_size
	.byte	2                               @ DW_AT_decl_file
	.short	961                             @ DW_AT_decl_line
	.byte	10                              @ Abbrev [10] 0x514:0xd DW_TAG_member
	.long	.Linfo_string63                 @ DW_AT_name
	.long	1340                            @ DW_AT_type
	.byte	2                               @ DW_AT_decl_file
	.short	962                             @ DW_AT_decl_line
	.byte	0                               @ DW_AT_data_member_location
	.byte	10                              @ Abbrev [10] 0x521:0xd DW_TAG_member
	.long	.Linfo_string65                 @ DW_AT_name
	.long	1357                            @ DW_AT_type
	.byte	2                               @ DW_AT_decl_file
	.short	963                             @ DW_AT_decl_line
	.byte	4                               @ DW_AT_data_member_location
	.byte	10                              @ Abbrev [10] 0x52e:0xd DW_TAG_member
	.long	.Linfo_string74                 @ DW_AT_name
	.long	759                             @ DW_AT_type
	.byte	2                               @ DW_AT_decl_file
	.short	964                             @ DW_AT_decl_line
	.byte	8                               @ DW_AT_data_member_location
	.byte	0                               @ End Of Children Mark
	.byte	7                               @ Abbrev [7] 0x53c:0x5 DW_TAG_pointer_type
	.long	1345                            @ DW_AT_type
	.byte	16                              @ Abbrev [16] 0x541:0x5 DW_TAG_const_type
	.long	1350                            @ DW_AT_type
	.byte	3                               @ Abbrev [3] 0x546:0x7 DW_TAG_base_type
	.long	.Linfo_string64                 @ DW_AT_name
	.byte	8                               @ DW_AT_encoding
	.byte	1                               @ DW_AT_byte_size
	.byte	7                               @ Abbrev [7] 0x54d:0x5 DW_TAG_pointer_type
	.long	1362                            @ DW_AT_type
	.byte	16                              @ Abbrev [16] 0x552:0x5 DW_TAG_const_type
	.long	1367                            @ DW_AT_type
	.byte	8                               @ Abbrev [8] 0x557:0xc DW_TAG_typedef
	.long	1379                            @ DW_AT_type
	.long	.Linfo_string73                 @ DW_AT_name
	.byte	2                               @ DW_AT_decl_file
	.short	951                             @ DW_AT_decl_line
	.byte	9                               @ Abbrev [9] 0x563:0x20 DW_TAG_structure_type
	.byte	20                              @ DW_AT_byte_size
	.byte	2                               @ DW_AT_decl_file
	.short	948                             @ DW_AT_decl_line
	.byte	10                              @ Abbrev [10] 0x568:0xd DW_TAG_member
	.long	.Linfo_string66                 @ DW_AT_name
	.long	1411                            @ DW_AT_type
	.byte	2                               @ DW_AT_decl_file
	.short	949                             @ DW_AT_decl_line
	.byte	0                               @ DW_AT_data_member_location
	.byte	10                              @ Abbrev [10] 0x575:0xd DW_TAG_member
	.long	.Linfo_string42                 @ DW_AT_name
	.long	1500                            @ DW_AT_type
	.byte	2                               @ DW_AT_decl_file
	.short	950                             @ DW_AT_decl_line
	.byte	16                              @ DW_AT_data_member_location
	.byte	0                               @ End Of Children Mark
	.byte	13                              @ Abbrev [13] 0x583:0xc DW_TAG_array_type
	.long	1423                            @ DW_AT_type
	.byte	14                              @ Abbrev [14] 0x588:0x6 DW_TAG_subrange_type
	.long	733                             @ DW_AT_type
	.byte	2                               @ DW_AT_count
	.byte	0                               @ End Of Children Mark
	.byte	8                               @ Abbrev [8] 0x58f:0xc DW_TAG_typedef
	.long	1435                            @ DW_AT_type
	.long	.Linfo_string72                 @ DW_AT_name
	.byte	2                               @ DW_AT_decl_file
	.short	857                             @ DW_AT_decl_line
	.byte	9                               @ Abbrev [9] 0x59b:0x3a DW_TAG_structure_type
	.byte	8                               @ DW_AT_byte_size
	.byte	2                               @ DW_AT_decl_file
	.short	851                             @ DW_AT_decl_line
	.byte	10                              @ Abbrev [10] 0x5a0:0xd DW_TAG_member
	.long	.Linfo_string67                 @ DW_AT_name
	.long	740                             @ DW_AT_type
	.byte	2                               @ DW_AT_decl_file
	.short	852                             @ DW_AT_decl_line
	.byte	0                               @ DW_AT_data_member_location
	.byte	10                              @ Abbrev [10] 0x5ad:0xd DW_TAG_member
	.long	.Linfo_string68                 @ DW_AT_name
	.long	1493                            @ DW_AT_type
	.byte	2                               @ DW_AT_decl_file
	.short	854                             @ DW_AT_decl_line
	.byte	4                               @ DW_AT_data_member_location
	.byte	10                              @ Abbrev [10] 0x5ba:0xd DW_TAG_member
	.long	.Linfo_string70                 @ DW_AT_name
	.long	50                              @ DW_AT_type
	.byte	2                               @ DW_AT_decl_file
	.short	855                             @ DW_AT_decl_line
	.byte	6                               @ DW_AT_data_member_location
	.byte	10                              @ Abbrev [10] 0x5c7:0xd DW_TAG_member
	.long	.Linfo_string71                 @ DW_AT_name
	.long	50                              @ DW_AT_type
	.byte	2                               @ DW_AT_decl_file
	.short	856                             @ DW_AT_decl_line
	.byte	7                               @ DW_AT_data_member_location
	.byte	0                               @ End Of Children Mark
	.byte	3                               @ Abbrev [3] 0x5d5:0x7 DW_TAG_base_type
	.long	.Linfo_string69                 @ DW_AT_name
	.byte	5                               @ DW_AT_encoding
	.byte	2                               @ DW_AT_byte_size
	.byte	7                               @ Abbrev [7] 0x5dc:0x5 DW_TAG_pointer_type
	.long	1505                            @ DW_AT_type
	.byte	11                              @ Abbrev [11] 0x5e1:0x10 DW_TAG_subroutine_type
	.long	726                             @ DW_AT_type
                                        @ DW_AT_prototyped
	.byte	12                              @ Abbrev [12] 0x5e6:0x5 DW_TAG_formal_parameter
	.long	523                             @ DW_AT_type
	.byte	12                              @ Abbrev [12] 0x5eb:0x5 DW_TAG_formal_parameter
	.long	523                             @ DW_AT_type
	.byte	0                               @ End Of Children Mark
	.byte	7                               @ Abbrev [7] 0x5f1:0x5 DW_TAG_pointer_type
	.long	1526                            @ DW_AT_type
	.byte	8                               @ Abbrev [8] 0x5f6:0xc DW_TAG_typedef
	.long	1538                            @ DW_AT_type
	.long	.Linfo_string79                 @ DW_AT_name
	.byte	4                               @ DW_AT_decl_file
	.short	572                             @ DW_AT_decl_line
	.byte	20                              @ Abbrev [20] 0x602:0x7 DW_TAG_subroutine_type
                                        @ DW_AT_prototyped
	.byte	12                              @ Abbrev [12] 0x603:0x5 DW_TAG_formal_parameter
	.long	1082                            @ DW_AT_type
	.byte	0                               @ End Of Children Mark
	.byte	7                               @ Abbrev [7] 0x609:0x5 DW_TAG_pointer_type
	.long	1550                            @ DW_AT_type
	.byte	8                               @ Abbrev [8] 0x60e:0xc DW_TAG_typedef
	.long	1562                            @ DW_AT_type
	.long	.Linfo_string88                 @ DW_AT_name
	.byte	2                               @ DW_AT_decl_file
	.short	1110                            @ DW_AT_decl_line
	.byte	9                               @ Abbrev [9] 0x61a:0x3a DW_TAG_structure_type
	.byte	12                              @ DW_AT_byte_size
	.byte	2                               @ DW_AT_decl_file
	.short	1105                            @ DW_AT_decl_line
	.byte	10                              @ Abbrev [10] 0x61f:0xd DW_TAG_member
	.long	.Linfo_string19                 @ DW_AT_name
	.long	390                             @ DW_AT_type
	.byte	2                               @ DW_AT_decl_file
	.short	1106                            @ DW_AT_decl_line
	.byte	0                               @ DW_AT_data_member_location
	.byte	10                              @ Abbrev [10] 0x62c:0xd DW_TAG_member
	.long	.Linfo_string82                 @ DW_AT_name
	.long	50                              @ DW_AT_type
	.byte	2                               @ DW_AT_decl_file
	.short	1107                            @ DW_AT_decl_line
	.byte	2                               @ DW_AT_data_member_location
	.byte	10                              @ Abbrev [10] 0x639:0xd DW_TAG_member
	.long	.Linfo_string55                 @ DW_AT_name
	.long	740                             @ DW_AT_type
	.byte	2                               @ DW_AT_decl_file
	.short	1108                            @ DW_AT_decl_line
	.byte	4                               @ DW_AT_data_member_location
	.byte	10                              @ Abbrev [10] 0x646:0xd DW_TAG_member
	.long	.Linfo_string83                 @ DW_AT_name
	.long	1620                            @ DW_AT_type
	.byte	2                               @ DW_AT_decl_file
	.short	1109                            @ DW_AT_decl_line
	.byte	8                               @ DW_AT_data_member_location
	.byte	0                               @ End Of Children Mark
	.byte	7                               @ Abbrev [7] 0x654:0x5 DW_TAG_pointer_type
	.long	1625                            @ DW_AT_type
	.byte	16                              @ Abbrev [16] 0x659:0x5 DW_TAG_const_type
	.long	1630                            @ DW_AT_type
	.byte	8                               @ Abbrev [8] 0x65e:0xc DW_TAG_typedef
	.long	1642                            @ DW_AT_type
	.long	.Linfo_string87                 @ DW_AT_name
	.byte	2                               @ DW_AT_decl_file
	.short	980                             @ DW_AT_decl_line
	.byte	9                               @ Abbrev [9] 0x66a:0x3a DW_TAG_structure_type
	.byte	16                              @ DW_AT_byte_size
	.byte	2                               @ DW_AT_decl_file
	.short	975                             @ DW_AT_decl_line
	.byte	10                              @ Abbrev [10] 0x66f:0xd DW_TAG_member
	.long	.Linfo_string63                 @ DW_AT_name
	.long	1340                            @ DW_AT_type
	.byte	2                               @ DW_AT_decl_file
	.short	976                             @ DW_AT_decl_line
	.byte	0                               @ DW_AT_data_member_location
	.byte	10                              @ Abbrev [10] 0x67c:0xd DW_TAG_member
	.long	.Linfo_string84                 @ DW_AT_name
	.long	759                             @ DW_AT_type
	.byte	2                               @ DW_AT_decl_file
	.short	977                             @ DW_AT_decl_line
	.byte	4                               @ DW_AT_data_member_location
	.byte	10                              @ Abbrev [10] 0x689:0xd DW_TAG_member
	.long	.Linfo_string85                 @ DW_AT_name
	.long	1700                            @ DW_AT_type
	.byte	2                               @ DW_AT_decl_file
	.short	978                             @ DW_AT_decl_line
	.byte	8                               @ DW_AT_data_member_location
	.byte	10                              @ Abbrev [10] 0x696:0xd DW_TAG_member
	.long	.Linfo_string86                 @ DW_AT_name
	.long	1710                            @ DW_AT_type
	.byte	2                               @ DW_AT_decl_file
	.short	979                             @ DW_AT_decl_line
	.byte	12                              @ DW_AT_data_member_location
	.byte	0                               @ End Of Children Mark
	.byte	7                               @ Abbrev [7] 0x6a4:0x5 DW_TAG_pointer_type
	.long	1705                            @ DW_AT_type
	.byte	16                              @ Abbrev [16] 0x6a9:0x5 DW_TAG_const_type
	.long	1423                            @ DW_AT_type
	.byte	7                               @ Abbrev [7] 0x6ae:0x5 DW_TAG_pointer_type
	.long	523                             @ DW_AT_type
	.byte	7                               @ Abbrev [7] 0x6b3:0x5 DW_TAG_pointer_type
	.long	1720                            @ DW_AT_type
	.byte	16                              @ Abbrev [16] 0x6b8:0x5 DW_TAG_const_type
	.long	1725                            @ DW_AT_type
	.byte	8                               @ Abbrev [8] 0x6bd:0xc DW_TAG_typedef
	.long	1737                            @ DW_AT_type
	.long	.Linfo_string94                 @ DW_AT_name
	.byte	2                               @ DW_AT_decl_file
	.short	1316                            @ DW_AT_decl_line
	.byte	9                               @ Abbrev [9] 0x6c9:0x3a DW_TAG_structure_type
	.byte	28                              @ DW_AT_byte_size
	.byte	2                               @ DW_AT_decl_file
	.short	1311                            @ DW_AT_decl_line
	.byte	10                              @ Abbrev [10] 0x6ce:0xd DW_TAG_member
	.long	.Linfo_string90                 @ DW_AT_name
	.long	1795                            @ DW_AT_type
	.byte	2                               @ DW_AT_decl_file
	.short	1312                            @ DW_AT_decl_line
	.byte	0                               @ DW_AT_data_member_location
	.byte	10                              @ Abbrev [10] 0x6db:0xd DW_TAG_member
	.long	.Linfo_string91                 @ DW_AT_name
	.long	1807                            @ DW_AT_type
	.byte	2                               @ DW_AT_decl_file
	.short	1313                            @ DW_AT_decl_line
	.byte	8                               @ DW_AT_data_member_location
	.byte	10                              @ Abbrev [10] 0x6e8:0xd DW_TAG_member
	.long	.Linfo_string92                 @ DW_AT_name
	.long	1819                            @ DW_AT_type
	.byte	2                               @ DW_AT_decl_file
	.short	1314                            @ DW_AT_decl_line
	.byte	14                              @ DW_AT_data_member_location
	.byte	10                              @ Abbrev [10] 0x6f5:0xd DW_TAG_member
	.long	.Linfo_string93                 @ DW_AT_name
	.long	50                              @ DW_AT_type
	.byte	2                               @ DW_AT_decl_file
	.short	1315                            @ DW_AT_decl_line
	.byte	24                              @ DW_AT_data_member_location
	.byte	0                               @ End Of Children Mark
	.byte	13                              @ Abbrev [13] 0x703:0xc DW_TAG_array_type
	.long	1246                            @ DW_AT_type
	.byte	14                              @ Abbrev [14] 0x708:0x6 DW_TAG_subrange_type
	.long	733                             @ DW_AT_type
	.byte	2                               @ DW_AT_count
	.byte	0                               @ End Of Children Mark
	.byte	13                              @ Abbrev [13] 0x70f:0xc DW_TAG_array_type
	.long	390                             @ DW_AT_type
	.byte	14                              @ Abbrev [14] 0x714:0x6 DW_TAG_subrange_type
	.long	733                             @ DW_AT_type
	.byte	3                               @ DW_AT_count
	.byte	0                               @ End Of Children Mark
	.byte	13                              @ Abbrev [13] 0x71b:0xc DW_TAG_array_type
	.long	1493                            @ DW_AT_type
	.byte	14                              @ Abbrev [14] 0x720:0x6 DW_TAG_subrange_type
	.long	733                             @ DW_AT_type
	.byte	5                               @ DW_AT_count
	.byte	0                               @ End Of Children Mark
	.byte	7                               @ Abbrev [7] 0x727:0x5 DW_TAG_pointer_type
	.long	1836                            @ DW_AT_type
	.byte	7                               @ Abbrev [7] 0x72c:0x5 DW_TAG_pointer_type
	.long	1841                            @ DW_AT_type
	.byte	8                               @ Abbrev [8] 0x731:0xc DW_TAG_typedef
	.long	1853                            @ DW_AT_type
	.long	.Linfo_string98                 @ DW_AT_name
	.byte	2                               @ DW_AT_decl_file
	.short	1246                            @ DW_AT_decl_line
	.byte	19                              @ Abbrev [19] 0x73d:0x31 DW_TAG_structure_type
	.long	.Linfo_string98                 @ DW_AT_name
	.byte	16                              @ DW_AT_byte_size
	.byte	2                               @ DW_AT_decl_file
	.short	1248                            @ DW_AT_decl_line
	.byte	10                              @ Abbrev [10] 0x746:0xd DW_TAG_member
	.long	.Linfo_string96                 @ DW_AT_name
	.long	390                             @ DW_AT_type
	.byte	2                               @ DW_AT_decl_file
	.short	1249                            @ DW_AT_decl_line
	.byte	0                               @ DW_AT_data_member_location
	.byte	10                              @ Abbrev [10] 0x753:0xd DW_TAG_member
	.long	.Linfo_string97                 @ DW_AT_name
	.long	1902                            @ DW_AT_type
	.byte	2                               @ DW_AT_decl_file
	.short	1250                            @ DW_AT_decl_line
	.byte	4                               @ DW_AT_data_member_location
	.byte	10                              @ Abbrev [10] 0x760:0xd DW_TAG_member
	.long	.Linfo_string66                 @ DW_AT_name
	.long	1912                            @ DW_AT_type
	.byte	2                               @ DW_AT_decl_file
	.short	1251                            @ DW_AT_decl_line
	.byte	8                               @ DW_AT_data_member_location
	.byte	0                               @ End Of Children Mark
	.byte	7                               @ Abbrev [7] 0x76e:0x5 DW_TAG_pointer_type
	.long	1907                            @ DW_AT_type
	.byte	16                              @ Abbrev [16] 0x773:0x5 DW_TAG_const_type
	.long	1841                            @ DW_AT_type
	.byte	13                              @ Abbrev [13] 0x778:0xc DW_TAG_array_type
	.long	1423                            @ DW_AT_type
	.byte	14                              @ Abbrev [14] 0x77d:0x6 DW_TAG_subrange_type
	.long	733                             @ DW_AT_type
	.byte	1                               @ DW_AT_count
	.byte	0                               @ End Of Children Mark
	.byte	7                               @ Abbrev [7] 0x784:0x5 DW_TAG_pointer_type
	.long	1929                            @ DW_AT_type
	.byte	16                              @ Abbrev [16] 0x789:0x5 DW_TAG_const_type
	.long	1934                            @ DW_AT_type
	.byte	8                               @ Abbrev [8] 0x78e:0xc DW_TAG_typedef
	.long	1946                            @ DW_AT_type
	.long	.Linfo_string107                @ DW_AT_name
	.byte	2                               @ DW_AT_decl_file
	.short	806                             @ DW_AT_decl_line
	.byte	9                               @ Abbrev [9] 0x79a:0x20 DW_TAG_structure_type
	.byte	8                               @ DW_AT_byte_size
	.byte	2                               @ DW_AT_decl_file
	.short	803                             @ DW_AT_decl_line
	.byte	10                              @ Abbrev [10] 0x79f:0xd DW_TAG_member
	.long	.Linfo_string105                @ DW_AT_name
	.long	1978                            @ DW_AT_type
	.byte	2                               @ DW_AT_decl_file
	.short	804                             @ DW_AT_decl_line
	.byte	0                               @ DW_AT_data_member_location
	.byte	10                              @ Abbrev [10] 0x7ac:0xd DW_TAG_member
	.long	.Linfo_string106                @ DW_AT_name
	.long	726                             @ DW_AT_type
	.byte	2                               @ DW_AT_decl_file
	.short	805                             @ DW_AT_decl_line
	.byte	4                               @ DW_AT_data_member_location
	.byte	0                               @ End Of Children Mark
	.byte	7                               @ Abbrev [7] 0x7ba:0x5 DW_TAG_pointer_type
	.long	1340                            @ DW_AT_type
	.byte	0                               @ End Of Children Mark
.Ldebug_info_end0:
	.section	.debug_ranges,"",%progbits
.Ldebug_ranges0:
	.long	.Lfunc_begin0
	.long	.Lfunc_end0
	.long	.Lfunc_begin1
	.long	.Lfunc_end1
	.long	0
	.long	0
	.section	.debug_str,"MS",%progbits,1
.Linfo_string0:
	.asciz	"Component: Arm Compiler for Embedded 6.22 Tool: armclang [5ee92100]" @ string offset=0
.Linfo_string1:
	.asciz	"Application/Source/Generated\\APPWConf.c" @ string offset=68
.Linfo_string2:
	.asciz	"C:\\Users\\dinhl\\Music\\ASSIGNMENT3_GROUP_SE\\ASSIGNMENT3_Excercise2" @ string offset=108
.Linfo_string3:
	.asciz	"_MultibufEnable"               @ string offset=173
.Linfo_string4:
	.asciz	"unsigned char"                 @ string offset=189
.Linfo_string5:
	.asciz	"_ShowMissingCharacters"        @ string offset=203
.Linfo_string6:
	.asciz	"APPW_X_Setup"                  @ string offset=226
.Linfo_string7:
	.asciz	"_InitText"                     @ string offset=239
.Linfo_string8:
	.asciz	"ppRootInfo"                    @ string offset=249
.Linfo_string9:
	.asciz	"RootId"                        @ string offset=260
.Linfo_string10:
	.asciz	"unsigned short"                @ string offset=267
.Linfo_string11:
	.asciz	"pCreateInfo"                   @ string offset=282
.Linfo_string12:
	.asciz	"pfCreate"                      @ string offset=294
.Linfo_string13:
	.asciz	"long"                          @ string offset=303
.Linfo_string14:
	.asciz	"GUI_HWIN"                      @ string offset=308
.Linfo_string15:
	.asciz	"aDisposeCoord"                 @ string offset=317
.Linfo_string16:
	.asciz	"Mode"                          @ string offset=331
.Linfo_string17:
	.asciz	"int"                           @ string offset=336
.Linfo_string18:
	.asciz	"Off"                           @ string offset=340
.Linfo_string19:
	.asciz	"Id"                            @ string offset=344
.Linfo_string20:
	.asciz	"Valid"                         @ string offset=347
.Linfo_string21:
	.asciz	"APPW_DISPOSE_COORD"            @ string offset=353
.Linfo_string22:
	.asciz	"__ARRAY_SIZE_TYPE__"           @ string offset=372
.Linfo_string23:
	.asciz	"xSize"                         @ string offset=392
.Linfo_string24:
	.asciz	"ySize"                         @ string offset=398
.Linfo_string25:
	.asciz	"xSizeMin"                      @ string offset=404
.Linfo_string26:
	.asciz	"ySizeMin"                      @ string offset=413
.Linfo_string27:
	.asciz	"State"                         @ string offset=422
.Linfo_string28:
	.asciz	"Flags"                         @ string offset=428
.Linfo_string29:
	.asciz	"unsigned long"                 @ string offset=434
.Linfo_string30:
	.asciz	"APPW_DISPOSE"                  @ string offset=448
.Linfo_string31:
	.asciz	"IdParent"                      @ string offset=461
.Linfo_string32:
	.asciz	"Dispose"                       @ string offset=470
.Linfo_string33:
	.asciz	"aIdDraw"                       @ string offset=478
.Linfo_string34:
	.asciz	"APPW_CREATE_ITEM"              @ string offset=486
.Linfo_string35:
	.asciz	"NumCreateInfo"                 @ string offset=503
.Linfo_string36:
	.asciz	"unsigned int"                  @ string offset=517
.Linfo_string37:
	.asciz	"pSetupInfo"                    @ string offset=530
.Linfo_string38:
	.asciz	"Command"                       @ string offset=541
.Linfo_string39:
	.asciz	"aPara"                         @ string offset=549
.Linfo_string40:
	.asciz	"v"                             @ string offset=555
.Linfo_string41:
	.asciz	"p"                             @ string offset=557
.Linfo_string42:
	.asciz	"pFunc"                         @ string offset=559
.Linfo_string43:
	.asciz	"APPW_PARA_ITEM"                @ string offset=565
.Linfo_string44:
	.asciz	"APPW_SETUP_ITEM"               @ string offset=580
.Linfo_string45:
	.asciz	"NumSetupInfo"                  @ string offset=596
.Linfo_string46:
	.asciz	"pActionInfo"                   @ string offset=609
.Linfo_string47:
	.asciz	"IdSrc"                         @ string offset=621
.Linfo_string48:
	.asciz	"NCode"                         @ string offset=627
.Linfo_string49:
	.asciz	"IdDst"                         @ string offset=633
.Linfo_string50:
	.asciz	"IdJob"                         @ string offset=639
.Linfo_string51:
	.asciz	"pfSlot"                        @ string offset=645
.Linfo_string52:
	.asciz	"MsgId"                         @ string offset=652
.Linfo_string53:
	.asciz	"hWin"                          @ string offset=658
.Linfo_string54:
	.asciz	"hWinSrc"                       @ string offset=663
.Linfo_string55:
	.asciz	"Data"                          @ string offset=671
.Linfo_string56:
	.asciz	"pData"                         @ string offset=676
.Linfo_string57:
	.asciz	"u"                             @ string offset=682
.Linfo_string58:
	.asciz	"Color"                         @ string offset=684
.Linfo_string59:
	.asciz	"LCD_COLOR"                     @ string offset=690
.Linfo_string60:
	.asciz	"GUI_COLOR"                     @ string offset=700
.Linfo_string61:
	.asciz	"WM_MESSAGE"                    @ string offset=710
.Linfo_string62:
	.asciz	"pCond"                         @ string offset=721
.Linfo_string63:
	.asciz	"pTerm"                         @ string offset=727
.Linfo_string64:
	.asciz	"char"                          @ string offset=733
.Linfo_string65:
	.asciz	"pComp"                         @ string offset=738
.Linfo_string66:
	.asciz	"aAtom"                         @ string offset=744
.Linfo_string67:
	.asciz	"Value"                         @ string offset=750
.Linfo_string68:
	.asciz	"Offset"                        @ string offset=756
.Linfo_string69:
	.asciz	"short"                         @ string offset=763
.Linfo_string70:
	.asciz	"Item"                          @ string offset=769
.Linfo_string71:
	.asciz	"Detail"                        @ string offset=774
.Linfo_string72:
	.asciz	"APPW_ATOM"                     @ string offset=781
.Linfo_string73:
	.asciz	"APPW_COND_COMP"                @ string offset=791
.Linfo_string74:
	.asciz	"nComp"                         @ string offset=806
.Linfo_string75:
	.asciz	"APPW_COND"                     @ string offset=812
.Linfo_string76:
	.asciz	"APPW_ACTION_ITEM"              @ string offset=822
.Linfo_string77:
	.asciz	"NumActionInfo"                 @ string offset=839
.Linfo_string78:
	.asciz	"cb"                            @ string offset=853
.Linfo_string79:
	.asciz	"WM_CALLBACK"                   @ string offset=856
.Linfo_string80:
	.asciz	"APPW_ROOT_INFO"                @ string offset=868
.Linfo_string81:
	.asciz	"paVarList"                     @ string offset=883
.Linfo_string82:
	.asciz	"IsDirty"                       @ string offset=893
.Linfo_string83:
	.asciz	"pCalc"                         @ string offset=901
.Linfo_string84:
	.asciz	"nItem"                         @ string offset=907
.Linfo_string85:
	.asciz	"pAtom"                         @ string offset=913
.Linfo_string86:
	.asciz	"pVal"                          @ string offset=919
.Linfo_string87:
	.asciz	"APPW_CALC"                     @ string offset=924
.Linfo_string88:
	.asciz	"APPW_VAR_OBJECT"               @ string offset=934
.Linfo_string89:
	.asciz	"paScrollerDef"                 @ string offset=950
.Linfo_string90:
	.asciz	"aColor"                        @ string offset=964
.Linfo_string91:
	.asciz	"aPeriod"                       @ string offset=971
.Linfo_string92:
	.asciz	"aMisc"                         @ string offset=979
.Linfo_string93:
	.asciz	"Interactive"                   @ string offset=985
.Linfo_string94:
	.asciz	"APPW_SCROLLER_DEF"             @ string offset=997
.Linfo_string95:
	.asciz	"ppDrawingList"                 @ string offset=1015
.Linfo_string96:
	.asciz	"IndexFunc"                     @ string offset=1029
.Linfo_string97:
	.asciz	"pNextItem"                     @ string offset=1039
.Linfo_string98:
	.asciz	"APPW_DRAWING_ITEM"             @ string offset=1049
.Linfo_string99:
	.asciz	"NumScreens"                    @ string offset=1067
.Linfo_string100:
	.asciz	"NumVars"                       @ string offset=1078
.Linfo_string101:
	.asciz	"NumScrollers"                  @ string offset=1086
.Linfo_string102:
	.asciz	"NumDrawings"                   @ string offset=1099
.Linfo_string103:
	.asciz	"CreateFlags"                   @ string offset=1111
.Linfo_string104:
	.asciz	"pTextInit"                     @ string offset=1123
.Linfo_string105:
	.asciz	"appData"                       @ string offset=1133
.Linfo_string106:
	.asciz	"NumItems"                      @ string offset=1141
.Linfo_string107:
	.asciz	"APPW_TEXT_INIT"                @ string offset=1150
	.ident	"Component: Arm Compiler for Embedded 6.22 Tool: armclang [5ee92100]"
	.section	".note.GNU-stack","",%progbits
	.eabi_attribute	30, 1	@ Tag_ABI_optimization_goals
	.ARM_attribute	16, 1	@ Tag_AV_eba
	.section	.debug_line,"",%progbits
.Lline_table_start0:
