	.text
	.syntax unified
	.eabi_attribute	67, "2.09"	@ Tag_conformance
	.cpu	cortex-m4
	.eabi_attribute	6, 13	@ Tag_CPU_arch
	.eabi_attribute	7, 77	@ Tag_CPU_arch_profile
	.eabi_attribute	8, 0	@ Tag_ARM_ISA_use
	.eabi_attribute	9, 2	@ Tag_THUMB_ISA_use
	.fpu	fpv4-sp-d16
	.eabi_attribute	27, 1	@ Tag_ABI_HardFP_use
	.eabi_attribute	36, 1	@ Tag_FP_HP_extension
	.eabi_attribute	34, 0	@ Tag_CPU_unaligned_access
	.eabi_attribute	17, 1	@ Tag_ABI_PCS_GOT_use
	.eabi_attribute	20, 2	@ Tag_ABI_FP_denormal
	.eabi_attribute	21, 0	@ Tag_ABI_FP_exceptions
	.eabi_attribute	23, 1	@ Tag_ABI_FP_number_model
	.eabi_attribute	24, 1	@ Tag_ABI_align_needed
	.eabi_attribute	25, 1	@ Tag_ABI_align_preserved
	.eabi_attribute	28, 1	@ Tag_ABI_VFP_args
	.eabi_attribute	38, 1	@ Tag_ABI_FP_16bit_format
	.eabi_attribute	18, 2	@ Tag_ABI_PCS_wchar_t
	.eabi_attribute	26, 1	@ Tag_ABI_enum_size
	.eabi_attribute	14, 0	@ Tag_ABI_PCS_R9_use
	.file	"DARK_Button_Up_100x30.c"
	.file	1 "C:\\Users\\dinhl\\Documents\\Tesy\\EEET2481_A3_TETRISGAME" "Application/Resource/Image/DARK_Button_Up_100x30.c"
	.hidden	acDARK_Button_Up_100x30         @ @acDARK_Button_Up_100x30
	.type	acDARK_Button_Up_100x30,%object
	.section	.rodata.acDARK_Button_Up_100x30,"a",%progbits
	.globl	acDARK_Button_Up_100x30
acDARK_Button_Up_100x30:
	.asciz	"BM\035\000d\000\036\000\220\001 \000\000\000\001\000\037\035\033[\" \036\305\" \036\343\" \036\351\" \036\350\" \036\350\" \036\350\" \036\350\" \036\350\" \036\350\" \036\350\" \036\350\" \036\350\" \036\350\" \036\350\" \036\350\" \036\350\" \036\350\" \036\350\" \036\350\" \036\350\" \036\350\" \036\350\" \036\350\" \036\350\" \036\350\" \036\350\" \036\350\" \036\350\" \036\350\" \036\350\" \036\350\" \036\350\" \036\350\" \036\350\" \036\350\" \036\350\" \036\350\" \036\350\" \036\350\" \036\350\" \036\350\" \036\350\" \036\350\" \036\350\" \036\350\" \036\350\" \036\350\" \036\350\" \036\350\" \036\350\" \036\350\" \036\350\" \036\350\" \036\350\" \036\350\" \036\350\" \036\350\" \036\350\" \036\350\" \036\350\" \036\350\" \036\350\" \036\350\" \036\350\" \036\350\" \036\350\" \036\350\" \036\350\" \036\350\" \036\350\" \036\350\" \036\350\" \036\350\" \036\350\" \036\350\" \036\350\" \036\350\" \036\350\" \036\350\" \036\350\" \036\350\" \036\350\" \036\350\" \036\350\" \036\350\" \036\350\" \036\350\" \036\350\" \036\350\" \036\350\" \036\350\" \036\350\" \036\350\" \036\350\" \036\350\" \036\351\" \036\343\" \036\305\037\035\033[#!\037\30541/\372741\377741\377741\377741\377741\377741\377741\377741\377741\377741\377741\377741\377741\377741\377741\377741\377741\377741\377741\377741\377741\377741\377741\377741\377741\377741\377741\377741\377741\377741\377741\377741\377741\377741\377741\377741\377741\377741\377741\377741\377741\377741\377741\377741\377741\377741\377741\377741\377741\377741\377741\377741\377741\377741\377741\377741\377741\377741\377741\377741\377741\377741\377741\377741\377741\377741\377741\377741\377741\377741\377741\377741\377741\377741\377741\377741\377741\377741\377741\377741\377741\377741\377741\377741\377741\377741\377741\377741\377741\377741\377741\377741\377741\377741\377741\377741\37741/\372#!\037\305$!\037\346852\377@=:\377QLI\377`[W\377c^Z\377c^Z\377c^Z\377c^Z\377c^Z\377c^Z\377c^Z\377c]Z\377c^Z\377c^Z\377c^Z\377c]Z\377c]Z\377c^Z\377c^Z\377c^Z\377c^Z\377b^Z\377b^Z\377c^Z\377c]Z\377c]Z\377c]Z\377c^Z\377c]Z\377c]Z\377c]Z\377c^Z\377c^Z\377c^Z\377c^Z\377c^Z\377c^Z\377c^Z\377c^Z\377c^Z\377c^Z\377c]Z\377c^Z\377c^Z\377c^Z\377c^Z\377c^Z\377c]Z\377c^Z\377c^Z\377c^Z\377c^Z\377c^Z\377c^Z\377c^Z\377c^Z\377c^Z\377c^Z\377c]Z\377c]Z\377c^Z\377c^Z\377c^Z\377c^Z\377c^Z\377c]Z\377b]Z\377c^Z\377c]Z\377c]Z\377c]Z\377c]Z\377c^Z\377c^Z\377c]Z\377c^Y\377c]Z\377b^Z\377c]Z\377b^Z\377c]Z\377c^Z\377c]Z\377c]Z\377c]Z\377c]Z\377b]Z\377c]Z\377c]Z\377b^Z\377b]Z\377c]Z\377c]Z\377c^Z\377`[W\377PLI\377@<:\377852\377$!\037\346#!\037\356741\377NJG\377ZUR\377ZUR\377ZUR\377ZUR\377YUR\377YUR\377ZUR\377ZUR\377ZUR\377YUR\377ZUR\377ZUR\377YUR\377YUQ\377YUQ\377YUR\377YUR\377YUR\377YTQ\377ZTR\377YUR\377ZUR\377ZUQ\377YTQ\377YUR\377ZUR\377ZUR\377ZTR\377ZTR\377YUR\377YUR\377YUR\377YUR\377ZUR\377ZUR\377YUR\377YUQ\377YUQ\377ZUR\377ZUR\377ZUR\377ZUR\377YUR\377YUQ\377YUR\377YTR\377YUR\377YUR\377ZUR\377ZUR\377ZTR\377ZUR\377YUR\377YUQ\377ZUQ\377ZTR\377YUR\377YUR\377YUR\377YUR\377YUR\377YUQ\377YUR\377YTR\377YTQ\377YTQ\377YTQ\377YTQ\377YUR\377YUQ\377YUR\377YUR\377YUQ\377YTQ\377YTQ\377YUR\377YTQ\377YTQ\377YTQ\377ZTQ\377YTQ\377YUR\377YUQ\377YTQ\377YTQ\377YTQ\377YTR\377YTQ\377YTQ\377YTQ\377YTR\377YUQ\377YUQ\377YTQ\377NJF\377741\377#!\037\356#!\037\355731\377[VT\377YTQ\377YTR\377YTQ\377YUQ\377YTQ\377YTQ\377YTQ\377YTQ\377YTQ\377YTQ\377YTQ\377YTQ\377YTQ\377YTQ\377YTQ\377YTQ\377YTQ\377YTQ\377YTQ\377YTQ\377YTQ\377YUQ\377YTQ\377YTQ\377YTQ\377YTQ\377YTQ\377YTQ\377YTQ\377YTR\377YTR\377YTQ\377YTQ\377YTQ\377YTQ\377YTQ\377YTQ\377YTQ\377YTQ\377YTQ\377YTQ\377YTQ\377YTQ\377YTQ\377YTQ\377YTQ\377YTQ\377YTQ\377YTQ\377YTQ\377YTQ\377YTR\377YTQ\377YTQ\377YTQ\377YTQ\377YTQ\377YTQ\377YTQ\377YTQ\377YTQ\377YTQ\377YTQ\377XTQ\377YTQ\377YTQ\377YTQ\377YTQ\377YTQ\377XTQ\377YTQ\377YTQ\377YTQ\377YTQ\377YTQ\377YTQ\377YTQ\377YTQ\377YTQ\377YTQ\377YTQ\377YTQ\377YTQ\377YTQ\377YTQ\377YTQ\377YTQ\377YTQ\377YTQ\377XTQ\377XTQ\377YTQ\377YTQ\377YTQ\377[VS\377731\377#!\037\355#!\037\355630\377]XU\377XSP\377XSQ\377XTQ\377XSP\377XSP\377XSP\377XSP\377XSP\377XSP\377XSQ\377XSP\377XSP\377XSP\377XSP\377XSP\377XSP\377XSP\377XSP\377XSP\377XSP\377XSP\377XTP\377XTQ\377XSP\377XSQ\377XSP\377XSP\377XSP\377XSP\377XSP\377XSQ\377XSP\377XSP\377XSP\377XSP\377XSP\377XSQ\377XSQ\377XSP\377XSP\377XSP\377XSP\377XSP\377XSP\377XSQ\377XSQ\377XSP\377XTP\377XSP\377XSP\377XSP\377XSP\377XSP\377XSP\377XSP\377XSP\377XSP\377XSP\377XSP\377XSP\377XSP\377XSP\377XSP\377WSP\377XSP\377XSP\377XSP\377XSP\377XSP\377XSP\377XSP\377XSP\377XSP\377XSP\377XSP\377XSP\377XSP\377XSP\377XSP\377XSP\377XSP\377XSP\377XSP\377XSP\377XSP\377XSP\377XSP\377XSP\377XSP\377XSP\377XSP\377XSP\377XSP\377XSP\377]XU\377630\377#!\037\355#!\037\355520\377\\WT\377WRP\377WRP\377WRP\377WRP\377WRO\377WSO\377WRO\377WRO\377WRO\377WRO\377WRO\377WSO\377WSO\377WRO\377WRO\377WSO\377WRO\377WRO\377WRO\377WRP\377WRO\377WSO\377WSP\377WRO\377WSP\377WSP\377WSO\377WRO\377WRO\377WRO\377WSO\377WSO\377WRO\377WRO\377WRO\377WRO\377WRP\377WSP\377WSP\377WSO\377WSP\377WRO\377WRP\377WSO\377WSO\377WRO\377WRP\377WSP\377WRO\377WRP\377WSP\377WRP\377WRO\377WRP\377WRO\377VRO\377WRO\377WRO\377WRO\377WRO\377WRO\377WRO\377WRO\377WRO\377WRO\377WRO\377WRO\377WRO\377WRO\377WRO\377WRO\377WRO\377WRO\377WRO\377VRO\377WRO\377WRO\377WRO\377WRO\377WRO\377WRO\377WRO\377WRO\377WRO\377WRO\377WRO\377WRO\377WRO\377WRO\377WRO\377WRO\377WRO\377WRO\377WRO\377[WT\377520\377#!\037\355# \036\35552/\377[VR\377VQN\377VQN\377VQO\377VRN\377VRN\377VQO\377VRO\377VRO\377VQO\377VQN\377VQN\377VRN\377VRO\377VRO\377VQO\377VRN\377VQO\377VQO\377VRO\377VRO\377VRN\377VRN\377VRO\377VRN\377VRO\377VRO\377VRN\377VRN\377VRN\377VQN\377VQO\377VRN\377VQN\377VQO\377VRO\377VRN\377VRO\377VRO\377VRO\377VQN\377VRN\377VQN\377VRO\377VQN\377VQN\377VRN\377VQO\377VRO\377VRO\377VQO\377VRO\377VQO\377VQO\377VQO\377VQO\377VQN\377VQN\377VQN\377VQN\377VRN\377VQN\377VQN\377VQN\377VRO\377VQN\377VQO\377VQN\377VQN\377UQN\377VQO\377VQN\377VQN\377VQO\377VQN\377VQN\377VRN\377VQN\377VQN\377VRN\377VQN\377VQO\377VRO\377VRN\377VQN\377VQN\377VRO\377VQN\377VQN\377VQN\377VQN\377VQN\377VQN\377VQN\377VQN\377ZVS\37752/\377# \036\355# \036\35541.\377ZUQ\377UPM\377UPM\377UQN\377UQM\377UQN\377UPN\377UQN\377UQN\377UQN\377UQN\377UQN\377UQN\377UQN\377UQN\377UPN\377UQM\377UQN\377UQN\377UQN\377UQN\377UQN\377UQN\377UQN\377UQN\377UQN\377UQN\377UPM\377UQN\377UQM\377UQN\377UPN\377UQN\377UQM\377UQM\377UQM\377UQN\377UQN\377UQN\377UQN\377UPM\377UPM\377UQN\377UQN\377UPM\377UPM\377UQN\377UQM\377UPM\377UPM\377UPM\377UQM\377UQN\377UPM\377UPM\377UQM\377UPM\377UPM\377UPM\377UQM\377UPM\377UPM\377UPM\377UQM\377UQN\377UPN\377UPN\377UPM\377UPM\377UPM\377UPN\377UPN\377UQN\377UQN\377UQM\377UQM\377UPN\377UPN\377UPN\377UQM\377UQM\377UPN\377UQM\377UQM\377UPN\377UQN\377UQN\377UQN\377UQN\377UPM\377UPM\377UPM\377UPM\377UPM\377UPM\377ZUR\37741.\377# \036\355\" \036\35530.\377YTQ\377TOM\377TPM\377TPM\377TPM\377TPM\377TPM\377TPL\377TPM\377TPM\377TPL\377TPM\377TPM\377TPL\377TPM\377TPM\377TPM\377TPM\377TPM\377TPM\377TPM\377TPM\377TPM\377TPM\377TPM\377TPM\377TPL\377TPL\377TPM\377TPM\377TPM\377TPM\377TPM\377TPM\377TPM\377TPM\377TPM\377TPM\377TPM\377TPM\377TPL\377TPM\377TPM\377TPM\377TPL\377TOM\377TPM\377TPL\377TOM\377TOL\377TOL\377TPL\377TPL\377TOL\377TPM\377TPM\377TOL\377TOL\377TPL\377TPL\377TOL\377TOM\377TOL\377TPL\377TPM\377TOM\377TPM\377TPM\377TPM\377TPM\377TPL\377TOM\377TPM\377TPM\377TOL\377TPL\377TOL\377TPL\377TOM\377TPL\377TPL\377TPM\377TPL\377TPL\377TPM\377TPM\377TPM\377TPL\377TPL\377TOL\377TPL\377TOL\377TOL\377TPL\377TPL\377YTP\37730.\377\" \036\355\" \036\35530-\377WSO\377SOK\377SOL\377SOL\377SOL\377SOL\377TOL\377SOL\377SOL\377SOL\377SOL\377SOL\377SOL\377SOL\377SOL\377SOL\377SOL\377SOL\377SOL\377SOL\377SOL\377SOL\377SOL\377SOL\377SOL\377SOL\377SOL\377SOL\377SOL\377SOL\377SOL\377SOL\377SOL\377SOL\377SOL\377SOL\377SOL\377SOL\377SOL\377SOL\377SOL\377SOL\377SOL\377SOL\377SNL\377SNL\377SOK\377SNK\377SOL\377SOK\377SOK\377SOL\377SOL\377SOL\377SOL\377SOL\377SOL\377SOL\377SOL\377SOL\377SNL\377SOL\377SOL\377SOL\377SOL\377SNL\377SNL\377SOK\377SOL\377SOL\377SOL\377SNK\377SOK\377SOL\377SOL\377SOL\377SOK\377SOK\377SOL\377SOL\377SOL\377SOL\377SOL\377SNK\377SOK\377SOL\377SOL\377SOK\377SOL\377SOL\377SOL\377SOL\377SOL\377SOK\377SOK\377WSO\37730-\377\" \036\355\" \036\3552/-\377VRN\377RNK\377RNK\377RNK\377RNK\377RNK\377RNK\377RNK\377RNK\377RNK\377SNK\377SNK\377RNK\377RNK\377RNK\377RNK\377RNK\377RNK\377RNK\377RNK\377RNK\377RNK\377RNK\377RNK\377RNK\377RNK\377RNK\377RNK\377RNK\377RNK\377RNK\377RNK\377RNK\377RNK\377RNK\377SNK\377SNK\377SNK\377SNK\377RNK\377RNK\377RNK\377RNK\377RNK\377RNK\377RNK\377RNK\377RNK\377RNK\377RNJ\377RNJ\377RNJ\377RNK\377RNK\377RNK\377RNK\377RNK\377RNK\377RNK\377RNK\377RMK\377RNJ\377RNK\377RNK\377RNK\377RNK\377RNK\377RNK\377RNK\377RNK\377RNK\377RNK\377RNK\377RNK\377RNJ\377RNK\377RNK\377RNK\377RNJ\377RNK\377RNK\377RNK\377RNK\377RNK\377RNK\377RNK\377RNK\377RNK\377RNK\377RNK\377RNK\377RNK\377RNK\377RNK\377RNJ\377VRN\3772/-\377\" \036\355\" \036\3551.,\377UQN\377QMJ\377QMJ\377QMJ\377QMJ\377QMJ\377QMJ\377QMJ\377QMJ\377QMJ\377QMJ\377RMJ\377RMJ\377RMJ\377RMJ\377QMJ\377QMJ\377RMJ\377RMJ\377QMJ\377QMJ\377QMJ\377QMJ\377QMJ\377QMJ\377QMJ\377QMJ\377QMJ\377QMJ\377RMJ\377RMJ\377RMJ\377RMJ\377QMJ\377QMJ\377QMK\377RMJ\377RMJ\377QMJ\377QMJ\377QMJ\377QMJ\377QMJ\377QMJ\377QMJ\377QMJ\377QMJ\377QMJ\377QMJ\377QMJ\377QMI\377QMJ\377QMJ\377QMJ\377QMJ\377QMJ\377QMJ\377QMJ\377QMJ\377QMJ\377QMJ\377QMJ\377QMJ\377QMJ\377QMJ\377QMJ\377QMJ\377QMJ\377QMJ\377QMJ\377QMJ\377QMJ\377QMJ\377QMJ\377QMJ\377QMJ\377QMJ\377QMJ\377QMJ\377QMJ\377QMJ\377QMJ\377QMJ\377QMJ\377QMJ\377QMJ\377QMJ\377QMJ\377QMJ\377QMJ\377QMJ\377QMJ\377QMJ\377QMJ\377PMJ\377UQM\3771/,\377\" \036\355\" \036\3551.,\377TOL\377PLI\377PLJ\377PLJ\377QLI\377QLI\377PLI\377PLI\377PLI\377QLI\377PLI\377PLI\377PLI\377PLI\377QLI\377PLI\377PLI\377PLI\377PLI\377QLI\377QLI\377PMI\377PLI\377PLJ\377PLI\377QLI\377PLJ\377PLI\377PLI\377QLI\377QLI\377PLI\377PLI\377PLI\377PLJ\377PLI\377PLI\377PLI\377PLI\377PLI\377PLI\377PLI\377PLI\377PLI\377PLI\377PLI\377PLI\377PLI\377PLI\377PLI\377PLI\377PLI\377PLI\377PLI\377PLI\377PLI\377PLI\377PLI\377PLI\377PLI\377PLI\377PLI\377PLI\377PLI\377PLI\377PLI\377PLI\377PLI\377PLI\377PLI\377PLI\377PLI\377PLI\377PLI\377PLI\377PLI\377PLI\377PLI\377PLI\377PLI\377PLI\377PLI\377PLI\377PLI\377PLI\377PLI\377PLI\377PLI\377PLI\377PLI\377PLI\377PLI\377PLI\377PLH\377PKI\377TPL\3771.,\377\" \036\355\" \036\3550-+\377SNK\377PKH\377PLI\377PKI\377OKH\377OKH\377OKH\377OKI\377OKI\377PKH\377OKH\377OKH\377PKH\377OKI\377PKI\377PKI\377PKH\377OLH\377OKH\377OLI\377PLI\377PLI\377OLH\377PKH\377PLH\377PKI\377OKI\377OLH\377OKH\377OKI\377OKH\377OKH\377OKH\377OKH\377OKH\377PKH\377OKH\377OKH\377OKH\377OKH\377OKH\377OKH\377OKH\377OKH\377OKH\377OKH\377OKH\377OKH\377OKH\377OKH\377OKH\377OKH\377OKH\377OKH\377OKH\377OKH\377OKH\377OKH\377OKH\377OKH\377OKH\377OKH\377OKH\377OKH\377OKH\377OKH\377OKI\377OKH\377OKH\377OKH\377OKH\377OKH\377OKH\377PKH\377OKH\377OKH\377OKH\377OKH\377OKH\377OKH\377OKH\377OKH\377OKH\377PKH\377OKH\377OKH\377OKH\377OKH\377OKH\377OKH\377OKH\377OKH\377OKH\377OKH\377OKH\377RNK\3770-+\377\" \036\355\" \036\3550-+\377RMJ\377NJH\377NKG\377NJH\377NKG\377NKH\377NJH\377NKH\377NJH\377NJG\377OJG\377NKG\377NKG\377NJH\377OJH\377OJH\377NKH\377NKH\377OJG\377OJH\377NKG\377NJG\377OKH\377NJH\377NJG\377NJH\377NJH\377OJG\377NJG\377NJG\377NJG\377NJG\377NJG\377NJG\377NJG\377NJG\377NJH\377NJG\377NJG\377NKG\377NJG\377NJG\377NJG\377NJG\377NJG\377NJG\377NJG\377NKG\377NJG\377NJG\377OJG\377OJG\377NJG\377NJH\377NJH\377NJG\377NJG\377NJG\377NJG\377NJG\377NJG\377NJG\377NJG\377NJH\377NKG\377NJG\377NJG\377NJG\377NJG\377NJG\377NJG\377NJG\377NJG\377OJG\377OKG\377NJG\377OJG\377NJG\377NJG\377NJG\377NJG\377NJG\377NKG\377NKG\377NJG\377NJG\377NJG\377NJG\377NJG\377NJG\377NJG\377NJG\377NJG\377NJG\377NJG\377QMJ\3770-+\377\" \036\355\"\037\035\355/,*\377QMI\377NIF\377MJF\377NIF\377NIG\377MIF\377MJG\377NJG\377NJG\377MIF\377MIF\377NJF\377MJF\377NJG\377NIG\377NIG\377NJG\377MJG\377NJF\377NJF\377MJF\377NJG\377NJG\377NIG\377NIF\377MIG\377MJG\377MIF\377MIF\377MIG\377MIF\377MJF\377MIF\377MIF\377MIF\377MIF\377MJF\377MJF\377MJF\377MJG\377MJF\377MIF\377MIF\377MJF\377MJF\377MIF\377MJF\377MIF\377MIG\377MIG\377MJF\377MIG\377MIF\377MIF\377MIF\377MIF\377NIF\377MIF\377MIF\377MJG\377MJG\377MJF\377MJF\377MIG\377MIF\377MJF\377MJF\377MJG\377MJF\377MIF\377MIF\377NIF\377NIF\377MIG\377NJF\377NJF\377MIF\377MJF\377MIF\377MIF\377MIF\377MIF\377MIF\377MIF\377MIF\377MIF\377MIF\377MIF\377MIF\377MIF\377MIF\377MIF\377MIF\377MIF\377MIF\377PLI\377/,*\377\"\037\035\355\"\037\035\355/,)\377PKH\377MHE\377LHE\377MHF\377MIF\377LIF\377MIF\377MHE\377MIE\377LIE\377LHE\377LIE\377LIF\377MHF\377LIF\377LHF\377LIF\377LIF\377LIF\377LHF\377MIF\377LIF\377LIE\377LHF\377LHF\377LHF\377LHF\377LIE\377LIE\377LHF\377LHF\377LHE\377LIE\377LHE\377LHF\377LHF\377LHF\377LHF\377LIE\377LIE\377LIE\377LHE\377LHE\377LIF\377MIF\377LIF\377LIE\377LHF\377LHF\377LHE\377LIF\377LHF\377LHF\377LIE\377LIE\377LIE\377MHE\377MHE\377LIE\377LIF\377LHF\377LIF\377LIE\377LIE\377LIE\377LIE\377LIF\377LIF\377LIE\377LHE\377LIE\377LHE\377MHF\377LHE\377LIF\377MHE\377MIE\377MIE\377LHE\377LHE\377LHF\377LHE\377LHE\377LHE\377LHE\377LHE\377LHE\377LHE\377LHE\377LHE\377LIF\377LHF\377LHE\377LHE\377LHE\377OKH\377/,*\377\"\037\035\355!\037\035\355.+)\377NJH\377KGE\377LHE\377LHE\377LHE\377KHE\377LHE\377LHE\377LHE\377LHE\377LHD\377LHD\377LHE\377LHE\377LHE\377LHE\377LHE\377LHE\377KHE\377KGE\377KHE\377LHE\377KHD\377KGE\377KHE\377KHD\377LGD\377KHD\377KHD\377KHE\377KGE\377KGD\377KHD\377KHD\377KHE\377KHE\377KGE\377KHE\377KHE\377KHD\377LHD\377KHD\377KHD\377KHE\377KHE\377KHE\377KHE\377KHE\377KHD\377KHD\377KHE\377KHE\377KHD\377KHE\377KHE\377KHE\377LGE\377LHD\377LHD\377KHE\377KHE\377KHE\377KHD\377KHD\377KHD\377LHD\377LHE\377KHD\377KGE\377KHE\377KHE\377KGD\377LHE\377KHD\377KHD\377KGD\377LGD\377KHD\377KGD\377KGD\377KHD\377KGD\377KGD\377KGD\377KHE\377KGD\377KGD\377KGD\377KHD\377KGD\377KGE\377KGD\377KGD\377KGE\377KHD\377NJG\377.+)\377!\037\035\355!\037\035\355-+(\377MJG\377JGD\377JGD\377KGD\377KGD\377KGD\377KGD\377KGD\377JGD\377JGD\377KGD\377KGD\377KGD\377KGD\377KGD\377KGD\377JGD\377KGC\377JGD\377JGD\377JGD\377JGD\377JGC\377JGD\377JGC\377JFD\377JFD\377JGC\377JGC\377JFD\377JFD\377KGD\377JFC\377JGC\377JGD\377JGD\377KGD\377KGD\377KFD\377KGD\377JGD\377JGD\377JGD\377JGD\377KGD\377JGC\377JFC\377JFD\377JFD\377JGD\377JGC\377JGD\377JGC\377JGD\377JGC\377JGD\377JGD\377JGC\377KGD\377KGD\377KGD\377JGD\377JGD\377JGD\377KGD\377KGD\377KGD\377KGD\377JGD\377JGD\377JGD\377JGD\377JGD\377KGD\377JFC\377JFC\377JGD\377JFD\377JGD\377JFC\377JGC\377JFD\377JGD\377JGC\377JGC\377JGC\377JFC\377JFC\377JGC\377JFC\377JFD\377JGD\377JGC\377JFD\377JGC\377MIF\377-+(\377!\037\035\355!\037\035\355-*(\377LHE\377IFC\377IFC\377JFC\377JFC\377JFC\377JFC\377JFC\377IFC\377IFC\377JFC\377JFC\377IFC\377JFC\377JFC\377JFC\377JEC\377IFC\377IFC\377IFC\377IFC\377JFC\377IFC\377IFC\377JFC\377IFC\377IFC\377IFC\377IFC\377IFC\377IEC\377JFC\377JFC\377JFC\377IFC\377IFC\377JFC\377JFC\377JFC\377JFC\377JFC\377IFC\377IFC\377IFC\377IFC\377IFB\377IFC\377JEC\377IFC\377IFC\377IFC\377IFC\377JFC\377JFC\377IFB\377IFC\377IFC\377IFC\377IFC\377JFC\377JFC\377JFC\377IFC\377IFC\377IFC\377IFC\377JFC\377JFB\377JFC\377IEC\377IEC\377IFC\377IFC\377IFC\377IEC\377IEC\377IEC\377IFC\377IFC\377IFC\377IEC\377IFC\377IFB\377IFC\377IFB\377IFB\377IFC\377IEB\377IFC\377IFC\377IFB\377IFC\377JFB\377IFB\377IFB\377LHE\377-*(\377!\037\035\355!\037\035\355,*'\377KGD\377HEB\377IEB\377IEB\377IEB\377IEB\377IEB\377IEB\377HFB\377HEB\377IEB\377HEB\377HEB\377IEB\377IEB\377IEB\377IEB\377HEB\377HEB\377HEB\377HEB\377HEB\377IEB\377HEB\377HEB\377HEB\377HEB\377HEB\377HEB\377IEB\377HEB\377HEB\377IEB\377IEB\377HEB\377HEB\377HEB\377HEB\377IEB\377IEB\377IEB\377IEB\377IEB\377IEB\377HEB\377HEB\377IEB\377IEB\377IEB\377IEB\377IEB\377IEB\377IEB\377HEB\377HEB\377HEB\377HEB\377HEB\377HEB\377IEB\377IEB\377IEB\377IEB\377HEB\377HEB\377HEB\377HEB\377HEB\377HEB\377HEA\377HEB\377HEB\377HEB\377HEB\377HEB\377HEB\377HDB\377HEB\377IEB\377HEB\377HEB\377IEB\377HEA\377HEB\377HEB\377HEB\377HEB\377HEB\377HEB\377HEB\377HEB\377HEB\377HEB\377HEB\377HEB\377KGD\377,*'\377!\037\035\355!\037\035\355,)'\377JFC\377HDA\377HDA\377HDA\377HDA\377HDA\377HDA\377HDA\377HDA\377HDA\377GDA\377GDA\377GDA\377HDA\377HDA\377HDA\377GDA\377GDA\377HDA\377GDA\377HDA\377HDA\377HDA\377HDA\377HDA\377HDA\377GDA\377HDA\377GDA\377HDA\377HDA\377HDA\377HDA\377HDA\377HDA\377GDA\377GDA\377HDA\377HDA\377GDA\377GDA\377HDA\377HDA\377HDA\377GDA\377HDA\377HDA\377HDA\377GDA\377HDA\377HDA\377HDA\377HDA\377GDA\377HDA\377GDA\377HDA\377GDA\377GDA\377HDA\377HDA\377HDA\377GDA\377GDA\377GDA\377GDA\377GDA\377GDA\377GDA\377HDA\377GDA\377GDA\377GDA\377GDA\377GDA\377GDA\377HDA\377GDA\377HDA\377GDA\377GDA\377GDA\377GD@\377GDA\377GDA\377GDA\377GDA\377GDA\377GDA\377GDA\377GDA\377GDA\377GDA\377GDA\377GDA\377JFC\377,)'\377!\037\035\355!\037\035\355+(&\377IEB\377GD@\377GC@\377GC@\377GC@\377GD@\377FC@\377FC@\377GC@\377GC@\377GC@\377FC@\377FC@\377GC@\377GC@\377GC@\377GC@\377GC@\377FC@\377GC@\377GC@\377GC@\377GC@\377FC@\377GC@\377FC@\377GC@\377FC@\377GC@\377GC@\377GC@\377GC@\377GC@\377GC@\377GC@\377GC@\377GD@\377GC@\377GC@\377GC@\377FC@\377GC@\377GC@\377GC@\377FC@\377GC@\377GC@\377GC@\377GC@\377FC@\377GC@\377FC@\377GC@\377GC@\377GC@\377GCA\377GC@\377GC@\377GC@\377GC@\377GC@\377FC@\377FC@\377FC@\377GC@\377GC@\377GC@\377FC@\377FC@\377FC@\377FC@\377FC@\377FC@\377FC@\377GC@\377GC@\377GC@\377FC@\377GC@\377FC@\377FC@\377FC@\377FC@\377FC@\377FC@\377FC@\377GC@\377FC@\377FC@\377FC@\377FC@\377GC@\377FC@\377FC@\377FC@\377HEB\377+(&\377!\037\035\355!\037\035\355+(&\377HDA\377FB?\377FC?\377FB@\377EB@\377EB?\377EB?\377EB?\377FB?\377FB?\377FB?\377FB@\377FB?\377FB?\377FB?\377FB?\377FB?\377FB?\377FB?\377FB?\377FB?\377EB?\377FB?\377EB?\377EB?\377FB?\377EB?\377FB?\377FB?\377FB?\377FB?\377FB?\377EB?\377FB?\377FB?\377FB?\377FC@\377FB@\377FB?\377FB?\377FB?\377FB@\377FB?\377FB?\377FB?\377FB?\377FB?\377FB?\377FB?\377EB?\377FB?\377FB?\377EB?\377FB?\377FB?\377FB?\377FB?\377FB?\377FB?\377EB?\377EB?\377EB?\377EB?\377FB?\377FB?\377FB?\377FB?\377EB?\377EB?\377EB?\377EB?\377EB?\377EB?\377EB?\377FB?\377FB?\377EB?\377EB?\377FB?\377EB?\377EB?\377EB?\377EB?\377EB?\377EB?\377FB?\377FB?\377EB?\377EB?\377EB?\377EB?\377EB?\377EB?\377EB?\377EB?\377GDA\377+(&\377!\037\035\355!\037\035\355*'%\377EA>\377DA>\377DA>\377DB?\377EA?\377DA>\377EA>\377EA?\377DA>\377EA>\377EA?\377EB?\377EA>\377EA>\377DA?\377DA>\377EA?\377EA>\377EA?\377DB?\377EA>\377EA>\377EA>\377EB?\377EA>\377EA>\377DB>\377EA>\377EB>\377EA?\377EA>\377EA>\377DA>\377EA>\377EA>\377EA?\377EA?\377EA?\377DA?\377EA>\377EA>\377EA>\377EA>\377DA>\377EB?\377EB>\377EA>\377DA>\377DA>\377DB?\377EB>\377EA>\377EB>\377EA?\377EA>\377EA>\377DA>\377DA>\377DA>\377DA>\377EA>\377EA>\377DA>\377EA>\377EA>\377DA>\377DA>\377DA>\377EA>\377DA>\377EA>\377DA>\377EA>\377DA>\377EA>\377EA>\377EA>\377DA>\377EA>\377EA>\377DA>\377DA>\377DA>\377DA>\377DA>\377DA>\377EA>\377EA>\377DA>\377EA>\377EA>\377DA>\377DA>\377DA>\377DA>\377DA>\377*'%\377!\037\035\355!\036\034\356)'%\377:74\377C@=\377C@>\377CA=\377D@=\377D@>\377DA>\377D@=\377DA=\377C@=\377C@=\377D@=\377D@=\377DA=\377D@=\377D@=\377D@>\377D@=\377DA=\377C@=\377D@=\377D@=\377D@=\377DA>\377DA=\377D@=\377CA>\377CA=\377DA=\377D@=\377D@>\377D@>\377D@>\377DA=\377DA>\377D@>\377D@>\377D@>\377CA=\377CA=\377D@=\377D@=\377D@=\377D@=\377D@>\377DA=\377DA=\377DA=\377DA>\377CA>\377D@=\377DA=\377CA=\377D@=\377C@=\377C@=\377C@=\377C@=\377C@=\377C@=\377C@=\377C@=\377C@=\377D@=\377D@=\377C@=\377C@=\377D@=\377C@=\377C@=\377D@=\377C@=\377C@=\377C@=\377C@=\377C@=\377D@=\377D@=\377C@=\377C@=\377C@=\377CA=\377C@=\377C@=\377C@=\377C@=\377C@=\377D@=\377D@=\377D@=\377D@=\377D@=\377C@=\377C@=\377D@=\377:74\377)'%\377!\036\034\356!\036\034\346)&%\377/,*\377:64\377C?=\377EA?\377EA>\377EA>\377EA?\377EA>\377EA>\377EA>\377DA>\377EA>\377DA?\377EA?\377EA?\377EA?\377EA?\377EA?\377EA>\377EA?\377EB>\377EB>\377EA?\377EA?\377EA?\377EA?\377EA?\377EA>\377EA?\377EA?\377EA?\377EA?\377EA?\377EA?\377EB?\377EA?\377EA?\377EA?\377EA?\377EA?\377EA?\377EA?\377EA?\377EA?\377EA?\377EA?\377EA>\377EA?\377EB?\377EA>\377DA>\377EA>\377DA?\377EA>\377EA>\377EA>\377DA>\377DA>\377DA>\377EA>\377EA>\377EA>\377EA>\377DA?\377DA?\377DA>\377DA>\377EA>\377EA>\377DB?\377EA?\377EA>\377DA?\377EA?\377DA>\377EA>\377EA>\377EA>\377DA>\377EA?\377EA?\377EB?\377EA?\377DA>\377DA>\377EA>\377EA?\377EA?\377EA>\377EA>\377EA?\377EA?\377EA>\377C?<\377964\377/,*\377)'%\377!\036\035\346!\036\034\305'$\"\372(%$\377(%#\377(%#\377(%#\377(%#\377(%#\377(%#\377(%$\377(%#\377(%#\377(%#\377(%#\377(%#\377(%#\377(%$\377(%$\377(%#\377(%#\377(%#\377(%#\377(%#\377(%#\377(%#\377(%#\377(%#\377(%#\377(%$\377(%$\377(%$\377(%#\377(%#\377(%$\377(%#\377(%#\377(%$\377(%#\377(%#\377(%$\377(%#\377(%#\377(%#\377(%#\377(%#\377(%#\377(%#\377(%$\377(%$\377(%$\377(%#\377(%#\377(%#\377(%#\377(%#\377(%#\377(%#\377(%#\377(%#\377(%#\377(%#\377(%#\377(%#\377(%#\377(%#\377(%#\377(%#\377(%#\377(%#\377(%#\377(%#\377(%#\377(%#\377(%#\377(%#\377(%$\377(%#\377(%#\377(%#\377(%#\377(%#\377(%#\377(%$\377(%#\377(%#\377(%#\377(%#\377(%#\377(%#\377(%#\377(%#\377(%#\377(%$\377(%$\377(%#\377(%#\377(%#\377(%#\377'$\"\372!\036\034\305\037\035\033[ \036\034\305 \036\034\343 \036\034\351 \036\034\350 \036\034\350 \036\034\350 \036\034\350 \036\034\350 \036\034\350 \036\034\350 \036\034\350 \036\034\350 \036\034\350 \036\034\350 \036\034\350 \036\034\350 \036\034\350 \036\034\350 \036\034\350 \036\034\350 \036\034\350 \036\034\350 \036\034\350 \036\034\350 \036\034\350 \036\034\350 \036\034\350 \036\034\350 \036\034\350 \036\034\350 \036\034\350 \036\034\350 \036\034\350 \036\034\350 \036\034\350 \036\034\350 \036\034\350 \036\034\350 \036\034\350 \036\034\350 \036\034\350 \036\034\350 \036\034\350 \036\034\350 \036\034\350 \036\034\350 \036\034\350 \036\034\350 \036\034\350 \036\034\350 \036\034\350 \036\034\350 \036\034\350 \036\034\350 \036\034\350 \036\034\350 \036\034\350 \036\034\350 \036\034\350 \036\034\350 \036\034\350 \036\034\350 \036\034\350 \036\034\350 \036\034\350 \036\034\350 \036\034\350 \036\034\350 \036\034\350 \036\034\350 \036\034\350 \036\034\350 \036\034\350 \036\034\350 \036\034\350 \036\034\350 \036\034\350 \036\034\350 \036\034\350 \036\034\350 \036\034\350 \036\034\350 \036\034\350 \036\034\350 \036\034\350 \036\034\350 \036\034\350 \036\034\350 \036\034\350 \036\034\350 \036\034\350 \036\034\350 \036\034\350 \036\034\350 \036\034\350 \036\034\351 \036\034\343 \036\034\305\037\035\033["
	.size	acDARK_Button_Up_100x30, 12017

	.section	.debug_abbrev,"",%progbits
	.byte	1                               @ Abbreviation Code
	.byte	17                              @ DW_TAG_compile_unit
	.byte	1                               @ DW_CHILDREN_yes
	.byte	37                              @ DW_AT_producer
	.byte	14                              @ DW_FORM_strp
	.byte	19                              @ DW_AT_language
	.byte	5                               @ DW_FORM_data2
	.byte	3                               @ DW_AT_name
	.byte	14                              @ DW_FORM_strp
	.byte	16                              @ DW_AT_stmt_list
	.byte	23                              @ DW_FORM_sec_offset
	.byte	27                              @ DW_AT_comp_dir
	.byte	14                              @ DW_FORM_strp
	.byte	0                               @ EOM(1)
	.byte	0                               @ EOM(2)
	.byte	2                               @ Abbreviation Code
	.byte	52                              @ DW_TAG_variable
	.byte	0                               @ DW_CHILDREN_no
	.byte	3                               @ DW_AT_name
	.byte	14                              @ DW_FORM_strp
	.byte	73                              @ DW_AT_type
	.byte	19                              @ DW_FORM_ref4
	.byte	63                              @ DW_AT_external
	.byte	25                              @ DW_FORM_flag_present
	.byte	58                              @ DW_AT_decl_file
	.byte	11                              @ DW_FORM_data1
	.byte	59                              @ DW_AT_decl_line
	.byte	11                              @ DW_FORM_data1
	.byte	2                               @ DW_AT_location
	.byte	24                              @ DW_FORM_exprloc
	.byte	0                               @ EOM(1)
	.byte	0                               @ EOM(2)
	.byte	3                               @ Abbreviation Code
	.byte	1                               @ DW_TAG_array_type
	.byte	1                               @ DW_CHILDREN_yes
	.byte	73                              @ DW_AT_type
	.byte	19                              @ DW_FORM_ref4
	.byte	0                               @ EOM(1)
	.byte	0                               @ EOM(2)
	.byte	4                               @ Abbreviation Code
	.byte	33                              @ DW_TAG_subrange_type
	.byte	0                               @ DW_CHILDREN_no
	.byte	73                              @ DW_AT_type
	.byte	19                              @ DW_FORM_ref4
	.byte	55                              @ DW_AT_count
	.byte	5                               @ DW_FORM_data2
	.byte	0                               @ EOM(1)
	.byte	0                               @ EOM(2)
	.byte	5                               @ Abbreviation Code
	.byte	38                              @ DW_TAG_const_type
	.byte	0                               @ DW_CHILDREN_no
	.byte	73                              @ DW_AT_type
	.byte	19                              @ DW_FORM_ref4
	.byte	0                               @ EOM(1)
	.byte	0                               @ EOM(2)
	.byte	6                               @ Abbreviation Code
	.byte	36                              @ DW_TAG_base_type
	.byte	0                               @ DW_CHILDREN_no
	.byte	3                               @ DW_AT_name
	.byte	14                              @ DW_FORM_strp
	.byte	62                              @ DW_AT_encoding
	.byte	11                              @ DW_FORM_data1
	.byte	11                              @ DW_AT_byte_size
	.byte	11                              @ DW_FORM_data1
	.byte	0                               @ EOM(1)
	.byte	0                               @ EOM(2)
	.byte	7                               @ Abbreviation Code
	.byte	36                              @ DW_TAG_base_type
	.byte	0                               @ DW_CHILDREN_no
	.byte	3                               @ DW_AT_name
	.byte	14                              @ DW_FORM_strp
	.byte	11                              @ DW_AT_byte_size
	.byte	11                              @ DW_FORM_data1
	.byte	62                              @ DW_AT_encoding
	.byte	11                              @ DW_FORM_data1
	.byte	0                               @ EOM(1)
	.byte	0                               @ EOM(2)
	.byte	0                               @ EOM(3)
	.section	.debug_info,"",%progbits
.Lcu_begin0:
	.long	.Ldebug_info_end0-.Ldebug_info_start0 @ Length of Unit
.Ldebug_info_start0:
	.short	4                               @ DWARF version number
	.long	.debug_abbrev                   @ Offset Into Abbrev. Section
	.byte	4                               @ Address Size (in bytes)
	.byte	1                               @ Abbrev [1] 0xb:0x45 DW_TAG_compile_unit
	.long	.Linfo_string0                  @ DW_AT_producer
	.short	12                              @ DW_AT_language
	.long	.Linfo_string1                  @ DW_AT_name
	.long	.Lline_table_start0             @ DW_AT_stmt_list
	.long	.Linfo_string2                  @ DW_AT_comp_dir
	.byte	2                               @ Abbrev [2] 0x1e:0x11 DW_TAG_variable
	.long	.Linfo_string3                  @ DW_AT_name
	.long	47                              @ DW_AT_type
                                        @ DW_AT_external
	.byte	1                               @ DW_AT_decl_file
	.byte	28                              @ DW_AT_decl_line
	.byte	5                               @ DW_AT_location
	.byte	3
	.long	acDARK_Button_Up_100x30
	.byte	3                               @ Abbrev [3] 0x2f:0xd DW_TAG_array_type
	.long	60                              @ DW_AT_type
	.byte	4                               @ Abbrev [4] 0x34:0x7 DW_TAG_subrange_type
	.long	72                              @ DW_AT_type
	.short	12017                           @ DW_AT_count
	.byte	0                               @ End Of Children Mark
	.byte	5                               @ Abbrev [5] 0x3c:0x5 DW_TAG_const_type
	.long	65                              @ DW_AT_type
	.byte	6                               @ Abbrev [6] 0x41:0x7 DW_TAG_base_type
	.long	.Linfo_string4                  @ DW_AT_name
	.byte	8                               @ DW_AT_encoding
	.byte	1                               @ DW_AT_byte_size
	.byte	7                               @ Abbrev [7] 0x48:0x7 DW_TAG_base_type
	.long	.Linfo_string5                  @ DW_AT_name
	.byte	8                               @ DW_AT_byte_size
	.byte	7                               @ DW_AT_encoding
	.byte	0                               @ End Of Children Mark
.Ldebug_info_end0:
	.section	.debug_str,"MS",%progbits,1
.Linfo_string0:
	.asciz	"Component: Arm Compiler for Embedded 6.22 Tool: armclang [5ee92100]" @ string offset=0
.Linfo_string1:
	.asciz	"Application/Resource/Image\\DARK_Button_Up_100x30.c" @ string offset=68
.Linfo_string2:
	.asciz	"C:\\Users\\dinhl\\Documents\\Tesy\\EEET2481_A3_TETRISGAME" @ string offset=119
.Linfo_string3:
	.asciz	"acDARK_Button_Up_100x30"       @ string offset=172
.Linfo_string4:
	.asciz	"unsigned char"                 @ string offset=196
.Linfo_string5:
	.asciz	"__ARRAY_SIZE_TYPE__"           @ string offset=210
	.ident	"Component: Arm Compiler for Embedded 6.22 Tool: armclang [5ee92100]"
	.section	".note.GNU-stack","",%progbits
	.ARM_attribute	16, 1	@ Tag_AV_eba
	.section	.debug_line,"",%progbits
.Lline_table_start0:
