	.text
	.syntax unified
	.eabi_attribute	67, "2.09"	@ Tag_conformance
	.cpu	cortex-m4
	.eabi_attribute	6, 13	@ Tag_CPU_arch
	.eabi_attribute	7, 77	@ Tag_CPU_arch_profile
	.eabi_attribute	8, 0	@ Tag_ARM_ISA_use
	.eabi_attribute	9, 2	@ Tag_THUMB_ISA_use
	.fpu	fpv4-sp-d16
	.eabi_attribute	27, 1	@ Tag_ABI_HardFP_use
	.eabi_attribute	36, 1	@ Tag_FP_HP_extension
	.eabi_attribute	34, 0	@ Tag_CPU_unaligned_access
	.eabi_attribute	17, 1	@ Tag_ABI_PCS_GOT_use
	.eabi_attribute	20, 2	@ Tag_ABI_FP_denormal
	.eabi_attribute	21, 0	@ Tag_ABI_FP_exceptions
	.eabi_attribute	23, 1	@ Tag_ABI_FP_number_model
	.eabi_attribute	24, 1	@ Tag_ABI_align_needed
	.eabi_attribute	25, 1	@ Tag_ABI_align_preserved
	.eabi_attribute	28, 1	@ Tag_ABI_VFP_args
	.eabi_attribute	38, 1	@ Tag_ABI_FP_16bit_format
	.eabi_attribute	18, 2	@ Tag_ABI_PCS_wchar_t
	.eabi_attribute	26, 1	@ Tag_ABI_enum_size
	.eabi_attribute	14, 0	@ Tag_ABI_PCS_R9_use
	.file	"DARK_Button_Down_100x30.c"
	.file	1 "C:\\Users\\dinhl\\Documents\\Tesy\\EEET2481_A3_TETRISGAME" "Application/Resource/Image/DARK_Button_Down_100x30.c"
	.hidden	acDARK_Button_Down_100x30       @ @acDARK_Button_Down_100x30
	.type	acDARK_Button_Down_100x30,%object
	.section	.rodata.acDARK_Button_Down_100x30,"a",%progbits
	.globl	acDARK_Button_Down_100x30
acDARK_Button_Down_100x30:
	.asciz	"BM\035\000d\000\036\000\220\001 \000\000\000\001\000\035\034\031\336\036\034\032\357\035\034\031\375\036\033\032\377\036\034\031\377\036\034\032\377\036\033\031\377\036\034\031\377\035\033\032\377\036\033\032\377\036\033\031\377\036\033\032\377\036\034\032\377\036\033\032\377\036\034\032\377\036\034\031\377\036\034\032\377\036\033\031\377\036\034\032\377\036\034\031\377\036\034\032\377\036\033\032\377\035\034\032\377\036\034\031\377\036\034\032\377\035\034\032\377\036\034\032\377\036\034\032\377\036\034\032\377\035\033\032\377\035\034\032\377\035\034\031\377\035\033\032\377\036\034\031\377\036\033\032\377\036\033\032\377\035\034\031\377\035\034\032\377\036\033\032\377\036\034\032\377\036\034\032\377\035\034\032\377\036\034\031\377\036\033\032\377\035\033\032\377\036\034\032\377\036\034\032\377\036\033\031\377\036\033\032\377\036\034\032\377\036\034\031\377\035\034\032\377\035\034\031\377\035\033\032\377\036\034\032\377\035\034\032\377\035\034\031\377\035\034\031\377\035\034\032\377\036\034\031\377\035\034\032\377\036\034\032\377\036\033\032\377\036\034\032\377\035\034\031\377\036\034\032\377\036\034\032\377\036\033\032\377\036\034\032\377\036\034\031\377\035\034\031\377\036\033\032\377\035\033\032\377\035\034\032\377\035\034\032\377\035\033\031\377\036\034\031\377\035\034\032\377\035\034\032\377\035\034\031\377\035\033\032\377\036\034\032\377\036\033\032\377\035\034\031\377\036\033\032\377\035\034\031\377\035\034\032\377\036\034\031\377\036\033\032\377\036\034\031\377\036\033\032\377\035\034\032\377\036\033\031\377\036\034\032\377\036\033\032\377\036\033\031\377\036\034\032\377\035\034\032\375\036\034\031\364\036\034\031\350\036\033\032\352\036\034\032\377$\" \377+)&\377/,*\3770-*\377/-+\3770-+\3770-+\3770-+\3770-+\377/-+\3770-+\3770-+\3770-+\3770-+\3770-+\3770-+\3770-+\3770-*\3770-+\3770-+\3770-+\3770-+\377/-+\3770-+\3770-+\3770-*\3770-+\3770-*\3770-+\3770-+\3770-+\3770-+\3770-+\3770-*\377/-+\377/-+\3770-*\377/-+\377/-+\3770-*\3770-+\3770-+\3770-+\377/-+\3770-+\3770-*\3770-*\3770-*\3770-+\3770-+\377/-+\377/-+\3770-+\3770-+\3770-*\3770-+\3770-+\377/-*\3770-*\377/-+\377/-+\3770-+\377/-*\377/-*\3770-*\3770-+\3770-*\377/-+\3770-+\377/-*\377/-+\377/-+\377/-+\377/-+\377/-*\377/-+\377/-*\3770-*\377/-*\377/-*\3770-+\377/-+\3770-+\377/-+\3770-*\377/-+\3770-+\377/-+\3770-*\377/-*\3770-+\377/-+\3770-+\377/,*\377+)'\377$!\037\377\036\034\032\377\035\033\032\356\036\034\032\373%# \37731.\37741/\37720-\3772/-\3772/-\3772/-\3772/-\3772/-\3772/-\3772/-\3772/-\3772/-\3772/-\3772/-\37720-\3772/-\3772/-\3772/-\3772/-\3772/-\3772/-\3772/-\3772/-\37720-\3772/-\3772/-\3772/-\3772/-\3772/-\3772/-\3772/-\3772/,\3772/-\3772/-\3772/-\3772/-\3772/-\3772/-\3772/-\3772/,\3772/-\3772/,\3772/-\3772/-\3772/-\3772/-\3772/-\3772/-\3772/-\3772/-\3772/-\3772/-\3772/-\3772/-\3772/-\3772/-\3772/-\3772/-\3772/,\3772/,\3772/-\3772/,\3772/,\3772/,\3772/,\3772/,\3771/-\3772/-\3772/-\3772/,\3772/,\3772/,\3771/,\3771/,\3772/-\3772/-\3771/,\3772/-\3771/,\3772/-\3771/,\3772/,\3771/-\3771/,\3772/-\3772/-\3772/,\3771/,\3771/,\3772/,\3771/-\3772/,\3772/,\3772/-\37731.\37730-\377$\" \377\036\033\031\373\036\034\032\377,*'\37752/\3772/-\3772/-\3772/-\3772/-\3772/-\3772/-\3772/-\3772/,\3772/,\3772/-\3772/,\3772/-\3772/-\3772/-\3772/-\3772/-\3772/-\3772/-\3772/,\3772/,\3772/,\3772/-\3772/-\3772/-\3772/-\3772/-\3772/-\3771/,\3772/-\3772/-\3772/,\3772/,\3772/-\3772/,\3772/-\3772/,\3772/-\3772/,\3772/,\3772/,\3772/,\3772/-\3772/-\3772/,\3772/-\3771/-\3772/-\3772/,\3771/,\3772/,\3772/,\3771/-\3772/,\3772/-\3771/-\3771/,\3771/,\3772/,\3771/,\3772/-\3772/,\3772/-\3772/,\3772/-\3771/,\3772/-\3771/-\3772/-\3772/-\3772/,\3772/,\3772/,\3771/,\3772/-\3771.,\3772/,\3771/,\3771/,\3771/,\3772/,\3771/-\3772/,\3771/,\3771/-\3771/,\3771/,\3771/-\3772/,\3772/,\3771/,\3772/,\3772/,\3772/,\3772/,\37741/\377,)'\377\036\034\032\377\036\034\032\3770-+\37741.\37720-\37720-\37720-\37720-\37720-\3772/-\37720-\3772/-\37720-\3772/-\37720-\37720-\37720-\3772/-\3772/-\37720-\37720-\37720-\37720-\3772/-\3772/-\3772/-\37720-\3772/-\3772/-\3772/-\3772/-\37720-\37720-\3772/-\37720-\3772/-\3772/-\3772/-\3772/-\3772/-\3772/-\37720-\3772/-\3772/-\37720-\3772/-\3772/-\3772/-\3772/-\37720-\3772/-\3772/-\3772/-\37720-\3772/-\3772/-\3772/-\3772/-\3772/-\3772/-\3772/-\3772/-\3772/-\3772/-\3772/-\3772/-\3772/-\37720-\3772/-\3772/-\3772/-\37720-\3772/-\3772/-\3772/-\3772/-\3772/-\3772/-\3772/-\3772/-\3772/-\3772/-\3772/-\3772/-\3772/,\3772/-\3772/-\3772/-\3772/-\3772/,\3772/,\3772/,\3772/-\3772/-\3772/,\3772/-\3772/-\3772/-\37730.\377/-+\377\036\034\032\377\036\033\032\3770.,\37730.\37730.\37730-\37730.\37730-\37730-\37730-\37730-\37730-\37730.\37730-\37730-\37730.\37730.\37730.\37730-\37730.\37730-\37730-\37720-\37730-\37730-\37730-\37730-\37720.\37720-\37720-\37720-\37720.\37730-\37720-\37720-\37730-\37730.\37720-\37720.\37720-\37720-\37720-\37720-\37720.\37720-\37730-\37730-\37730.\37730.\37730-\37730-\37720.\37730.\37730-\37730-\37720.\37730-\37720-\37730-\37730-\37730-\37720-\37720-\37720-\37720-\37720-\37720-\37720-\37720-\37720-\37720-\37720-\37720-\37720.\37720-\37720-\3772/-\37720-\37720-\3772/-\37720-\37720-\37720-\37720-\37730-\37720-\37720-\37720-\37730-\37720-\37730-\37720-\37720-\37720-\37720-\37720-\37720-\37720-\37730.\3770.+\377\036\034\031\377\036\034\032\3771/,\37741/\37731.\37731.\37731.\37730.\37731.\37731.\37730.\37741.\37741.\37730.\37731.\37730.\37731.\37730.\37731.\37731.\37731.\37731.\37741.\37731.\37731.\37730.\37730.\37730.\37731.\37730.\37741.\37731.\37730.\37730.\37730.\37730.\37731.\37731.\37731.\37730.\37731.\37731.\37730.\37731.\37730.\37731.\37731.\37731.\37730.\37731.\37731.\37730.\37730.\37731.\37730.\37741.\37730.\37731.\37730.\37730.\37731.\37730.\37730.\37731.\37730.\37730.\37730.\37730.\37730.\37731.\37730.\37730.\37731.\37730.\37730.\37730.\37730.\37730.\37731.\37730.\37730.\37731.\37730.\37730.\37731.\37730.\37730.\37731.\37730.\37730.\37730.\37730.\37730.\37731.\37730.\37730.\37731.\37730.\37731.\3770.+\377\036\033\032\377\036\034\032\3772/,\37752/\37741/\37741/\37741/\37741/\37742/\37741/\37741/\37741/\37742/\37741/\37741/\37742/\37741/\37741/\37741/\37742/\37741/\37741/\37741/\37741/\37742/\37742/\37741/\37741/\37741/\37741/\37741/\37741/\37742/\37741/\37741/\37741/\37741/\37741/\37741/\37742/\37741/\37741/\37741/\37741/\37741/\37741/\37741/\37741/\37742/\37741/\37741/\37741/\37741/\37741/\37741/\37741/\37741/\37742/\37741/\37741/\37741/\37741/\37741/\37741/\37741/\37741/\37741.\37741/\37741/\37741/\37741/\37741/\37741/\37741/\37741.\37741/\37741/\37741.\37741/\37742/\37741/\37741/\37741/\37741/\37741/\37741/\37741/\37741/\37741/\37741/\37742/\37741/\37741/\37741.\37741/\37741/\37741/\37741/\37752/\3771.,\377\036\034\032\377\036\033\031\3772/,\377630\377520\377520\377520\377520\377520\377520\377520\377520\377520\377520\377520\377520\377520\377520\37752/\377520\377520\377520\377520\377520\37752/\377520\377520\377520\377520\37752/\37752/\377520\377520\377520\377520\377520\377520\377520\377520\377520\377520\377520\377520\377520\37752/\377520\377520\377520\377520\377520\377520\377520\377520\377520\37752/\377520\377520\37752/\377520\377520\377520\377520\37752/\377520\377520\377520\377520\377530\377520\37752/\377520\377520\37752/\377520\377520\377520\377520\377520\377520\377520\377520\377520\377520\377520\377520\377520\377520\377520\377520\37752/\37752/\377520\37752/\377520\377520\377520\37752/\377520\377630\3771/,\377\036\034\032\377\036\034\032\37720-\377741\377631\377631\377631\377631\377631\377631\377631\377631\377641\377631\377631\377631\377631\377630\377631\377631\377631\377641\377631\377631\377631\377641\377631\377641\377631\377631\377641\377641\377641\377631\377631\377641\377641\377641\377741\377641\377641\377741\377631\377631\377631\377641\377631\377631\377631\377631\377631\377631\377631\377630\377631\377631\377630\377631\377631\377631\377631\377631\377631\377631\377631\377631\377631\377631\377631\377631\377631\377631\377641\377641\377631\377641\377631\377631\377630\377630\377630\377631\377631\377631\377631\377631\377631\377631\377631\377631\377631\377631\377631\377631\377641\377631\377631\377630\377741\3772/-\377\036\034\032\377\036\034\032\37730-\377853\377852\377752\377852\377852\377852\377852\377842\377852\377852\377742\377742\377752\377852\377852\377852\377852\377752\377752\377842\377752\377752\377752\377752\377852\377852\377842\377852\377852\377852\377852\377852\377852\377852\377852\377852\377852\377842\377852\377852\377852\377852\377852\377852\377852\377742\377852\377752\377752\377752\377852\377852\377842\377752\377752\377742\377842\377752\377742\377752\377742\377842\377752\377852\377842\377742\377852\377852\377852\377852\377852\377852\377852\377852\377752\377852\377752\377852\377852\377742\377852\377752\377852\377742\377842\377752\377852\377752\377742\377842\377742\377742\377852\377852\377752\377852\37720-\377\036\034\032\377\036\034\032\37730.\377:74\377963\377964\377963\377963\377963\377964\377963\377963\377963\377963\377963\377963\377963\377964\377964\377963\377963\377963\377963\377963\377963\377963\377963\377964\377964\377963\377963\377964\377963\377963\377964\377963\377964\377963\377963\377963\377964\377963\377963\377963\377963\377963\377964\377964\377963\377963\377963\377963\377963\377963\377963\377963\377963\377963\377963\377963\377964\377963\377963\377963\377963\377:63\377964\377963\377964\377964\377963\377963\377963\377963\377963\377963\377963\377964\377964\377963\377963\377963\377963\377964\377963\377963\377963\377964\377963\377963\377963\377963\377963\377963\377963\377963\377963\377963\377974\37730-\377\036\034\032\377\036\034\032\37741/\377;85\377;75\377;85\377;85\377;85\377;85\377;85\377;85\377;85\377;85\377;85\377;85\377;85\377;85\377;85\377;85\377;85\377;85\377;85\377;85\377;85\377;85\377;85\377;85\377;85\377;85\377;85\377;85\377;85\377;85\377;85\377;85\377;85\377;85\377;85\377;85\377;85\377;85\377;85\377;85\377;85\377;85\377;85\377;85\377;85\377;85\377;85\377;85\377;85\377;85\377;85\377;85\377;85\377;85\377;85\377;85\377;85\377;85\377;75\377;85\377;85\377;85\377;85\377;85\377;85\377;85\377;85\377;85\377;85\377;85\377;85\377;85\377;85\377;85\377;85\377;85\377;85\377;85\377;85\377;85\377;85\377;85\377;85\377;85\377;85\377;85\377;85\377;85\377;85\377;85\377;85\377;85\377;85\377;75\377;75\377;85\37731.\377\036\034\032\377\036\034\032\37742/\377=:7\377=97\377=:7\377=97\377=96\377=:7\377=97\377=97\377=:7\377=97\377=97\377=:7\377=97\377=:7\377=97\377=:7\377=:7\377=:7\377=:7\377=:7\377=97\377=:7\377=:7\377=:7\377=:7\377=:7\377=:7\377=97\377=97\377=97\377=:7\377=:7\377=97\377=97\377=:7\377=97\377=:7\377=97\377=97\377=97\377=97\377=97\377=:7\377=97\377=:7\377=97\377=97\377=97\377=97\377=:7\377=97\377=:7\377=:7\377=97\377=97\377=:7\377=:7\377=:7\377=:7\377=:7\377=:7\377=:7\377=97\377=97\377=97\377=97\377=97\377=:7\377=:7\377=:7\377=:7\377=:7\377=:7\377=:7\377=97\377=97\377=97\377=96\377=:7\377=97\377=97\377=97\377=:7\377=:7\377=97\377=97\377=:7\377=97\377=97\377=:7\377=:7\377=:7\377=:7\377=:6\377=97\377=:7\37741/\377\036\034\032\377\036\034\032\377520\377@<9\377?;9\377?;9\377?<8\377?;8\377>;9\377?<9\377?<9\377?<9\377?;9\377?;9\377?<9\377?<9\377?<9\377?<9\377?<9\377?<9\377?<9\377?<9\377?<9\377?<9\377?<9\377?<9\377?<9\377?<9\377?<9\377?;9\377?<9\377?<9\377?<9\377?<9\377?<9\377?<8\377?;8\377?<9\377?;9\377?<9\377?;9\377?;9\377?;9\377?<9\377?<8\377?;9\377?;9\377?;9\377?;9\377?;9\377?;9\377?;9\377?;9\377?<8\377?<8\377?<9\377?<9\377?<9\377@<9\377?<9\377?<9\377?<9\377?<9\377?<9\377?<9\377?<9\377?<9\377?<9\377?<9\377?<9\377?<9\377?<9\377?<9\377?;9\377?<9\377?<9\377?<9\377?;9\377?<9\377?<9\377?<9\377?<9\377?<9\377?;9\377?<9\377?<9\377?<9\377?;9\377?<9\377?<9\377?<8\377?<9\377?<9\377?<8\377?<9\377?<8\377?<9\377?;9\377@=:\37752/\377\036\034\032\377\036\034\032\377631\377B>;\377A>;\377A>;\377A>;\377A>;\377A>;\377A>;\377A>;\377B>;\377A>;\377A>;\377B>;\377A>;\377A>;\377A>;\377B>;\377B>;\377A>;\377B>;\377A>;\377A>;\377A>;\377A>;\377A>;\377A>;\377A>;\377B>;\377A>;\377A>;\377A>;\377A>;\377A>;\377A>;\377A>;\377B>;\377A>;\377A>;\377A>;\377A>;\377A=;\377A=:\377A>;\377A>;\377A=:\377A>;\377A>;\377A>;\377A>;\377A>;\377A>;\377B>;\377B>;\377B>;\377B>;\377B>;\377B>;\377B>;\377B>;\377B>;\377B>;\377B>;\377A>;\377A>;\377B>;\377B>;\377B>;\377A>;\377A>;\377B>;\377A>;\377A>;\377A>;\377A>;\377A>;\377A>;\377A>;\377A>;\377A>;\377A>;\377A>;\377A=;\377A>;\377A>;\377A>;\377A>;\377A>;\377A>;\377A=;\377A=;\377A>:\377A=;\377A>;\377B>;\377A>;\377A>;\377B?<\377530\377\036\034\032\377\036\034\032\377641\377C@<\377B?<\377C?<\377C?<\377C?<\377C?<\377C@<\377C?=\377C?=\377C?<\377C@<\377C?<\377C?<\377C?<\377C?=\377C?<\377C?<\377C@<\377C?<\377C?<\377C@<\377C?<\377C@<\377C?<\377C?<\377C?<\377C?=\377C?<\377C?<\377C?<\377C?<\377C?<\377C?<\377C?<\377C?<\377C?<\377C?<\377C?<\377C?<\377C?<\377C?<\377C?<\377C?<\377C?<\377C?<\377C?<\377C?<\377C@=\377C@=\377C@<\377C@=\377C@=\377C@=\377C@=\377C@=\377C@<\377C@<\377D@=\377C@=\377C@=\377C@=\377C@=\377C@=\377C?=\377C?=\377C@=\377C@=\377C?=\377C@=\377C?<\377C@=\377C@<\377C@=\377C?=\377C@<\377C?=\377C?<\377C?<\377C@=\377C@=\377C@<\377C@<\377C@=\377C@<\377C?<\377C@=\377C?<\377C?<\377D@=\377D@=\377D@=\377D@=\377C@=\377C@=\377C@=\377D@=\377641\377\036\034\032\377\036\034\032\377742\377DA>\377D@=\377D@>\377D@=\377D@=\377D@=\377D@=\377D@=\377D@=\377D@=\377DA=\377D@=\377D@=\377D@>\377D@=\377D@=\377D@=\377DA=\377D@=\377D@=\377DA=\377DA=\377D@=\377D@=\377D@=\377D@=\377D@=\377D@=\377D@=\377D@=\377D@=\377D@=\377D@=\377D@=\377DA=\377D@=\377D@=\377D@=\377D@=\377D@=\377D@=\377D@=\377D@=\377DA>\377DA>\377DA>\377DA=\377DA>\377DA>\377EA>\377DA>\377E@>\377DA>\377DA>\377DA>\377DA>\377D@=\377D@=\377DA=\377DA>\377DA=\377D@>\377DA=\377DA=\377D@=\377DA=\377DA=\377DA=\377D@>\377D@=\377DA=\377DA>\377DA>\377DA>\377DA>\377D@=\377DA=\377DA=\377D@>\377DA>\377DA>\377DA=\377D@=\377DA>\377DA=\377EA>\377EA>\377EA>\377EA>\377EA>\377EA>\377EA>\377EA>\377EA>\377EA>\377EA>\377741\377\036\034\032\377\036\034\032\377742\377FB?\377EA>\377EA>\377EA>\377EA>\377EB>\377EB>\377EA>\377EA>\377EA>\377EA>\377EA>\377EA>\377EA?\377EB>\377EA>\377EA>\377EA>\377EB?\377EA>\377EA>\377EA>\377EA>\377EA?\377EA>\377EA>\377EA>\377EA>\377EA>\377EA>\377EA>\377EA>\377EA>\377EA>\377EA>\377EA>\377EA>\377EA>\377EA>\377EA>\377EB?\377FB?\377FB?\377FB?\377EB?\377EB?\377FB?\377EB?\377EB?\377FB?\377EB?\377EB?\377EB>\377FB?\377EA>\377EB>\377EB?\377EB>\377FB>\377EA?\377EB?\377FB>\377EA>\377EB?\377EA?\377EB>\377EB>\377EA?\377EB>\377EB>\377EA?\377EB?\377EA?\377EB>\377EB>\377EB>\377EB?\377EB>\377EB>\377EA>\377EB?\377EA>\377EB?\377FB?\377FB?\377FB?\377FB?\377FB?\377FB?\377FB?\377FB?\377FB?\377FB?\377FB?\377FB?\377FB?\377742\377\036\034\032\377\036\034\032\377852\377FC@\377FB?\377FC?\377FB?\377FB?\377FB@\377FB?\377FB@\377FB?\377FB?\377FB?\377FB?\377FB?\377FB?\377FB?\377FB?\377FB?\377FB?\377FB?\377FC?\377FB?\377FB?\377FB?\377FB?\377FB?\377FB?\377FB?\377FB?\377FB?\377FB?\377FB?\377FB@\377FB?\377FB?\377FB?\377FB?\377FB?\377GC@\377GC@\377GC@\377GC@\377GB@\377FC@\377FC@\377GC@\377FC@\377FB?\377FB?\377FB@\377FB?\377FC@\377FC@\377GC?\377GB@\377GC@\377GC?\377GC@\377FC?\377FC@\377FB@\377GC@\377FC@\377GC?\377FB?\377FB?\377GC@\377FB?\377FB?\377GC?\377FC?\377FC?\377FB?\377FC@\377GC?\377FB@\377FB?\377FC?\377FC?\377GB?\377GC@\377GC@\377GC@\377GC@\377GC@\377GC@\377GC@\377GC@\377GC@\377GC@\377GC@\377GC@\377GC@\377GC@\377GC@\377GC@\377GC@\377852\377\036\034\032\377\036\034\032\377862\377HD@\377GCA\377GD@\377GCA\377GC@\377GC@\377GC@\377GC@\377GC@\377GC@\377GC@\377GC@\377GC@\377GC@\377GC@\377GC@\377GC@\377GC@\377GC@\377GC@\377GD@\377GD@\377GC@\377GD@\377GC@\377GC@\377GC@\377GC@\377GC@\377GC@\377GC@\377GC@\377GC@\377GC@\377GDA\377HD@\377HDA\377HDA\377HDA\377HDA\377HDA\377GCA\377HD@\377GD@\377HCA\377GC@\377GD@\377HC@\377HC@\377HC@\377HDA\377GCA\377GCA\377GD@\377GC@\377HCA\377HCA\377GD@\377GD@\377GD@\377GDA\377GD@\377HC@\377GCA\377HD@\377GD@\377GD@\377HC@\377HC@\377HD@\377GDA\377HD@\377GC@\377GDA\377HC@\377HD@\377GC@\377GD@\377HD@\377GC@\377GC@\377HC@\377HC@\377GC@\377HC@\377GC@\377HC@\377GD@\377HCA\377HD@\377GC@\377HD@\377HC@\377HD@\377GD@\377HDA\377852\377\036\034\032\377\036\034\032\377963\377GC@\377GC@\377GC@\377GC@\377GC@\377GC@\377GC@\377GC@\377GC@\377GC@\377GC@\377GC@\377GC@\377GC@\377GC@\377GC@\377GC@\377GC@\377GC@\377GC@\377GC@\377GC@\377GC@\377GC@\377GC@\377GC@\377GC@\377GC@\377GC@\377GC@\377GC@\377GC@\377GC@\377GC@\377GC@\377GC@\377GC@\377GC@\377GC@\377GC@\377GC@\377GC@\377GC@\377GC@\377GC@\377GC@\377GC@\377GC@\377GC?\377GC@\377GC@\377GC@\377GC?\377GC@\377GC@\377GC@\377GC@\377GC@\377GC@\377GC@\377GC@\377GC@\377GC@\377GC@\377GC@\377GC@\377GC@\377GC@\377GC@\377GC@\377GC@\377GC@\377GC@\377GC@\377GC?\377FC@\377GC?\377GC@\377GC@\377GC@\377GC@\377GC@\377GC@\377FC@\377FC@\377GC@\377GC@\377GC@\377GC@\377GC@\377GC@\377GC@\377GC@\377FB?\377FC?\377GC@\377853\377\036\034\032\377\036\034\032\377963\377FC@\377FC?\377GB?\377FB?\377FB?\377FB?\377FB?\377FB?\377FB?\377FB?\377FB?\377FB?\377FB?\377FB?\377FB?\377FB@\377FB?\377FB?\377FB?\377FB@\377FB?\377FB?\377FB?\377FB?\377GC?\377FB?\377FB?\377FB?\377FB?\377FB?\377FB?\377FB?\377FB?\377FB?\377FB?\377FB?\377FB?\377FB?\377FB?\377FB?\377FB?\377FB?\377FB?\377FB?\377FB?\377FB?\377FB?\377FB?\377FB?\377FB?\377FB?\377FB?\377FB?\377FB?\377FB?\377FB?\377FB?\377FB?\377FB?\377FB?\377FB?\377FB?\377FB?\377FB?\377FB?\377FB?\377FB?\377FB?\377FB?\377FB?\377FB?\377FB?\377FB?\377FB?\377FB?\377FB?\377FB?\377FB?\377FB?\377FB?\377FB?\377FB?\377FB?\377FB?\377FB?\377FB?\377FB?\377FB?\377FB?\377FB?\377FB?\377FB?\377FB?\377FB?\377FB?\377FB?\377963\377\036\034\032\377\036\034\032\377:64\377FB?\377EB?\377EB?\377FB?\377FA?\377EB?\377FA?\377FB?\377FB?\377EA>\377EB?\377FB?\377FB>\377FB?\377FB>\377EB>\377EA?\377FB?\377FB?\377FA?\377FA?\377FB?\377EB?\377EB?\377EB>\377EB?\377EA?\377EB?\377EA>\377EB>\377EB>\377EB>\377EB?\377EA>\377EB>\377EA>\377EA?\377EA>\377EA?\377EA>\377EB>\377EA>\377EA>\377EB>\377EA>\377EA>\377EA>\377EA>\377EA>\377EB>\377EB>\377EA>\377EB>\377EB>\377EA>\377EA>\377EA?\377EA>\377EB>\377EA>\377EA>\377EA>\377EA>\377EB>\377EA>\377EA>\377EB>\377EB>\377EB?\377EA?\377EA>\377EA>\377EA>\377EA>\377EA?\377EB>\377EA>\377EA>\377EB>\377EB>\377EB>\377EB?\377EB>\377EA>\377EA>\377EA>\377EA>\377EA>\377EA>\377EA>\377EA>\377EA>\377EA>\377EA>\377EA>\377EA>\377964\377\036\034\032\377\036\034\032\377:74\377EA>\377EA>\377EA>\377EA>\377EA>\377EA>\377EA>\377EA>\377EA>\377EA>\377EA>\377EA>\377EA>\377EA>\377EA>\377EA>\377EA>\377EA>\377EA>\377EA>\377EA>\377EA>\377EA>\377EA>\377DA>\377EA>\377EA>\377DA>\377EA>\377DA>\377EA>\377DA>\377DA>\377DA=\377EA>\377EA>\377DA>\377EA>\377DA>\377DA>\377EA>\377DA>\377DA>\377DA=\377D@>\377DA>\377EA>\377D@>\377DA>\377DA>\377DA>\377DA>\377DA>\377E@>\377DA>\377E@>\377EA>\377DA>\377DA=\377DA>\377DA>\377EA>\377EA>\377DA>\377E@>\377DA>\377DA>\377DA=\377DA=\377DA>\377DA>\377DA>\377EA>\377EA=\377DA>\377EA>\377DA>\377DA>\377DA=\377E@=\377D@>\377D@=\377DA=\377DA=\377D@=\377DA=\377D@=\377DA>\377D@=\377DA=\377DA=\377DA>\377DA>\377D@=\377D@>\377DA>\377974\377\036\034\032\377\036\034\032\377:85\377D@=\377D@=\377D@=\377D@=\377D@=\377D@=\377D@=\377D@=\377D@=\377D@=\377D@=\377D@=\377D@=\377D@=\377D@=\377D@=\377D@=\377D@=\377D@=\377D@=\377D@=\377D@=\377D@=\377D@=\377D@=\377C@=\377D@=\377D@=\377D@=\377D@=\377D@=\377D@=\377D@=\377D@=\377D@=\377D@=\377D@=\377D@=\377D@=\377D@=\377D@=\377D@=\377D@=\377C@=\377D@=\377D@=\377D@=\377D@=\377D@=\377D@=\377D@=\377D@=\377D@=\377D@=\377C@=\377D@=\377D@=\377D@=\377D@=\377D@=\377D@=\377D@=\377D@=\377D@=\377D@=\377D@=\377D@=\377D@=\377D@=\377C@=\377D@=\377D@=\377D@=\377C@=\377C@=\377C@=\377D?<\377C@=\377D@=\377C@=\377D@<\377C@=\377C@=\377C@=\377C@=\377C?=\377C@=\377C@=\377D@=\377C@=\377C@=\377C@=\377D@=\377C@=\377D@=\377D@=\377:75\377\036\034\032\377\036\034\032\377;85\377B>;\377C?<\377C@=\377C@<\377C@<\377C?=\377C?=\377C?<\377C@=\377C?<\377C?<\377C?<\377C?<\377C?<\377C?<\377C?<\377C?<\377C?<\377C?<\377C?<\377C?<\377C?<\377C?<\377C?<\377C?<\377C?<\377C?<\377C?<\377C?<\377C?<\377C?<\377C?<\377C?<\377C?<\377C?<\377C?<\377C?<\377C?<\377C?<\377C?<\377C?<\377C?<\377C?<\377C?<\377C?<\377C?<\377C?<\377C?<\377C?<\377C?<\377C@<\377C?<\377C?<\377C?<\377C?<\377C?<\377C?<\377C?<\377C?<\377C?<\377C?<\377C?<\377C?<\377C?<\377C?<\377C?<\377C?<\377C?<\377C?<\377C?<\377C?<\377C?<\377C?<\377C?<\377C?<\377B?<\377B?<\377C?<\377C?<\377C?<\377C?<\377C?<\377C?<\377C?<\377C?<\377C?<\377B?<\377C?<\377C?<\377B?<\377C?<\377C?<\377C?<\377C?<\377C?<\377B>;\377:85\377\036\034\032\377\036\034\032\35442/\377?<9\377B>;\377C?<\377C?<\377B?<\377B?<\377B?<\377B?<\377C><\377B?<\377B><\377B?<\377C?<\377B?<\377C?<\377B?<\377B><\377B?<\377B><\377B?<\377B?<\377B?<\377B?<\377B?<\377B?<\377B?<\377B?<\377B?<\377C?<\377C?<\377B?<\377B?<\377B><\377B?<\377B?;\377B?<\377B><\377B?<\377B?<\377B?<\377B?<\377B><\377B><\377B?<\377B?<\377B?<\377B?<\377B?;\377C><\377B><\377B?<\377B?<\377B?<\377B?<\377B?;\377B?<\377B><\377B><\377B><\377B><\377B?<\377B?<\377B><\377B?<\377B><\377B>;\377B>;\377B>;\377B>;\377B>;\377B?<\377B>;\377B?<\377B>;\377B><\377B>;\377B>;\377B>;\377B>;\377B><\377B><\377B><\377B>;\377B>;\377B><\377B>;\377B>;\377B><\377B>;\377B><\377B>;\377B><\377B><\377B><\377A>;\377?<9\37741/\377\036\034\032\354\036\034\032\222$\"\037\377520\377<97\377<97\377<96\377<96\377<96\377<96\377<97\377<97\377<96\377<97\377<96\377<96\377<96\377<96\377<96\377<96\377<96\377<96\377<96\377<96\377<96\377<96\377<96\377<96\377<96\377<96\377<96\377<96\377<96\377<96\377<96\377<96\377<96\377<96\377<96\377<96\377<96\377<96\377<96\377<96\377<96\377<96\377<96\377<96\377<96\377<96\377<96\377<96\377<96\377<96\377<96\377<96\377<96\377<96\377<96\377<96\377<96\377<96\377<96\377<96\377<96\377;96\377<97\377<96\377<96\377<96\377<96\377<96\377<96\377<96\377<96\377<96\377;96\377<96\377<96\377;96\377<96\377<96\377<96\377<96\377<96\377;96\377<96\377<96\377;96\377<96\377<96\377<96\377<96\377;96\377<96\377<96\377<96\377;86\37752/\377$!\037\377\036\034\032\222\036\034\032\037\036\034\032\222\036\034\032\354\036\034\032\377\036\034\032\377\036\034\032\377\036\034\032\377\036\034\032\377\036\034\032\377\036\034\032\377\036\034\032\377\036\034\032\377\036\034\032\377\036\034\032\377\036\034\032\377\036\034\032\377\036\034\032\377\036\034\032\377\036\034\032\377\036\034\032\377\036\034\032\377\036\034\032\377\036\034\032\377\036\034\032\377\036\034\032\377\036\034\032\377\036\034\032\377\036\034\032\377\036\034\032\377\036\034\032\377\036\034\032\377\036\034\032\377\036\034\032\377\036\034\032\377\036\034\032\377\036\034\032\377\036\034\032\377\036\034\032\377\036\034\032\377\036\034\032\377\036\034\032\377\036\034\032\377\036\034\032\377\036\034\032\377\036\034\032\377\036\034\032\377\036\034\032\377\036\034\032\377\036\034\032\377\036\034\032\377\036\034\032\377\036\034\032\377\036\034\032\377\036\034\032\377\036\034\032\377\036\034\032\377\036\034\032\377\036\034\032\377\036\034\032\377\036\034\032\377\036\034\032\377\036\034\032\377\036\034\032\377\036\034\032\377\036\034\032\377\036\034\032\377\036\034\032\377\036\034\032\377\036\034\032\377\036\034\032\377\036\034\032\377\036\034\032\377\036\034\032\377\036\034\032\377\036\034\032\377\036\034\032\377\036\034\032\377\036\034\032\377\036\034\032\377\036\034\032\377\036\034\032\377\036\034\032\377\036\034\032\377\036\034\032\377\036\034\032\377\036\034\032\377\036\034\032\377\036\034\032\377\036\034\032\377\036\034\032\377\036\034\032\377\036\034\032\377\036\034\032\377\036\034\032\377\036\034\032\377\036\034\032\377\036\034\032\377\036\034\032\354\036\034\032\222\036\034\032\037"
	.size	acDARK_Button_Down_100x30, 12017

	.section	.debug_abbrev,"",%progbits
	.byte	1                               @ Abbreviation Code
	.byte	17                              @ DW_TAG_compile_unit
	.byte	1                               @ DW_CHILDREN_yes
	.byte	37                              @ DW_AT_producer
	.byte	14                              @ DW_FORM_strp
	.byte	19                              @ DW_AT_language
	.byte	5                               @ DW_FORM_data2
	.byte	3                               @ DW_AT_name
	.byte	14                              @ DW_FORM_strp
	.byte	16                              @ DW_AT_stmt_list
	.byte	23                              @ DW_FORM_sec_offset
	.byte	27                              @ DW_AT_comp_dir
	.byte	14                              @ DW_FORM_strp
	.byte	0                               @ EOM(1)
	.byte	0                               @ EOM(2)
	.byte	2                               @ Abbreviation Code
	.byte	52                              @ DW_TAG_variable
	.byte	0                               @ DW_CHILDREN_no
	.byte	3                               @ DW_AT_name
	.byte	14                              @ DW_FORM_strp
	.byte	73                              @ DW_AT_type
	.byte	19                              @ DW_FORM_ref4
	.byte	63                              @ DW_AT_external
	.byte	25                              @ DW_FORM_flag_present
	.byte	58                              @ DW_AT_decl_file
	.byte	11                              @ DW_FORM_data1
	.byte	59                              @ DW_AT_decl_line
	.byte	11                              @ DW_FORM_data1
	.byte	2                               @ DW_AT_location
	.byte	24                              @ DW_FORM_exprloc
	.byte	0                               @ EOM(1)
	.byte	0                               @ EOM(2)
	.byte	3                               @ Abbreviation Code
	.byte	1                               @ DW_TAG_array_type
	.byte	1                               @ DW_CHILDREN_yes
	.byte	73                              @ DW_AT_type
	.byte	19                              @ DW_FORM_ref4
	.byte	0                               @ EOM(1)
	.byte	0                               @ EOM(2)
	.byte	4                               @ Abbreviation Code
	.byte	33                              @ DW_TAG_subrange_type
	.byte	0                               @ DW_CHILDREN_no
	.byte	73                              @ DW_AT_type
	.byte	19                              @ DW_FORM_ref4
	.byte	55                              @ DW_AT_count
	.byte	5                               @ DW_FORM_data2
	.byte	0                               @ EOM(1)
	.byte	0                               @ EOM(2)
	.byte	5                               @ Abbreviation Code
	.byte	38                              @ DW_TAG_const_type
	.byte	0                               @ DW_CHILDREN_no
	.byte	73                              @ DW_AT_type
	.byte	19                              @ DW_FORM_ref4
	.byte	0                               @ EOM(1)
	.byte	0                               @ EOM(2)
	.byte	6                               @ Abbreviation Code
	.byte	36                              @ DW_TAG_base_type
	.byte	0                               @ DW_CHILDREN_no
	.byte	3                               @ DW_AT_name
	.byte	14                              @ DW_FORM_strp
	.byte	62                              @ DW_AT_encoding
	.byte	11                              @ DW_FORM_data1
	.byte	11                              @ DW_AT_byte_size
	.byte	11                              @ DW_FORM_data1
	.byte	0                               @ EOM(1)
	.byte	0                               @ EOM(2)
	.byte	7                               @ Abbreviation Code
	.byte	36                              @ DW_TAG_base_type
	.byte	0                               @ DW_CHILDREN_no
	.byte	3                               @ DW_AT_name
	.byte	14                              @ DW_FORM_strp
	.byte	11                              @ DW_AT_byte_size
	.byte	11                              @ DW_FORM_data1
	.byte	62                              @ DW_AT_encoding
	.byte	11                              @ DW_FORM_data1
	.byte	0                               @ EOM(1)
	.byte	0                               @ EOM(2)
	.byte	0                               @ EOM(3)
	.section	.debug_info,"",%progbits
.Lcu_begin0:
	.long	.Ldebug_info_end0-.Ldebug_info_start0 @ Length of Unit
.Ldebug_info_start0:
	.short	4                               @ DWARF version number
	.long	.debug_abbrev                   @ Offset Into Abbrev. Section
	.byte	4                               @ Address Size (in bytes)
	.byte	1                               @ Abbrev [1] 0xb:0x45 DW_TAG_compile_unit
	.long	.Linfo_string0                  @ DW_AT_producer
	.short	12                              @ DW_AT_language
	.long	.Linfo_string1                  @ DW_AT_name
	.long	.Lline_table_start0             @ DW_AT_stmt_list
	.long	.Linfo_string2                  @ DW_AT_comp_dir
	.byte	2                               @ Abbrev [2] 0x1e:0x11 DW_TAG_variable
	.long	.Linfo_string3                  @ DW_AT_name
	.long	47                              @ DW_AT_type
                                        @ DW_AT_external
	.byte	1                               @ DW_AT_decl_file
	.byte	28                              @ DW_AT_decl_line
	.byte	5                               @ DW_AT_location
	.byte	3
	.long	acDARK_Button_Down_100x30
	.byte	3                               @ Abbrev [3] 0x2f:0xd DW_TAG_array_type
	.long	60                              @ DW_AT_type
	.byte	4                               @ Abbrev [4] 0x34:0x7 DW_TAG_subrange_type
	.long	72                              @ DW_AT_type
	.short	12017                           @ DW_AT_count
	.byte	0                               @ End Of Children Mark
	.byte	5                               @ Abbrev [5] 0x3c:0x5 DW_TAG_const_type
	.long	65                              @ DW_AT_type
	.byte	6                               @ Abbrev [6] 0x41:0x7 DW_TAG_base_type
	.long	.Linfo_string4                  @ DW_AT_name
	.byte	8                               @ DW_AT_encoding
	.byte	1                               @ DW_AT_byte_size
	.byte	7                               @ Abbrev [7] 0x48:0x7 DW_TAG_base_type
	.long	.Linfo_string5                  @ DW_AT_name
	.byte	8                               @ DW_AT_byte_size
	.byte	7                               @ DW_AT_encoding
	.byte	0                               @ End Of Children Mark
.Ldebug_info_end0:
	.section	.debug_str,"MS",%progbits,1
.Linfo_string0:
	.asciz	"Component: Arm Compiler for Embedded 6.22 Tool: armclang [5ee92100]" @ string offset=0
.Linfo_string1:
	.asciz	"Application/Resource/Image\\DARK_Button_Down_100x30.c" @ string offset=68
.Linfo_string2:
	.asciz	"C:\\Users\\dinhl\\Documents\\Tesy\\EEET2481_A3_TETRISGAME" @ string offset=121
.Linfo_string3:
	.asciz	"acDARK_Button_Down_100x30"     @ string offset=174
.Linfo_string4:
	.asciz	"unsigned char"                 @ string offset=200
.Linfo_string5:
	.asciz	"__ARRAY_SIZE_TYPE__"           @ string offset=214
	.ident	"Component: Arm Compiler for Embedded 6.22 Tool: armclang [5ee92100]"
	.section	".note.GNU-stack","",%progbits
	.ARM_attribute	16, 1	@ Tag_AV_eba
	.section	.debug_line,"",%progbits
.Lline_table_start0:
