	.text
	.syntax unified
	.eabi_attribute	67, "2.09"	@ Tag_conformance
	.cpu	cortex-m4
	.eabi_attribute	6, 13	@ Tag_CPU_arch
	.eabi_attribute	7, 77	@ Tag_CPU_arch_profile
	.eabi_attribute	8, 0	@ Tag_ARM_ISA_use
	.eabi_attribute	9, 2	@ Tag_THUMB_ISA_use
	.fpu	fpv4-sp-d16
	.eabi_attribute	27, 1	@ Tag_ABI_HardFP_use
	.eabi_attribute	36, 1	@ Tag_FP_HP_extension
	.eabi_attribute	34, 1	@ Tag_CPU_unaligned_access
	.eabi_attribute	17, 1	@ Tag_ABI_PCS_GOT_use
	.eabi_attribute	20, 2	@ Tag_ABI_FP_denormal
	.eabi_attribute	21, 0	@ Tag_ABI_FP_exceptions
	.eabi_attribute	23, 1	@ Tag_ABI_FP_number_model
	.eabi_attribute	24, 1	@ Tag_ABI_align_needed
	.eabi_attribute	25, 1	@ Tag_ABI_align_preserved
	.eabi_attribute	28, 1	@ Tag_ABI_VFP_args
	.eabi_attribute	38, 1	@ Tag_ABI_FP_16bit_format
	.eabi_attribute	18, 2	@ Tag_ABI_PCS_wchar_t
	.eabi_attribute	26, 1	@ Tag_ABI_enum_size
	.eabi_attribute	14, 0	@ Tag_ABI_PCS_R9_use
	.file	"eadc.c"
	.file	1 "C:\\Users\\dinhl" "AppData\\Local\\Keil_v5\\ARM\\ARMCLANG\\bin\\..\\include\\stdint.h"
	.file	2 "C:\\Users\\dinhl\\Documents\\Tesy\\EEET2481_A3_TETRISGAME" "Library/StdDriver/src/eadc.c"
	.section	.text.EADC_Open,"ax",%progbits
	.hidden	EADC_Open                       @ -- Begin function EADC_Open
	.globl	EADC_Open
	.p2align	2
	.type	EADC_Open,%function
	.code	16                              @ @EADC_Open
	.thumb_func
EADC_Open:
.Lfunc_begin0:
	.fnstart
	.cfi_sections .debug_frame
	.cfi_startproc
@ %bb.0:
	@DEBUG_VALUE: EADC_Open:eadc <- $r0
	@DEBUG_VALUE: EADC_Open:u32InputMode <- $r1
	.loc	2 38 25 prologue_end            @ Library/StdDriver/src/eadc.c:38:25
	movw	r2, :lower16:SystemCoreClock
	movt	r2, :upper16:SystemCoreClock
	.loc	2 40 23                         @ Library/StdDriver/src/eadc.c:40:23
	movw	r12, :lower16:g_EADC_i32ErrCode
	.loc	2 38 25                         @ Library/StdDriver/src/eadc.c:38:25
	ldr	r3, [r2]
.Ltmp0:
	@DEBUG_VALUE: EADC_Open:u32Delay <- $r3
	.loc	2 40 23                         @ Library/StdDriver/src/eadc.c:40:23
	movt	r12, :upper16:g_EADC_i32ErrCode
	movs	r2, #0
	str.w	r2, [r12]
	.loc	2 42 15                         @ Library/StdDriver/src/eadc.c:42:15
	ldr	r2, [r0, #80]
	bic	r2, r2, #256
	str	r2, [r0, #80]
	.loc	2 44 15                         @ Library/StdDriver/src/eadc.c:44:15
	ldr	r2, [r0, #80]
	orrs	r1, r2
.Ltmp1:
	@DEBUG_VALUE: EADC_Open:u32InputMode <- [DW_OP_LLVM_entry_value 1] $r1
	orr	r1, r1, #1
	str	r1, [r0, #80]
	b	.LBB0_3
.Ltmp2:
	.p2align	2
.LBB0_1:                                @   in Loop: Header=BB0_3 Depth=1
	@DEBUG_VALUE: EADC_Open:u32Delay <- [DW_OP_constu 3, DW_OP_minus, DW_OP_stack_value] $r3
	@DEBUG_VALUE: EADC_Open:u32InputMode <- [DW_OP_LLVM_entry_value 1] $r1
	@DEBUG_VALUE: EADC_Open:eadc <- $r0
	@DEBUG_VALUE: EADC_Open:u32Delay <- [DW_OP_constu 3, DW_OP_minus, DW_OP_stack_value] $r3
	.loc	2 45 20                         @ Library/StdDriver/src/eadc.c:45:20
	ldr.w	r1, [r0, #272]
	.loc	2 45 5 is_stmt 0                @ Library/StdDriver/src/eadc.c:45:5
	lsls	r1, r1, #31
	.loc	2 53 1 is_stmt 1                @ Library/StdDriver/src/eadc.c:53:1
	it	ne
	bxne	lr
.Ltmp3:
.LBB0_2:                                @   in Loop: Header=BB0_3 Depth=1
	@DEBUG_VALUE: EADC_Open:u32Delay <- [DW_OP_constu 3, DW_OP_minus, DW_OP_stack_value] $r3
	@DEBUG_VALUE: EADC_Open:u32InputMode <- [DW_OP_LLVM_entry_value 1] $r1
	@DEBUG_VALUE: EADC_Open:eadc <- $r0
	.loc	2 47 13                         @ Library/StdDriver/src/eadc.c:47:13
	subs	r3, #4
.Ltmp4:
	@DEBUG_VALUE: EADC_Open:u32Delay <- $r3
	.loc	2 47 13 is_stmt 0               @ Library/StdDriver/src/eadc.c:47:13
	beq	.LBB0_9
.Ltmp5:
.LBB0_3:                                @ =>This Inner Loop Header: Depth=1
	@DEBUG_VALUE: EADC_Open:u32InputMode <- [DW_OP_LLVM_entry_value 1] $r1
	@DEBUG_VALUE: EADC_Open:u32Delay <- $r3
	@DEBUG_VALUE: EADC_Open:eadc <- $r0
	@DEBUG_VALUE: EADC_Open:u32Delay <- $r3
	.loc	2 45 20 is_stmt 1               @ Library/StdDriver/src/eadc.c:45:20
	ldr.w	r1, [r0, #272]
	.loc	2 45 5 is_stmt 0                @ Library/StdDriver/src/eadc.c:45:5
	lsls	r1, r1, #31
	bne	.LBB0_10
.Ltmp6:
@ %bb.4:                                @   in Loop: Header=BB0_3 Depth=1
	@DEBUG_VALUE: EADC_Open:u32InputMode <- [DW_OP_LLVM_entry_value 1] $r1
	@DEBUG_VALUE: EADC_Open:u32Delay <- $r3
	@DEBUG_VALUE: EADC_Open:eadc <- $r0
	@DEBUG_VALUE: EADC_Open:u32Delay <- [DW_OP_constu 1, DW_OP_minus, DW_OP_stack_value] $r3
	.loc	2 47 13 is_stmt 1               @ Library/StdDriver/src/eadc.c:47:13
	cmp	r3, #1
	beq	.LBB0_9
.Ltmp7:
@ %bb.5:                                @   in Loop: Header=BB0_3 Depth=1
	@DEBUG_VALUE: EADC_Open:u32Delay <- [DW_OP_constu 1, DW_OP_minus, DW_OP_stack_value] $r3
	@DEBUG_VALUE: EADC_Open:u32InputMode <- [DW_OP_LLVM_entry_value 1] $r1
	@DEBUG_VALUE: EADC_Open:eadc <- $r0
	@DEBUG_VALUE: EADC_Open:u32Delay <- [DW_OP_constu 1, DW_OP_minus, DW_OP_stack_value] $r3
	.loc	2 45 20                         @ Library/StdDriver/src/eadc.c:45:20
	ldr.w	r1, [r0, #272]
	.loc	2 45 5 is_stmt 0                @ Library/StdDriver/src/eadc.c:45:5
	lsls	r1, r1, #31
	bne	.LBB0_10
.Ltmp8:
@ %bb.6:                                @   in Loop: Header=BB0_3 Depth=1
	@DEBUG_VALUE: EADC_Open:u32Delay <- [DW_OP_constu 1, DW_OP_minus, DW_OP_stack_value] $r3
	@DEBUG_VALUE: EADC_Open:u32InputMode <- [DW_OP_LLVM_entry_value 1] $r1
	@DEBUG_VALUE: EADC_Open:eadc <- $r0
	@DEBUG_VALUE: EADC_Open:u32Delay <- [DW_OP_constu 2, DW_OP_minus, DW_OP_stack_value] $r3
	.loc	2 47 13 is_stmt 1               @ Library/StdDriver/src/eadc.c:47:13
	cmp	r3, #2
	beq	.LBB0_9
.Ltmp9:
@ %bb.7:                                @   in Loop: Header=BB0_3 Depth=1
	@DEBUG_VALUE: EADC_Open:u32Delay <- [DW_OP_constu 2, DW_OP_minus, DW_OP_stack_value] $r3
	@DEBUG_VALUE: EADC_Open:u32InputMode <- [DW_OP_LLVM_entry_value 1] $r1
	@DEBUG_VALUE: EADC_Open:eadc <- $r0
	@DEBUG_VALUE: EADC_Open:u32Delay <- [DW_OP_constu 2, DW_OP_minus, DW_OP_stack_value] $r3
	.loc	2 45 20                         @ Library/StdDriver/src/eadc.c:45:20
	ldr.w	r1, [r0, #272]
	.loc	2 45 5 is_stmt 0                @ Library/StdDriver/src/eadc.c:45:5
	lsls	r1, r1, #31
	bne	.LBB0_10
.Ltmp10:
@ %bb.8:                                @   in Loop: Header=BB0_3 Depth=1
	@DEBUG_VALUE: EADC_Open:u32Delay <- [DW_OP_constu 2, DW_OP_minus, DW_OP_stack_value] $r3
	@DEBUG_VALUE: EADC_Open:u32InputMode <- [DW_OP_LLVM_entry_value 1] $r1
	@DEBUG_VALUE: EADC_Open:eadc <- $r0
	@DEBUG_VALUE: EADC_Open:u32Delay <- [DW_OP_constu 3, DW_OP_minus, DW_OP_stack_value] $r3
	.loc	2 47 13 is_stmt 1               @ Library/StdDriver/src/eadc.c:47:13
	cmp	r3, #3
	bne	.LBB0_1
.Ltmp11:
.LBB0_9:
	@DEBUG_VALUE: EADC_Open:u32InputMode <- [DW_OP_LLVM_entry_value 1] $r1
	@DEBUG_VALUE: EADC_Open:eadc <- $r0
	.loc	2 0 13 is_stmt 0                @ Library/StdDriver/src/eadc.c:0:13
	mov.w	r0, #-1
.Ltmp12:
	@DEBUG_VALUE: EADC_Open:eadc <- [DW_OP_LLVM_entry_value 1] $r0
	.loc	2 49 31 is_stmt 1               @ Library/StdDriver/src/eadc.c:49:31
	str.w	r0, [r12]
.Ltmp13:
.LBB0_10:
	@DEBUG_VALUE: EADC_Open:u32InputMode <- [DW_OP_LLVM_entry_value 1] $r1
	.loc	2 53 1                          @ Library/StdDriver/src/eadc.c:53:1
	bx	lr
.Ltmp14:
.Lfunc_end0:
	.size	EADC_Open, .Lfunc_end0-EADC_Open
	.cfi_endproc
	.cantunwind
	.fnend
                                        @ -- End function
	.section	.text.EADC_Close,"ax",%progbits
	.hidden	EADC_Close                      @ -- Begin function EADC_Close
	.globl	EADC_Close
	.p2align	2
	.type	EADC_Close,%function
	.code	16                              @ @EADC_Close
	.thumb_func
EADC_Close:
.Lfunc_begin1:
	.fnstart
	.cfi_startproc
@ %bb.0:
	@DEBUG_VALUE: EADC_Close:eadc <- $r0
	.loc	2 63 15 prologue_end            @ Library/StdDriver/src/eadc.c:63:15
	ldr	r1, [r0, #80]
	bic	r1, r1, #1
	str	r1, [r0, #80]
	.loc	2 64 1                          @ Library/StdDriver/src/eadc.c:64:1
	bx	lr
.Ltmp15:
.Lfunc_end1:
	.size	EADC_Close, .Lfunc_end1-EADC_Close
	.cfi_endproc
	.cantunwind
	.fnend
                                        @ -- End function
	.section	.text.EADC_ConfigSampleModule,"ax",%progbits
	.hidden	EADC_ConfigSampleModule         @ -- Begin function EADC_ConfigSampleModule
	.globl	EADC_ConfigSampleModule
	.p2align	2
	.type	EADC_ConfigSampleModule,%function
	.code	16                              @ @EADC_ConfigSampleModule
	.thumb_func
EADC_ConfigSampleModule:
.Lfunc_begin2:
	.fnstart
	.cfi_startproc
@ %bb.0:
	@DEBUG_VALUE: EADC_ConfigSampleModule:eadc <- $r0
	@DEBUG_VALUE: EADC_ConfigSampleModule:u32ModuleNum <- $r1
	@DEBUG_VALUE: EADC_ConfigSampleModule:u32TriggerSrc <- $r2
	@DEBUG_VALUE: EADC_ConfigSampleModule:u32Channel <- $r3
	.loc	2 105 11 prologue_end           @ Library/StdDriver/src/eadc.c:105:11
	add.w	r0, r0, r1, lsl #2
.Ltmp16:
	@DEBUG_VALUE: EADC_ConfigSampleModule:eadc <- [DW_OP_LLVM_entry_value 1] $r0
	.loc	2 105 30 is_stmt 0              @ Library/StdDriver/src/eadc.c:105:30
	ldr.w	r12, [r0, #128]
	movw	r1, #65472
.Ltmp17:
	@DEBUG_VALUE: EADC_ConfigSampleModule:u32ModuleNum <- [DW_OP_LLVM_entry_value 1] $r1
	.loc	2 0 30                          @ Library/StdDriver/src/eadc.c:0:30
	movt	r1, #65504
	.loc	2 105 30                        @ Library/StdDriver/src/eadc.c:105:30
	and.w	r1, r1, r12
	str.w	r1, [r0, #128]
	.loc	2 106 30 is_stmt 1              @ Library/StdDriver/src/eadc.c:106:30
	ldr.w	r1, [r0, #128]
	.loc	2 106 48 is_stmt 0              @ Library/StdDriver/src/eadc.c:106:48
	orrs	r2, r3
.Ltmp18:
	@DEBUG_VALUE: EADC_ConfigSampleModule:u32TriggerSrc <- [DW_OP_LLVM_entry_value 1] $r2
	.loc	2 106 30                        @ Library/StdDriver/src/eadc.c:106:30
	orrs	r1, r2
	str.w	r1, [r0, #128]
	.loc	2 107 1 is_stmt 1               @ Library/StdDriver/src/eadc.c:107:1
	bx	lr
.Ltmp19:
.Lfunc_end2:
	.size	EADC_ConfigSampleModule, .Lfunc_end2-EADC_ConfigSampleModule
	.cfi_endproc
	.cantunwind
	.fnend
                                        @ -- End function
	.section	.text.EADC_SetTriggerDelayTime,"ax",%progbits
	.hidden	EADC_SetTriggerDelayTime        @ -- Begin function EADC_SetTriggerDelayTime
	.globl	EADC_SetTriggerDelayTime
	.p2align	2
	.type	EADC_SetTriggerDelayTime,%function
	.code	16                              @ @EADC_SetTriggerDelayTime
	.thumb_func
EADC_SetTriggerDelayTime:
.Lfunc_begin3:
	.fnstart
	.cfi_startproc
@ %bb.0:
	@DEBUG_VALUE: EADC_SetTriggerDelayTime:eadc <- $r0
	@DEBUG_VALUE: EADC_SetTriggerDelayTime:u32ModuleNum <- $r1
	@DEBUG_VALUE: EADC_SetTriggerDelayTime:u32TriggerDelayTime <- $r2
	@DEBUG_VALUE: EADC_SetTriggerDelayTime:u32DelayClockDivider <- $r3
	.loc	2 129 11 prologue_end           @ Library/StdDriver/src/eadc.c:129:11
	add.w	r0, r0, r1, lsl #2
.Ltmp20:
	@DEBUG_VALUE: EADC_SetTriggerDelayTime:eadc <- [DW_OP_LLVM_entry_value 1] $r0
	.loc	2 129 30 is_stmt 0              @ Library/StdDriver/src/eadc.c:129:30
	ldr.w	r12, [r0, #128]
	movw	r1, #65472
.Ltmp21:
	@DEBUG_VALUE: EADC_SetTriggerDelayTime:u32ModuleNum <- [DW_OP_LLVM_entry_value 1] $r1
	bic.w	r1, r12, r1
	str.w	r1, [r0, #128]
	.loc	2 130 30 is_stmt 1              @ Library/StdDriver/src/eadc.c:130:30
	ldr.w	r1, [r0, #128]
	.loc	2 130 83 is_stmt 0              @ Library/StdDriver/src/eadc.c:130:83
	orr.w	r2, r3, r2, lsl #8
.Ltmp22:
	@DEBUG_VALUE: EADC_SetTriggerDelayTime:u32TriggerDelayTime <- [DW_OP_LLVM_entry_value 1] $r2
	.loc	2 130 30                        @ Library/StdDriver/src/eadc.c:130:30
	orrs	r1, r2
	str.w	r1, [r0, #128]
	.loc	2 131 1 is_stmt 1               @ Library/StdDriver/src/eadc.c:131:1
	bx	lr
.Ltmp23:
.Lfunc_end3:
	.size	EADC_SetTriggerDelayTime, .Lfunc_end3-EADC_SetTriggerDelayTime
	.cfi_endproc
	.cantunwind
	.fnend
                                        @ -- End function
	.section	.text.EADC_SetExtendSampleTime,"ax",%progbits
	.hidden	EADC_SetExtendSampleTime        @ -- Begin function EADC_SetExtendSampleTime
	.globl	EADC_SetExtendSampleTime
	.p2align	2
	.type	EADC_SetExtendSampleTime,%function
	.code	16                              @ @EADC_SetExtendSampleTime
	.thumb_func
EADC_SetExtendSampleTime:
.Lfunc_begin4:
	.fnstart
	.cfi_startproc
@ %bb.0:
	@DEBUG_VALUE: EADC_SetExtendSampleTime:eadc <- $r0
	@DEBUG_VALUE: EADC_SetExtendSampleTime:u32ModuleNum <- $r1
	@DEBUG_VALUE: EADC_SetExtendSampleTime:u32ExtendSampleTime <- $r2
	.loc	2 144 11 prologue_end           @ Library/StdDriver/src/eadc.c:144:11
	add.w	r0, r0, r1, lsl #2
.Ltmp24:
	@DEBUG_VALUE: EADC_SetExtendSampleTime:eadc <- [DW_OP_LLVM_entry_value 1] $r0
	.loc	2 144 30 is_stmt 0              @ Library/StdDriver/src/eadc.c:144:30
	ldr.w	r1, [r0, #128]
.Ltmp25:
	@DEBUG_VALUE: EADC_SetExtendSampleTime:u32ModuleNum <- [DW_OP_LLVM_entry_value 1] $r1
	bic	r1, r1, #-16777216
	str.w	r1, [r0, #128]
	.loc	2 146 30 is_stmt 1              @ Library/StdDriver/src/eadc.c:146:30
	ldr.w	r1, [r0, #128]
	orr.w	r1, r1, r2, lsl #24
	str.w	r1, [r0, #128]
	.loc	2 148 1                         @ Library/StdDriver/src/eadc.c:148:1
	bx	lr
.Ltmp26:
.Lfunc_end4:
	.size	EADC_SetExtendSampleTime, .Lfunc_end4-EADC_SetExtendSampleTime
	.cfi_endproc
	.cantunwind
	.fnend
                                        @ -- End function
	.hidden	g_EADC_i32ErrCode               @ @g_EADC_i32ErrCode
	.type	g_EADC_i32ErrCode,%object
	.section	.bss.g_EADC_i32ErrCode,"aw",%nobits
	.globl	g_EADC_i32ErrCode
	.p2align	2, 0x0
g_EADC_i32ErrCode:
	.long	0                               @ 0x0
	.size	g_EADC_i32ErrCode, 4

	.file	3 "C:\\Users\\dinhl\\Documents\\Tesy\\EEET2481_A3_TETRISGAME" "./Library/Device/Nuvoton/M480/Include\\eadc_reg.h"
	.section	.debug_loc,"",%progbits
.Ldebug_loc0:
	.long	-1
	.long	.Lfunc_begin0                   @   base address
	.long	.Lfunc_begin0-.Lfunc_begin0
	.long	.Ltmp12-.Lfunc_begin0
	.short	1                               @ Loc expr size
	.byte	80                              @ DW_OP_reg0
	.long	.Ltmp12-.Lfunc_begin0
	.long	.Ltmp13-.Lfunc_begin0
	.short	4                               @ Loc expr size
	.byte	243                             @ DW_OP_GNU_entry_value
	.byte	1                               @ 1
	.byte	80                              @ DW_OP_reg0
	.byte	159                             @ DW_OP_stack_value
	.long	0
	.long	0
.Ldebug_loc1:
	.long	-1
	.long	.Lfunc_begin0                   @   base address
	.long	.Lfunc_begin0-.Lfunc_begin0
	.long	.Ltmp1-.Lfunc_begin0
	.short	1                               @ Loc expr size
	.byte	81                              @ DW_OP_reg1
	.long	.Ltmp1-.Lfunc_begin0
	.long	.Lfunc_end0-.Lfunc_begin0
	.short	4                               @ Loc expr size
	.byte	243                             @ DW_OP_GNU_entry_value
	.byte	1                               @ 1
	.byte	81                              @ DW_OP_reg1
	.byte	159                             @ DW_OP_stack_value
	.long	0
	.long	0
.Ldebug_loc2:
	.long	-1
	.long	.Lfunc_begin0                   @   base address
	.long	.Ltmp0-.Lfunc_begin0
	.long	.Ltmp2-.Lfunc_begin0
	.short	1                               @ Loc expr size
	.byte	83                              @ DW_OP_reg3
	.long	.Ltmp2-.Lfunc_begin0
	.long	.Ltmp4-.Lfunc_begin0
	.short	3                               @ Loc expr size
	.byte	115                             @ DW_OP_breg3
	.byte	125                             @ -3
	.byte	159                             @ DW_OP_stack_value
	.long	.Ltmp4-.Lfunc_begin0
	.long	.Ltmp6-.Lfunc_begin0
	.short	1                               @ Loc expr size
	.byte	83                              @ DW_OP_reg3
	.long	.Ltmp6-.Lfunc_begin0
	.long	.Ltmp8-.Lfunc_begin0
	.short	3                               @ Loc expr size
	.byte	115                             @ DW_OP_breg3
	.byte	127                             @ -1
	.byte	159                             @ DW_OP_stack_value
	.long	.Ltmp8-.Lfunc_begin0
	.long	.Ltmp10-.Lfunc_begin0
	.short	3                               @ Loc expr size
	.byte	115                             @ DW_OP_breg3
	.byte	126                             @ -2
	.byte	159                             @ DW_OP_stack_value
	.long	.Ltmp10-.Lfunc_begin0
	.long	.Ltmp11-.Lfunc_begin0
	.short	3                               @ Loc expr size
	.byte	115                             @ DW_OP_breg3
	.byte	125                             @ -3
	.byte	159                             @ DW_OP_stack_value
	.long	0
	.long	0
.Ldebug_loc3:
	.long	-1
	.long	.Lfunc_begin2                   @   base address
	.long	.Lfunc_begin2-.Lfunc_begin2
	.long	.Ltmp16-.Lfunc_begin2
	.short	1                               @ Loc expr size
	.byte	80                              @ DW_OP_reg0
	.long	.Ltmp16-.Lfunc_begin2
	.long	.Lfunc_end2-.Lfunc_begin2
	.short	4                               @ Loc expr size
	.byte	243                             @ DW_OP_GNU_entry_value
	.byte	1                               @ 1
	.byte	80                              @ DW_OP_reg0
	.byte	159                             @ DW_OP_stack_value
	.long	0
	.long	0
.Ldebug_loc4:
	.long	-1
	.long	.Lfunc_begin2                   @   base address
	.long	.Lfunc_begin2-.Lfunc_begin2
	.long	.Ltmp17-.Lfunc_begin2
	.short	1                               @ Loc expr size
	.byte	81                              @ DW_OP_reg1
	.long	.Ltmp17-.Lfunc_begin2
	.long	.Lfunc_end2-.Lfunc_begin2
	.short	4                               @ Loc expr size
	.byte	243                             @ DW_OP_GNU_entry_value
	.byte	1                               @ 1
	.byte	81                              @ DW_OP_reg1
	.byte	159                             @ DW_OP_stack_value
	.long	0
	.long	0
.Ldebug_loc5:
	.long	-1
	.long	.Lfunc_begin2                   @   base address
	.long	.Lfunc_begin2-.Lfunc_begin2
	.long	.Ltmp18-.Lfunc_begin2
	.short	1                               @ Loc expr size
	.byte	82                              @ DW_OP_reg2
	.long	.Ltmp18-.Lfunc_begin2
	.long	.Lfunc_end2-.Lfunc_begin2
	.short	4                               @ Loc expr size
	.byte	243                             @ DW_OP_GNU_entry_value
	.byte	1                               @ 1
	.byte	82                              @ DW_OP_reg2
	.byte	159                             @ DW_OP_stack_value
	.long	0
	.long	0
.Ldebug_loc6:
	.long	-1
	.long	.Lfunc_begin3                   @   base address
	.long	.Lfunc_begin3-.Lfunc_begin3
	.long	.Ltmp20-.Lfunc_begin3
	.short	1                               @ Loc expr size
	.byte	80                              @ DW_OP_reg0
	.long	.Ltmp20-.Lfunc_begin3
	.long	.Lfunc_end3-.Lfunc_begin3
	.short	4                               @ Loc expr size
	.byte	243                             @ DW_OP_GNU_entry_value
	.byte	1                               @ 1
	.byte	80                              @ DW_OP_reg0
	.byte	159                             @ DW_OP_stack_value
	.long	0
	.long	0
.Ldebug_loc7:
	.long	-1
	.long	.Lfunc_begin3                   @   base address
	.long	.Lfunc_begin3-.Lfunc_begin3
	.long	.Ltmp21-.Lfunc_begin3
	.short	1                               @ Loc expr size
	.byte	81                              @ DW_OP_reg1
	.long	.Ltmp21-.Lfunc_begin3
	.long	.Lfunc_end3-.Lfunc_begin3
	.short	4                               @ Loc expr size
	.byte	243                             @ DW_OP_GNU_entry_value
	.byte	1                               @ 1
	.byte	81                              @ DW_OP_reg1
	.byte	159                             @ DW_OP_stack_value
	.long	0
	.long	0
.Ldebug_loc8:
	.long	-1
	.long	.Lfunc_begin3                   @   base address
	.long	.Lfunc_begin3-.Lfunc_begin3
	.long	.Ltmp22-.Lfunc_begin3
	.short	1                               @ Loc expr size
	.byte	82                              @ DW_OP_reg2
	.long	.Ltmp22-.Lfunc_begin3
	.long	.Lfunc_end3-.Lfunc_begin3
	.short	4                               @ Loc expr size
	.byte	243                             @ DW_OP_GNU_entry_value
	.byte	1                               @ 1
	.byte	82                              @ DW_OP_reg2
	.byte	159                             @ DW_OP_stack_value
	.long	0
	.long	0
.Ldebug_loc9:
	.long	-1
	.long	.Lfunc_begin4                   @   base address
	.long	.Lfunc_begin4-.Lfunc_begin4
	.long	.Ltmp24-.Lfunc_begin4
	.short	1                               @ Loc expr size
	.byte	80                              @ DW_OP_reg0
	.long	.Ltmp24-.Lfunc_begin4
	.long	.Lfunc_end4-.Lfunc_begin4
	.short	4                               @ Loc expr size
	.byte	243                             @ DW_OP_GNU_entry_value
	.byte	1                               @ 1
	.byte	80                              @ DW_OP_reg0
	.byte	159                             @ DW_OP_stack_value
	.long	0
	.long	0
.Ldebug_loc10:
	.long	-1
	.long	.Lfunc_begin4                   @   base address
	.long	.Lfunc_begin4-.Lfunc_begin4
	.long	.Ltmp25-.Lfunc_begin4
	.short	1                               @ Loc expr size
	.byte	81                              @ DW_OP_reg1
	.long	.Ltmp25-.Lfunc_begin4
	.long	.Lfunc_end4-.Lfunc_begin4
	.short	4                               @ Loc expr size
	.byte	243                             @ DW_OP_GNU_entry_value
	.byte	1                               @ 1
	.byte	81                              @ DW_OP_reg1
	.byte	159                             @ DW_OP_stack_value
	.long	0
	.long	0
	.section	.debug_abbrev,"",%progbits
	.byte	1                               @ Abbreviation Code
	.byte	17                              @ DW_TAG_compile_unit
	.byte	1                               @ DW_CHILDREN_yes
	.byte	37                              @ DW_AT_producer
	.byte	14                              @ DW_FORM_strp
	.byte	19                              @ DW_AT_language
	.byte	5                               @ DW_FORM_data2
	.byte	3                               @ DW_AT_name
	.byte	14                              @ DW_FORM_strp
	.byte	16                              @ DW_AT_stmt_list
	.byte	23                              @ DW_FORM_sec_offset
	.byte	27                              @ DW_AT_comp_dir
	.byte	14                              @ DW_FORM_strp
	.byte	17                              @ DW_AT_low_pc
	.byte	1                               @ DW_FORM_addr
	.byte	85                              @ DW_AT_ranges
	.byte	23                              @ DW_FORM_sec_offset
	.byte	0                               @ EOM(1)
	.byte	0                               @ EOM(2)
	.byte	2                               @ Abbreviation Code
	.byte	52                              @ DW_TAG_variable
	.byte	0                               @ DW_CHILDREN_no
	.byte	3                               @ DW_AT_name
	.byte	14                              @ DW_FORM_strp
	.byte	73                              @ DW_AT_type
	.byte	19                              @ DW_FORM_ref4
	.byte	63                              @ DW_AT_external
	.byte	25                              @ DW_FORM_flag_present
	.byte	58                              @ DW_AT_decl_file
	.byte	11                              @ DW_FORM_data1
	.byte	59                              @ DW_AT_decl_line
	.byte	11                              @ DW_FORM_data1
	.byte	2                               @ DW_AT_location
	.byte	24                              @ DW_FORM_exprloc
	.byte	0                               @ EOM(1)
	.byte	0                               @ EOM(2)
	.byte	3                               @ Abbreviation Code
	.byte	22                              @ DW_TAG_typedef
	.byte	0                               @ DW_CHILDREN_no
	.byte	73                              @ DW_AT_type
	.byte	19                              @ DW_FORM_ref4
	.byte	3                               @ DW_AT_name
	.byte	14                              @ DW_FORM_strp
	.byte	58                              @ DW_AT_decl_file
	.byte	11                              @ DW_FORM_data1
	.byte	59                              @ DW_AT_decl_line
	.byte	11                              @ DW_FORM_data1
	.byte	0                               @ EOM(1)
	.byte	0                               @ EOM(2)
	.byte	4                               @ Abbreviation Code
	.byte	36                              @ DW_TAG_base_type
	.byte	0                               @ DW_CHILDREN_no
	.byte	3                               @ DW_AT_name
	.byte	14                              @ DW_FORM_strp
	.byte	62                              @ DW_AT_encoding
	.byte	11                              @ DW_FORM_data1
	.byte	11                              @ DW_AT_byte_size
	.byte	11                              @ DW_FORM_data1
	.byte	0                               @ EOM(1)
	.byte	0                               @ EOM(2)
	.byte	5                               @ Abbreviation Code
	.byte	46                              @ DW_TAG_subprogram
	.byte	1                               @ DW_CHILDREN_yes
	.byte	17                              @ DW_AT_low_pc
	.byte	1                               @ DW_FORM_addr
	.byte	18                              @ DW_AT_high_pc
	.byte	6                               @ DW_FORM_data4
	.byte	64                              @ DW_AT_frame_base
	.byte	24                              @ DW_FORM_exprloc
	.ascii	"\227B"                         @ DW_AT_GNU_all_call_sites
	.byte	25                              @ DW_FORM_flag_present
	.byte	3                               @ DW_AT_name
	.byte	14                              @ DW_FORM_strp
	.byte	58                              @ DW_AT_decl_file
	.byte	11                              @ DW_FORM_data1
	.byte	59                              @ DW_AT_decl_line
	.byte	11                              @ DW_FORM_data1
	.byte	39                              @ DW_AT_prototyped
	.byte	25                              @ DW_FORM_flag_present
	.byte	63                              @ DW_AT_external
	.byte	25                              @ DW_FORM_flag_present
	.byte	0                               @ EOM(1)
	.byte	0                               @ EOM(2)
	.byte	6                               @ Abbreviation Code
	.byte	5                               @ DW_TAG_formal_parameter
	.byte	0                               @ DW_CHILDREN_no
	.byte	2                               @ DW_AT_location
	.byte	23                              @ DW_FORM_sec_offset
	.byte	3                               @ DW_AT_name
	.byte	14                              @ DW_FORM_strp
	.byte	58                              @ DW_AT_decl_file
	.byte	11                              @ DW_FORM_data1
	.byte	59                              @ DW_AT_decl_line
	.byte	11                              @ DW_FORM_data1
	.byte	73                              @ DW_AT_type
	.byte	19                              @ DW_FORM_ref4
	.byte	0                               @ EOM(1)
	.byte	0                               @ EOM(2)
	.byte	7                               @ Abbreviation Code
	.byte	52                              @ DW_TAG_variable
	.byte	0                               @ DW_CHILDREN_no
	.byte	2                               @ DW_AT_location
	.byte	23                              @ DW_FORM_sec_offset
	.byte	3                               @ DW_AT_name
	.byte	14                              @ DW_FORM_strp
	.byte	58                              @ DW_AT_decl_file
	.byte	11                              @ DW_FORM_data1
	.byte	59                              @ DW_AT_decl_line
	.byte	11                              @ DW_FORM_data1
	.byte	73                              @ DW_AT_type
	.byte	19                              @ DW_FORM_ref4
	.byte	0                               @ EOM(1)
	.byte	0                               @ EOM(2)
	.byte	8                               @ Abbreviation Code
	.byte	5                               @ DW_TAG_formal_parameter
	.byte	0                               @ DW_CHILDREN_no
	.byte	2                               @ DW_AT_location
	.byte	24                              @ DW_FORM_exprloc
	.byte	3                               @ DW_AT_name
	.byte	14                              @ DW_FORM_strp
	.byte	58                              @ DW_AT_decl_file
	.byte	11                              @ DW_FORM_data1
	.byte	59                              @ DW_AT_decl_line
	.byte	11                              @ DW_FORM_data1
	.byte	73                              @ DW_AT_type
	.byte	19                              @ DW_FORM_ref4
	.byte	0                               @ EOM(1)
	.byte	0                               @ EOM(2)
	.byte	9                               @ Abbreviation Code
	.byte	15                              @ DW_TAG_pointer_type
	.byte	0                               @ DW_CHILDREN_no
	.byte	73                              @ DW_AT_type
	.byte	19                              @ DW_FORM_ref4
	.byte	0                               @ EOM(1)
	.byte	0                               @ EOM(2)
	.byte	10                              @ Abbreviation Code
	.byte	22                              @ DW_TAG_typedef
	.byte	0                               @ DW_CHILDREN_no
	.byte	73                              @ DW_AT_type
	.byte	19                              @ DW_FORM_ref4
	.byte	3                               @ DW_AT_name
	.byte	14                              @ DW_FORM_strp
	.byte	58                              @ DW_AT_decl_file
	.byte	11                              @ DW_FORM_data1
	.byte	59                              @ DW_AT_decl_line
	.byte	5                               @ DW_FORM_data2
	.byte	0                               @ EOM(1)
	.byte	0                               @ EOM(2)
	.byte	11                              @ Abbreviation Code
	.byte	19                              @ DW_TAG_structure_type
	.byte	1                               @ DW_CHILDREN_yes
	.byte	11                              @ DW_AT_byte_size
	.byte	5                               @ DW_FORM_data2
	.byte	58                              @ DW_AT_decl_file
	.byte	11                              @ DW_FORM_data1
	.byte	59                              @ DW_AT_decl_line
	.byte	11                              @ DW_FORM_data1
	.byte	0                               @ EOM(1)
	.byte	0                               @ EOM(2)
	.byte	12                              @ Abbreviation Code
	.byte	13                              @ DW_TAG_member
	.byte	0                               @ DW_CHILDREN_no
	.byte	3                               @ DW_AT_name
	.byte	14                              @ DW_FORM_strp
	.byte	73                              @ DW_AT_type
	.byte	19                              @ DW_FORM_ref4
	.byte	58                              @ DW_AT_decl_file
	.byte	11                              @ DW_FORM_data1
	.byte	59                              @ DW_AT_decl_line
	.byte	5                               @ DW_FORM_data2
	.byte	56                              @ DW_AT_data_member_location
	.byte	11                              @ DW_FORM_data1
	.byte	0                               @ EOM(1)
	.byte	0                               @ EOM(2)
	.byte	13                              @ Abbreviation Code
	.byte	13                              @ DW_TAG_member
	.byte	0                               @ DW_CHILDREN_no
	.byte	3                               @ DW_AT_name
	.byte	14                              @ DW_FORM_strp
	.byte	73                              @ DW_AT_type
	.byte	19                              @ DW_FORM_ref4
	.byte	58                              @ DW_AT_decl_file
	.byte	11                              @ DW_FORM_data1
	.byte	59                              @ DW_AT_decl_line
	.byte	5                               @ DW_FORM_data2
	.byte	56                              @ DW_AT_data_member_location
	.byte	5                               @ DW_FORM_data2
	.byte	0                               @ EOM(1)
	.byte	0                               @ EOM(2)
	.byte	14                              @ Abbreviation Code
	.byte	1                               @ DW_TAG_array_type
	.byte	1                               @ DW_CHILDREN_yes
	.byte	73                              @ DW_AT_type
	.byte	19                              @ DW_FORM_ref4
	.byte	0                               @ EOM(1)
	.byte	0                               @ EOM(2)
	.byte	15                              @ Abbreviation Code
	.byte	33                              @ DW_TAG_subrange_type
	.byte	0                               @ DW_CHILDREN_no
	.byte	73                              @ DW_AT_type
	.byte	19                              @ DW_FORM_ref4
	.byte	55                              @ DW_AT_count
	.byte	11                              @ DW_FORM_data1
	.byte	0                               @ EOM(1)
	.byte	0                               @ EOM(2)
	.byte	16                              @ Abbreviation Code
	.byte	38                              @ DW_TAG_const_type
	.byte	0                               @ DW_CHILDREN_no
	.byte	73                              @ DW_AT_type
	.byte	19                              @ DW_FORM_ref4
	.byte	0                               @ EOM(1)
	.byte	0                               @ EOM(2)
	.byte	17                              @ Abbreviation Code
	.byte	53                              @ DW_TAG_volatile_type
	.byte	0                               @ DW_CHILDREN_no
	.byte	73                              @ DW_AT_type
	.byte	19                              @ DW_FORM_ref4
	.byte	0                               @ EOM(1)
	.byte	0                               @ EOM(2)
	.byte	18                              @ Abbreviation Code
	.byte	36                              @ DW_TAG_base_type
	.byte	0                               @ DW_CHILDREN_no
	.byte	3                               @ DW_AT_name
	.byte	14                              @ DW_FORM_strp
	.byte	11                              @ DW_AT_byte_size
	.byte	11                              @ DW_FORM_data1
	.byte	62                              @ DW_AT_encoding
	.byte	11                              @ DW_FORM_data1
	.byte	0                               @ EOM(1)
	.byte	0                               @ EOM(2)
	.byte	0                               @ EOM(3)
	.section	.debug_info,"",%progbits
.Lcu_begin0:
	.long	.Ldebug_info_end0-.Ldebug_info_start0 @ Length of Unit
.Ldebug_info_start0:
	.short	4                               @ DWARF version number
	.long	.debug_abbrev                   @ Offset Into Abbrev. Section
	.byte	4                               @ Address Size (in bytes)
	.byte	1                               @ Abbrev [1] 0xb:0x317 DW_TAG_compile_unit
	.long	.Linfo_string0                  @ DW_AT_producer
	.short	12                              @ DW_AT_language
	.long	.Linfo_string1                  @ DW_AT_name
	.long	.Lline_table_start0             @ DW_AT_stmt_list
	.long	.Linfo_string2                  @ DW_AT_comp_dir
	.long	0                               @ DW_AT_low_pc
	.long	.Ldebug_ranges0                 @ DW_AT_ranges
	.byte	2                               @ Abbrev [2] 0x26:0x11 DW_TAG_variable
	.long	.Linfo_string3                  @ DW_AT_name
	.long	55                              @ DW_AT_type
                                        @ DW_AT_external
	.byte	2                               @ DW_AT_decl_file
	.byte	19                              @ DW_AT_decl_line
	.byte	5                               @ DW_AT_location
	.byte	3
	.long	g_EADC_i32ErrCode
	.byte	3                               @ Abbrev [3] 0x37:0xb DW_TAG_typedef
	.long	66                              @ DW_AT_type
	.long	.Linfo_string5                  @ DW_AT_name
	.byte	1                               @ DW_AT_decl_file
	.byte	58                              @ DW_AT_decl_line
	.byte	4                               @ Abbrev [4] 0x42:0x7 DW_TAG_base_type
	.long	.Linfo_string4                  @ DW_AT_name
	.byte	5                               @ DW_AT_encoding
	.byte	4                               @ DW_AT_byte_size
	.byte	5                               @ Abbrev [5] 0x49:0x3f DW_TAG_subprogram
	.long	.Lfunc_begin0                   @ DW_AT_low_pc
	.long	.Lfunc_end0-.Lfunc_begin0       @ DW_AT_high_pc
	.byte	1                               @ DW_AT_frame_base
	.byte	93
                                        @ DW_AT_GNU_all_call_sites
	.long	.Linfo_string6                  @ DW_AT_name
	.byte	2                               @ DW_AT_decl_file
	.byte	36                              @ DW_AT_decl_line
                                        @ DW_AT_prototyped
                                        @ DW_AT_external
	.byte	6                               @ Abbrev [6] 0x5a:0xf DW_TAG_formal_parameter
	.long	.Ldebug_loc0                    @ DW_AT_location
	.long	.Linfo_string11                 @ DW_AT_name
	.byte	2                               @ DW_AT_decl_file
	.byte	36                              @ DW_AT_decl_line
	.long	380                             @ DW_AT_type
	.byte	6                               @ Abbrev [6] 0x69:0xf DW_TAG_formal_parameter
	.long	.Ldebug_loc1                    @ DW_AT_location
	.long	.Linfo_string37                 @ DW_AT_name
	.byte	2                               @ DW_AT_decl_file
	.byte	36                              @ DW_AT_decl_line
	.long	704                             @ DW_AT_type
	.byte	7                               @ Abbrev [7] 0x78:0xf DW_TAG_variable
	.long	.Ldebug_loc2                    @ DW_AT_location
	.long	.Linfo_string38                 @ DW_AT_name
	.byte	2                               @ DW_AT_decl_file
	.byte	38                              @ DW_AT_decl_line
	.long	704                             @ DW_AT_type
	.byte	0                               @ End Of Children Mark
	.byte	5                               @ Abbrev [5] 0x88:0x1f DW_TAG_subprogram
	.long	.Lfunc_begin1                   @ DW_AT_low_pc
	.long	.Lfunc_end1-.Lfunc_begin1       @ DW_AT_high_pc
	.byte	1                               @ DW_AT_frame_base
	.byte	93
                                        @ DW_AT_GNU_all_call_sites
	.long	.Linfo_string7                  @ DW_AT_name
	.byte	2                               @ DW_AT_decl_file
	.byte	61                              @ DW_AT_decl_line
                                        @ DW_AT_prototyped
                                        @ DW_AT_external
	.byte	8                               @ Abbrev [8] 0x99:0xd DW_TAG_formal_parameter
	.byte	1                               @ DW_AT_location
	.byte	80
	.long	.Linfo_string11                 @ DW_AT_name
	.byte	2                               @ DW_AT_decl_file
	.byte	61                              @ DW_AT_decl_line
	.long	380                             @ DW_AT_type
	.byte	0                               @ End Of Children Mark
	.byte	5                               @ Abbrev [5] 0xa7:0x4c DW_TAG_subprogram
	.long	.Lfunc_begin2                   @ DW_AT_low_pc
	.long	.Lfunc_end2-.Lfunc_begin2       @ DW_AT_high_pc
	.byte	1                               @ DW_AT_frame_base
	.byte	93
                                        @ DW_AT_GNU_all_call_sites
	.long	.Linfo_string8                  @ DW_AT_name
	.byte	2                               @ DW_AT_decl_file
	.byte	100                             @ DW_AT_decl_line
                                        @ DW_AT_prototyped
                                        @ DW_AT_external
	.byte	6                               @ Abbrev [6] 0xb8:0xf DW_TAG_formal_parameter
	.long	.Ldebug_loc3                    @ DW_AT_location
	.long	.Linfo_string11                 @ DW_AT_name
	.byte	2                               @ DW_AT_decl_file
	.byte	100                             @ DW_AT_decl_line
	.long	380                             @ DW_AT_type
	.byte	6                               @ Abbrev [6] 0xc7:0xf DW_TAG_formal_parameter
	.long	.Ldebug_loc4                    @ DW_AT_location
	.long	.Linfo_string39                 @ DW_AT_name
	.byte	2                               @ DW_AT_decl_file
	.byte	101                             @ DW_AT_decl_line
	.long	704                             @ DW_AT_type
	.byte	6                               @ Abbrev [6] 0xd6:0xf DW_TAG_formal_parameter
	.long	.Ldebug_loc5                    @ DW_AT_location
	.long	.Linfo_string40                 @ DW_AT_name
	.byte	2                               @ DW_AT_decl_file
	.byte	102                             @ DW_AT_decl_line
	.long	704                             @ DW_AT_type
	.byte	8                               @ Abbrev [8] 0xe5:0xd DW_TAG_formal_parameter
	.byte	1                               @ DW_AT_location
	.byte	83
	.long	.Linfo_string41                 @ DW_AT_name
	.byte	2                               @ DW_AT_decl_file
	.byte	103                             @ DW_AT_decl_line
	.long	704                             @ DW_AT_type
	.byte	0                               @ End Of Children Mark
	.byte	5                               @ Abbrev [5] 0xf3:0x4c DW_TAG_subprogram
	.long	.Lfunc_begin3                   @ DW_AT_low_pc
	.long	.Lfunc_end3-.Lfunc_begin3       @ DW_AT_high_pc
	.byte	1                               @ DW_AT_frame_base
	.byte	93
                                        @ DW_AT_GNU_all_call_sites
	.long	.Linfo_string9                  @ DW_AT_name
	.byte	2                               @ DW_AT_decl_file
	.byte	124                             @ DW_AT_decl_line
                                        @ DW_AT_prototyped
                                        @ DW_AT_external
	.byte	6                               @ Abbrev [6] 0x104:0xf DW_TAG_formal_parameter
	.long	.Ldebug_loc6                    @ DW_AT_location
	.long	.Linfo_string11                 @ DW_AT_name
	.byte	2                               @ DW_AT_decl_file
	.byte	124                             @ DW_AT_decl_line
	.long	380                             @ DW_AT_type
	.byte	6                               @ Abbrev [6] 0x113:0xf DW_TAG_formal_parameter
	.long	.Ldebug_loc7                    @ DW_AT_location
	.long	.Linfo_string39                 @ DW_AT_name
	.byte	2                               @ DW_AT_decl_file
	.byte	125                             @ DW_AT_decl_line
	.long	704                             @ DW_AT_type
	.byte	6                               @ Abbrev [6] 0x122:0xf DW_TAG_formal_parameter
	.long	.Ldebug_loc8                    @ DW_AT_location
	.long	.Linfo_string42                 @ DW_AT_name
	.byte	2                               @ DW_AT_decl_file
	.byte	126                             @ DW_AT_decl_line
	.long	704                             @ DW_AT_type
	.byte	8                               @ Abbrev [8] 0x131:0xd DW_TAG_formal_parameter
	.byte	1                               @ DW_AT_location
	.byte	83
	.long	.Linfo_string43                 @ DW_AT_name
	.byte	2                               @ DW_AT_decl_file
	.byte	127                             @ DW_AT_decl_line
	.long	704                             @ DW_AT_type
	.byte	0                               @ End Of Children Mark
	.byte	5                               @ Abbrev [5] 0x13f:0x3d DW_TAG_subprogram
	.long	.Lfunc_begin4                   @ DW_AT_low_pc
	.long	.Lfunc_end4-.Lfunc_begin4       @ DW_AT_high_pc
	.byte	1                               @ DW_AT_frame_base
	.byte	93
                                        @ DW_AT_GNU_all_call_sites
	.long	.Linfo_string10                 @ DW_AT_name
	.byte	2                               @ DW_AT_decl_file
	.byte	142                             @ DW_AT_decl_line
                                        @ DW_AT_prototyped
                                        @ DW_AT_external
	.byte	6                               @ Abbrev [6] 0x150:0xf DW_TAG_formal_parameter
	.long	.Ldebug_loc9                    @ DW_AT_location
	.long	.Linfo_string11                 @ DW_AT_name
	.byte	2                               @ DW_AT_decl_file
	.byte	142                             @ DW_AT_decl_line
	.long	380                             @ DW_AT_type
	.byte	6                               @ Abbrev [6] 0x15f:0xf DW_TAG_formal_parameter
	.long	.Ldebug_loc10                   @ DW_AT_location
	.long	.Linfo_string39                 @ DW_AT_name
	.byte	2                               @ DW_AT_decl_file
	.byte	142                             @ DW_AT_decl_line
	.long	704                             @ DW_AT_type
	.byte	8                               @ Abbrev [8] 0x16e:0xd DW_TAG_formal_parameter
	.byte	1                               @ DW_AT_location
	.byte	82
	.long	.Linfo_string44                 @ DW_AT_name
	.byte	2                               @ DW_AT_decl_file
	.byte	142                             @ DW_AT_decl_line
	.long	704                             @ DW_AT_type
	.byte	0                               @ End Of Children Mark
	.byte	9                               @ Abbrev [9] 0x17c:0x5 DW_TAG_pointer_type
	.long	385                             @ DW_AT_type
	.byte	10                              @ Abbrev [10] 0x181:0xc DW_TAG_typedef
	.long	397                             @ DW_AT_type
	.long	.Linfo_string36                 @ DW_AT_name
	.byte	3                               @ DW_AT_decl_file
	.short	571                             @ DW_AT_decl_line
	.byte	11                              @ Abbrev [11] 0x18d:0x11d DW_TAG_structure_type
	.short	308                             @ DW_AT_byte_size
	.byte	3                               @ DW_AT_decl_file
	.byte	26                              @ DW_AT_decl_line
	.byte	12                              @ Abbrev [12] 0x192:0xd DW_TAG_member
	.long	.Linfo_string12                 @ DW_AT_name
	.long	682                             @ DW_AT_type
	.byte	3                               @ DW_AT_decl_file
	.short	544                             @ DW_AT_decl_line
	.byte	0                               @ DW_AT_data_member_location
	.byte	12                              @ Abbrev [12] 0x19f:0xd DW_TAG_member
	.long	.Linfo_string16                 @ DW_AT_name
	.long	694                             @ DW_AT_type
	.byte	3                               @ DW_AT_decl_file
	.short	545                             @ DW_AT_decl_line
	.byte	76                              @ DW_AT_data_member_location
	.byte	12                              @ Abbrev [12] 0x1ac:0xd DW_TAG_member
	.long	.Linfo_string17                 @ DW_AT_name
	.long	699                             @ DW_AT_type
	.byte	3                               @ DW_AT_decl_file
	.short	546                             @ DW_AT_decl_line
	.byte	80                              @ DW_AT_data_member_location
	.byte	12                              @ Abbrev [12] 0x1b9:0xd DW_TAG_member
	.long	.Linfo_string18                 @ DW_AT_name
	.long	699                             @ DW_AT_type
	.byte	3                               @ DW_AT_decl_file
	.short	547                             @ DW_AT_decl_line
	.byte	84                              @ DW_AT_data_member_location
	.byte	12                              @ Abbrev [12] 0x1c6:0xd DW_TAG_member
	.long	.Linfo_string19                 @ DW_AT_name
	.long	699                             @ DW_AT_type
	.byte	3                               @ DW_AT_decl_file
	.short	548                             @ DW_AT_decl_line
	.byte	88                              @ DW_AT_data_member_location
	.byte	12                              @ Abbrev [12] 0x1d3:0xd DW_TAG_member
	.long	.Linfo_string20                 @ DW_AT_name
	.long	699                             @ DW_AT_type
	.byte	3                               @ DW_AT_decl_file
	.short	549                             @ DW_AT_decl_line
	.byte	92                              @ DW_AT_data_member_location
	.byte	12                              @ Abbrev [12] 0x1e0:0xd DW_TAG_member
	.long	.Linfo_string21                 @ DW_AT_name
	.long	729                             @ DW_AT_type
	.byte	3                               @ DW_AT_decl_file
	.short	551                             @ DW_AT_decl_line
	.byte	96                              @ DW_AT_data_member_location
	.byte	12                              @ Abbrev [12] 0x1ed:0xd DW_TAG_member
	.long	.Linfo_string22                 @ DW_AT_name
	.long	741                             @ DW_AT_type
	.byte	3                               @ DW_AT_decl_file
	.short	553                             @ DW_AT_decl_line
	.byte	128                             @ DW_AT_data_member_location
	.byte	12                              @ Abbrev [12] 0x1fa:0xd DW_TAG_member
	.long	.Linfo_string23                 @ DW_AT_name
	.long	753                             @ DW_AT_type
	.byte	3                               @ DW_AT_decl_file
	.short	555                             @ DW_AT_decl_line
	.byte	204                             @ DW_AT_data_member_location
	.byte	12                              @ Abbrev [12] 0x207:0xd DW_TAG_member
	.long	.Linfo_string24                 @ DW_AT_name
	.long	765                             @ DW_AT_type
	.byte	3                               @ DW_AT_decl_file
	.short	557                             @ DW_AT_decl_line
	.byte	208                             @ DW_AT_data_member_location
	.byte	12                              @ Abbrev [12] 0x214:0xd DW_TAG_member
	.long	.Linfo_string25                 @ DW_AT_name
	.long	765                             @ DW_AT_type
	.byte	3                               @ DW_AT_decl_file
	.short	558                             @ DW_AT_decl_line
	.byte	224                             @ DW_AT_data_member_location
	.byte	12                              @ Abbrev [12] 0x221:0xd DW_TAG_member
	.long	.Linfo_string26                 @ DW_AT_name
	.long	694                             @ DW_AT_type
	.byte	3                               @ DW_AT_decl_file
	.short	559                             @ DW_AT_decl_line
	.byte	240                             @ DW_AT_data_member_location
	.byte	12                              @ Abbrev [12] 0x22e:0xd DW_TAG_member
	.long	.Linfo_string27                 @ DW_AT_name
	.long	694                             @ DW_AT_type
	.byte	3                               @ DW_AT_decl_file
	.short	560                             @ DW_AT_decl_line
	.byte	244                             @ DW_AT_data_member_location
	.byte	12                              @ Abbrev [12] 0x23b:0xd DW_TAG_member
	.long	.Linfo_string28                 @ DW_AT_name
	.long	699                             @ DW_AT_type
	.byte	3                               @ DW_AT_decl_file
	.short	561                             @ DW_AT_decl_line
	.byte	248                             @ DW_AT_data_member_location
	.byte	12                              @ Abbrev [12] 0x248:0xd DW_TAG_member
	.long	.Linfo_string29                 @ DW_AT_name
	.long	694                             @ DW_AT_type
	.byte	3                               @ DW_AT_decl_file
	.short	562                             @ DW_AT_decl_line
	.byte	252                             @ DW_AT_data_member_location
	.byte	13                              @ Abbrev [13] 0x255:0xe DW_TAG_member
	.long	.Linfo_string30                 @ DW_AT_name
	.long	777                             @ DW_AT_type
	.byte	3                               @ DW_AT_decl_file
	.short	563                             @ DW_AT_decl_line
	.short	256                             @ DW_AT_data_member_location
	.byte	13                              @ Abbrev [13] 0x263:0xe DW_TAG_member
	.long	.Linfo_string31                 @ DW_AT_name
	.long	699                             @ DW_AT_type
	.byte	3                               @ DW_AT_decl_file
	.short	564                             @ DW_AT_decl_line
	.short	272                             @ DW_AT_data_member_location
	.byte	13                              @ Abbrev [13] 0x271:0xe DW_TAG_member
	.long	.Linfo_string32                 @ DW_AT_name
	.long	699                             @ DW_AT_type
	.byte	3                               @ DW_AT_decl_file
	.short	565                             @ DW_AT_decl_line
	.short	276                             @ DW_AT_data_member_location
	.byte	13                              @ Abbrev [13] 0x27f:0xe DW_TAG_member
	.long	.Linfo_string33                 @ DW_AT_name
	.long	699                             @ DW_AT_type
	.byte	3                               @ DW_AT_decl_file
	.short	566                             @ DW_AT_decl_line
	.short	280                             @ DW_AT_data_member_location
	.byte	13                              @ Abbrev [13] 0x28d:0xe DW_TAG_member
	.long	.Linfo_string34                 @ DW_AT_name
	.long	789                             @ DW_AT_type
	.byte	3                               @ DW_AT_decl_file
	.short	568                             @ DW_AT_decl_line
	.short	284                             @ DW_AT_data_member_location
	.byte	13                              @ Abbrev [13] 0x29b:0xe DW_TAG_member
	.long	.Linfo_string35                 @ DW_AT_name
	.long	699                             @ DW_AT_type
	.byte	3                               @ DW_AT_decl_file
	.short	570                             @ DW_AT_decl_line
	.short	304                             @ DW_AT_data_member_location
	.byte	0                               @ End Of Children Mark
	.byte	14                              @ Abbrev [14] 0x2aa:0xc DW_TAG_array_type
	.long	694                             @ DW_AT_type
	.byte	15                              @ Abbrev [15] 0x2af:0x6 DW_TAG_subrange_type
	.long	722                             @ DW_AT_type
	.byte	19                              @ DW_AT_count
	.byte	0                               @ End Of Children Mark
	.byte	16                              @ Abbrev [16] 0x2b6:0x5 DW_TAG_const_type
	.long	699                             @ DW_AT_type
	.byte	17                              @ Abbrev [17] 0x2bb:0x5 DW_TAG_volatile_type
	.long	704                             @ DW_AT_type
	.byte	3                               @ Abbrev [3] 0x2c0:0xb DW_TAG_typedef
	.long	715                             @ DW_AT_type
	.long	.Linfo_string14                 @ DW_AT_name
	.byte	1                               @ DW_AT_decl_file
	.byte	64                              @ DW_AT_decl_line
	.byte	4                               @ Abbrev [4] 0x2cb:0x7 DW_TAG_base_type
	.long	.Linfo_string13                 @ DW_AT_name
	.byte	7                               @ DW_AT_encoding
	.byte	4                               @ DW_AT_byte_size
	.byte	18                              @ Abbrev [18] 0x2d2:0x7 DW_TAG_base_type
	.long	.Linfo_string15                 @ DW_AT_name
	.byte	8                               @ DW_AT_byte_size
	.byte	7                               @ DW_AT_encoding
	.byte	14                              @ Abbrev [14] 0x2d9:0xc DW_TAG_array_type
	.long	694                             @ DW_AT_type
	.byte	15                              @ Abbrev [15] 0x2de:0x6 DW_TAG_subrange_type
	.long	722                             @ DW_AT_type
	.byte	8                               @ DW_AT_count
	.byte	0                               @ End Of Children Mark
	.byte	14                              @ Abbrev [14] 0x2e5:0xc DW_TAG_array_type
	.long	699                             @ DW_AT_type
	.byte	15                              @ Abbrev [15] 0x2ea:0x6 DW_TAG_subrange_type
	.long	722                             @ DW_AT_type
	.byte	19                              @ DW_AT_count
	.byte	0                               @ End Of Children Mark
	.byte	14                              @ Abbrev [14] 0x2f1:0xc DW_TAG_array_type
	.long	694                             @ DW_AT_type
	.byte	15                              @ Abbrev [15] 0x2f6:0x6 DW_TAG_subrange_type
	.long	722                             @ DW_AT_type
	.byte	1                               @ DW_AT_count
	.byte	0                               @ End Of Children Mark
	.byte	14                              @ Abbrev [14] 0x2fd:0xc DW_TAG_array_type
	.long	699                             @ DW_AT_type
	.byte	15                              @ Abbrev [15] 0x302:0x6 DW_TAG_subrange_type
	.long	722                             @ DW_AT_type
	.byte	4                               @ DW_AT_count
	.byte	0                               @ End Of Children Mark
	.byte	14                              @ Abbrev [14] 0x309:0xc DW_TAG_array_type
	.long	694                             @ DW_AT_type
	.byte	15                              @ Abbrev [15] 0x30e:0x6 DW_TAG_subrange_type
	.long	722                             @ DW_AT_type
	.byte	4                               @ DW_AT_count
	.byte	0                               @ End Of Children Mark
	.byte	14                              @ Abbrev [14] 0x315:0xc DW_TAG_array_type
	.long	694                             @ DW_AT_type
	.byte	15                              @ Abbrev [15] 0x31a:0x6 DW_TAG_subrange_type
	.long	722                             @ DW_AT_type
	.byte	5                               @ DW_AT_count
	.byte	0                               @ End Of Children Mark
	.byte	0                               @ End Of Children Mark
.Ldebug_info_end0:
	.section	.debug_ranges,"",%progbits
.Ldebug_ranges0:
	.long	.Lfunc_begin0
	.long	.Lfunc_end0
	.long	.Lfunc_begin1
	.long	.Lfunc_end1
	.long	.Lfunc_begin2
	.long	.Lfunc_end2
	.long	.Lfunc_begin3
	.long	.Lfunc_end3
	.long	.Lfunc_begin4
	.long	.Lfunc_end4
	.long	0
	.long	0
	.section	.debug_str,"MS",%progbits,1
.Linfo_string0:
	.asciz	"Component: Arm Compiler for Embedded 6.22 Tool: armclang [5ee92100]" @ string offset=0
.Linfo_string1:
	.asciz	"Library/StdDriver/src\\eadc.c" @ string offset=68
.Linfo_string2:
	.asciz	"C:\\Users\\dinhl\\Documents\\Tesy\\EEET2481_A3_TETRISGAME" @ string offset=97
.Linfo_string3:
	.asciz	"g_EADC_i32ErrCode"             @ string offset=150
.Linfo_string4:
	.asciz	"int"                           @ string offset=168
.Linfo_string5:
	.asciz	"int32_t"                       @ string offset=172
.Linfo_string6:
	.asciz	"EADC_Open"                     @ string offset=180
.Linfo_string7:
	.asciz	"EADC_Close"                    @ string offset=190
.Linfo_string8:
	.asciz	"EADC_ConfigSampleModule"       @ string offset=201
.Linfo_string9:
	.asciz	"EADC_SetTriggerDelayTime"      @ string offset=225
.Linfo_string10:
	.asciz	"EADC_SetExtendSampleTime"      @ string offset=250
.Linfo_string11:
	.asciz	"eadc"                          @ string offset=275
.Linfo_string12:
	.asciz	"DAT"                           @ string offset=280
.Linfo_string13:
	.asciz	"unsigned int"                  @ string offset=284
.Linfo_string14:
	.asciz	"uint32_t"                      @ string offset=297
.Linfo_string15:
	.asciz	"__ARRAY_SIZE_TYPE__"           @ string offset=306
.Linfo_string16:
	.asciz	"CURDAT"                        @ string offset=326
.Linfo_string17:
	.asciz	"CTL"                           @ string offset=333
.Linfo_string18:
	.asciz	"SWTRG"                         @ string offset=337
.Linfo_string19:
	.asciz	"PENDSTS"                       @ string offset=343
.Linfo_string20:
	.asciz	"OVSTS"                         @ string offset=351
.Linfo_string21:
	.asciz	"RESERVE0"                      @ string offset=357
.Linfo_string22:
	.asciz	"SCTL"                          @ string offset=366
.Linfo_string23:
	.asciz	"RESERVE1"                      @ string offset=371
.Linfo_string24:
	.asciz	"INTSRC"                        @ string offset=380
.Linfo_string25:
	.asciz	"CMP"                           @ string offset=387
.Linfo_string26:
	.asciz	"STATUS0"                       @ string offset=391
.Linfo_string27:
	.asciz	"STATUS1"                       @ string offset=399
.Linfo_string28:
	.asciz	"STATUS2"                       @ string offset=407
.Linfo_string29:
	.asciz	"STATUS3"                       @ string offset=415
.Linfo_string30:
	.asciz	"DDAT"                          @ string offset=423
.Linfo_string31:
	.asciz	"PWRM"                          @ string offset=428
.Linfo_string32:
	.asciz	"CALCTL"                        @ string offset=433
.Linfo_string33:
	.asciz	"CALDWRD"                       @ string offset=440
.Linfo_string34:
	.asciz	"RESERVE2"                      @ string offset=448
.Linfo_string35:
	.asciz	"PDMACTL"                       @ string offset=457
.Linfo_string36:
	.asciz	"EADC_T"                        @ string offset=465
.Linfo_string37:
	.asciz	"u32InputMode"                  @ string offset=472
.Linfo_string38:
	.asciz	"u32Delay"                      @ string offset=485
.Linfo_string39:
	.asciz	"u32ModuleNum"                  @ string offset=494
.Linfo_string40:
	.asciz	"u32TriggerSrc"                 @ string offset=507
.Linfo_string41:
	.asciz	"u32Channel"                    @ string offset=521
.Linfo_string42:
	.asciz	"u32TriggerDelayTime"           @ string offset=532
.Linfo_string43:
	.asciz	"u32DelayClockDivider"          @ string offset=552
.Linfo_string44:
	.asciz	"u32ExtendSampleTime"           @ string offset=573
	.ident	"Component: Arm Compiler for Embedded 6.22 Tool: armclang [5ee92100]"
	.section	".note.GNU-stack","",%progbits
	.eabi_attribute	30, 1	@ Tag_ABI_optimization_goals
	.ARM_attribute	16, 1	@ Tag_AV_eba
	.section	.debug_line,"",%progbits
.Lline_table_start0:
