	.text
	.syntax unified
	.eabi_attribute	67, "2.09"	@ Tag_conformance
	.cpu	cortex-m4
	.eabi_attribute	6, 13	@ Tag_CPU_arch
	.eabi_attribute	7, 77	@ Tag_CPU_arch_profile
	.eabi_attribute	8, 0	@ Tag_ARM_ISA_use
	.eabi_attribute	9, 2	@ Tag_THUMB_ISA_use
	.fpu	fpv4-sp-d16
	.eabi_attribute	27, 1	@ Tag_ABI_HardFP_use
	.eabi_attribute	36, 1	@ Tag_FP_HP_extension
	.eabi_attribute	34, 1	@ Tag_CPU_unaligned_access
	.eabi_attribute	17, 1	@ Tag_ABI_PCS_GOT_use
	.eabi_attribute	20, 2	@ Tag_ABI_FP_denormal
	.eabi_attribute	21, 0	@ Tag_ABI_FP_exceptions
	.eabi_attribute	23, 1	@ Tag_ABI_FP_number_model
	.eabi_attribute	24, 1	@ Tag_ABI_align_needed
	.eabi_attribute	25, 1	@ Tag_ABI_align_preserved
	.eabi_attribute	28, 1	@ Tag_ABI_VFP_args
	.eabi_attribute	38, 1	@ Tag_ABI_FP_16bit_format
	.eabi_attribute	18, 2	@ Tag_ABI_PCS_wchar_t
	.eabi_attribute	26, 1	@ Tag_ABI_enum_size
	.eabi_attribute	14, 0	@ Tag_ABI_PCS_R9_use
	.file	"GUI_X.c"
	.file	1 "C:\\Users\\dinhl\\Documents\\Tesy\\EEET2481_A3_TETRISGAME" "Library/emWin/Config/GUI_X.c"
	.section	.text.GUI_X_GetTime,"ax",%progbits
	.hidden	GUI_X_GetTime                   @ -- Begin function GUI_X_GetTime
	.globl	GUI_X_GetTime
	.p2align	2
	.type	GUI_X_GetTime,%function
	.code	16                              @ @GUI_X_GetTime
	.thumb_func
GUI_X_GetTime:
.Lfunc_begin0:
	.fnstart
	.cfi_sections .debug_frame
	.cfi_startproc
@ %bb.0:
	.loc	1 65 10 prologue_end            @ Library/emWin/Config/GUI_X.c:65:10
	movw	r0, :lower16:OS_TimeMS
	movt	r0, :upper16:OS_TimeMS
	ldr	r0, [r0]
	.loc	1 65 3 is_stmt 0                @ Library/emWin/Config/GUI_X.c:65:3
	bx	lr
.Ltmp0:
.Lfunc_end0:
	.size	GUI_X_GetTime, .Lfunc_end0-GUI_X_GetTime
	.cfi_endproc
	.cantunwind
	.fnend
                                        @ -- End function
	.section	.text.GUI_X_Delay,"ax",%progbits
	.hidden	GUI_X_Delay                     @ -- Begin function GUI_X_Delay
	.globl	GUI_X_Delay
	.p2align	2
	.type	GUI_X_Delay,%function
	.code	16                              @ @GUI_X_Delay
	.thumb_func
GUI_X_Delay:
.Lfunc_begin1:
	.fnstart
	.cfi_startproc
@ %bb.0:
	@DEBUG_VALUE: GUI_X_Delay:ms <- $r0
	.loc	1 69 14 prologue_end is_stmt 1  @ Library/emWin/Config/GUI_X.c:69:14
	movw	r1, :lower16:OS_TimeMS
	movt	r1, :upper16:OS_TimeMS
	ldr	r2, [r1]
	.loc	1 69 24 is_stmt 0               @ Library/emWin/Config/GUI_X.c:69:24
	add	r0, r2
.Ltmp1:
	@DEBUG_VALUE: GUI_X_Delay:ms <- [DW_OP_LLVM_entry_value 1] $r0
	@DEBUG_VALUE: GUI_X_Delay:tEnd <- $r0
	.loc	1 0 24                          @ Library/emWin/Config/GUI_X.c:0:24
	b	.LBB1_3
.Ltmp2:
	.p2align	2
.LBB1_1:                                @   in Loop: Header=BB1_3 Depth=1
	@DEBUG_VALUE: GUI_X_Delay:tEnd <- $r0
	@DEBUG_VALUE: GUI_X_Delay:ms <- [DW_OP_LLVM_entry_value 1] $r0
	.loc	1 70 18 is_stmt 1               @ Library/emWin/Config/GUI_X.c:70:18
	ldr	r2, [r1]
	.loc	1 70 3 is_stmt 0                @ Library/emWin/Config/GUI_X.c:70:3
	cmp	r0, r2
	.loc	1 71 1 is_stmt 1                @ Library/emWin/Config/GUI_X.c:71:1
	it	le
	bxle	lr
.Ltmp3:
.LBB1_2:                                @   in Loop: Header=BB1_3 Depth=1
	@DEBUG_VALUE: GUI_X_Delay:tEnd <- $r0
	@DEBUG_VALUE: GUI_X_Delay:ms <- [DW_OP_LLVM_entry_value 1] $r0
	.loc	1 70 18                         @ Library/emWin/Config/GUI_X.c:70:18
	ldr	r2, [r1]
	.loc	1 70 3 is_stmt 0                @ Library/emWin/Config/GUI_X.c:70:3
	cmp	r0, r2
	ble	.LBB1_5
.Ltmp4:
.LBB1_3:                                @ =>This Inner Loop Header: Depth=1
	@DEBUG_VALUE: GUI_X_Delay:tEnd <- $r0
	@DEBUG_VALUE: GUI_X_Delay:ms <- [DW_OP_LLVM_entry_value 1] $r0
	.loc	1 70 18                         @ Library/emWin/Config/GUI_X.c:70:18
	ldr	r2, [r1]
	.loc	1 70 3                          @ Library/emWin/Config/GUI_X.c:70:3
	cmp	r0, r2
	ble	.LBB1_5
.Ltmp5:
@ %bb.4:                                @   in Loop: Header=BB1_3 Depth=1
	@DEBUG_VALUE: GUI_X_Delay:tEnd <- $r0
	@DEBUG_VALUE: GUI_X_Delay:ms <- [DW_OP_LLVM_entry_value 1] $r0
	.loc	1 70 18                         @ Library/emWin/Config/GUI_X.c:70:18
	ldr	r2, [r1]
	.loc	1 70 3                          @ Library/emWin/Config/GUI_X.c:70:3
	cmp	r0, r2
	bgt	.LBB1_1
.Ltmp6:
.LBB1_5:
	@DEBUG_VALUE: GUI_X_Delay:tEnd <- $r0
	@DEBUG_VALUE: GUI_X_Delay:ms <- [DW_OP_LLVM_entry_value 1] $r0
	.loc	1 71 1 is_stmt 1                @ Library/emWin/Config/GUI_X.c:71:1
	bx	lr
.Ltmp7:
.Lfunc_end1:
	.size	GUI_X_Delay, .Lfunc_end1-GUI_X_Delay
	.cfi_endproc
	.cantunwind
	.fnend
                                        @ -- End function
	.section	.text.GUI_X_Init,"ax",%progbits
	.hidden	GUI_X_Init                      @ -- Begin function GUI_X_Init
	.globl	GUI_X_Init
	.p2align	2
	.type	GUI_X_Init,%function
	.code	16                              @ @GUI_X_Init
	.thumb_func
GUI_X_Init:
.Lfunc_begin2:
	.fnstart
	.cfi_startproc
@ %bb.0:
	.loc	1 83 24 prologue_end            @ Library/emWin/Config/GUI_X.c:83:24
	bx	lr
.Ltmp8:
.Lfunc_end2:
	.size	GUI_X_Init, .Lfunc_end2-GUI_X_Init
	.cfi_endproc
	.cantunwind
	.fnend
                                        @ -- End function
	.section	.text.GUI_X_ExecIdle,"ax",%progbits
	.hidden	GUI_X_ExecIdle                  @ -- Begin function GUI_X_ExecIdle
	.globl	GUI_X_ExecIdle
	.p2align	2
	.type	GUI_X_ExecIdle,%function
	.code	16                              @ @GUI_X_ExecIdle
	.thumb_func
GUI_X_ExecIdle:
.Lfunc_begin3:
	.fnstart
	.cfi_startproc
@ %bb.0:
	.loc	1 94 28 prologue_end            @ Library/emWin/Config/GUI_X.c:94:28
	bx	lr
.Ltmp9:
.Lfunc_end3:
	.size	GUI_X_ExecIdle, .Lfunc_end3-GUI_X_ExecIdle
	.cfi_endproc
	.cantunwind
	.fnend
                                        @ -- End function
	.section	.text.GUI_X_Log,"ax",%progbits
	.hidden	GUI_X_Log                       @ -- Begin function GUI_X_Log
	.globl	GUI_X_Log
	.p2align	2
	.type	GUI_X_Log,%function
	.code	16                              @ @GUI_X_Log
	.thumb_func
GUI_X_Log:
.Lfunc_begin4:
	.fnstart
	.cfi_startproc
@ %bb.0:
	@DEBUG_VALUE: GUI_X_Log:s <- $r0
	.loc	1 110 55 prologue_end           @ Library/emWin/Config/GUI_X.c:110:55
	bx	lr
.Ltmp10:
.Lfunc_end4:
	.size	GUI_X_Log, .Lfunc_end4-GUI_X_Log
	.cfi_endproc
	.cantunwind
	.fnend
                                        @ -- End function
	.section	.text.GUI_X_Warn,"ax",%progbits
	.hidden	GUI_X_Warn                      @ -- Begin function GUI_X_Warn
	.globl	GUI_X_Warn
	.p2align	2
	.type	GUI_X_Warn,%function
	.code	16                              @ @GUI_X_Warn
	.thumb_func
GUI_X_Warn:
.Lfunc_begin5:
	.fnstart
	.cfi_startproc
@ %bb.0:
	@DEBUG_VALUE: GUI_X_Warn:s <- $r0
	.loc	1 111 55 prologue_end           @ Library/emWin/Config/GUI_X.c:111:55
	bx	lr
.Ltmp11:
.Lfunc_end5:
	.size	GUI_X_Warn, .Lfunc_end5-GUI_X_Warn
	.cfi_endproc
	.cantunwind
	.fnend
                                        @ -- End function
	.section	.text.GUI_X_ErrorOut,"ax",%progbits
	.hidden	GUI_X_ErrorOut                  @ -- Begin function GUI_X_ErrorOut
	.globl	GUI_X_ErrorOut
	.p2align	2
	.type	GUI_X_ErrorOut,%function
	.code	16                              @ @GUI_X_ErrorOut
	.thumb_func
GUI_X_ErrorOut:
.Lfunc_begin6:
	.fnstart
	.cfi_startproc
@ %bb.0:
	@DEBUG_VALUE: GUI_X_ErrorOut:s <- $r0
	.loc	1 112 55 prologue_end           @ Library/emWin/Config/GUI_X.c:112:55
	bx	lr
.Ltmp12:
.Lfunc_end6:
	.size	GUI_X_ErrorOut, .Lfunc_end6-GUI_X_ErrorOut
	.cfi_endproc
	.cantunwind
	.fnend
                                        @ -- End function
	.section	.text.GUI_X_InitOS,"ax",%progbits
	.hidden	GUI_X_InitOS                    @ -- Begin function GUI_X_InitOS
	.globl	GUI_X_InitOS
	.p2align	2
	.type	GUI_X_InitOS,%function
	.code	16                              @ @GUI_X_InitOS
	.thumb_func
GUI_X_InitOS:
.Lfunc_begin7:
	.fnstart
	.cfi_startproc
@ %bb.0:
	.loc	1 132 31 prologue_end           @ Library/emWin/Config/GUI_X.c:132:31
	bx	lr
.Ltmp13:
.Lfunc_end7:
	.size	GUI_X_InitOS, .Lfunc_end7-GUI_X_InitOS
	.cfi_endproc
	.cantunwind
	.fnend
                                        @ -- End function
	.section	.text.GUI_X_Unlock,"ax",%progbits
	.hidden	GUI_X_Unlock                    @ -- Begin function GUI_X_Unlock
	.globl	GUI_X_Unlock
	.p2align	2
	.type	GUI_X_Unlock,%function
	.code	16                              @ @GUI_X_Unlock
	.thumb_func
GUI_X_Unlock:
.Lfunc_begin8:
	.fnstart
	.cfi_startproc
@ %bb.0:
	.loc	1 133 31 prologue_end           @ Library/emWin/Config/GUI_X.c:133:31
	bx	lr
.Ltmp14:
.Lfunc_end8:
	.size	GUI_X_Unlock, .Lfunc_end8-GUI_X_Unlock
	.cfi_endproc
	.cantunwind
	.fnend
                                        @ -- End function
	.section	.text.GUI_X_Lock,"ax",%progbits
	.hidden	GUI_X_Lock                      @ -- Begin function GUI_X_Lock
	.globl	GUI_X_Lock
	.p2align	2
	.type	GUI_X_Lock,%function
	.code	16                              @ @GUI_X_Lock
	.thumb_func
GUI_X_Lock:
.Lfunc_begin9:
	.fnstart
	.cfi_startproc
@ %bb.0:
	.loc	1 134 31 prologue_end           @ Library/emWin/Config/GUI_X.c:134:31
	bx	lr
.Ltmp15:
.Lfunc_end9:
	.size	GUI_X_Lock, .Lfunc_end9-GUI_X_Lock
	.cfi_endproc
	.cantunwind
	.fnend
                                        @ -- End function
	.section	.text.GUI_X_GetTaskId,"ax",%progbits
	.hidden	GUI_X_GetTaskId                 @ -- Begin function GUI_X_GetTaskId
	.globl	GUI_X_GetTaskId
	.p2align	2
	.type	GUI_X_GetTaskId,%function
	.code	16                              @ @GUI_X_GetTaskId
	.thumb_func
GUI_X_GetTaskId:
.Lfunc_begin10:
	.fnstart
	.cfi_startproc
@ %bb.0:
	.loc	1 135 30 prologue_end           @ Library/emWin/Config/GUI_X.c:135:30
	movs	r0, #1
	bx	lr
.Ltmp16:
.Lfunc_end10:
	.size	GUI_X_GetTaskId, .Lfunc_end10-GUI_X_GetTaskId
	.cfi_endproc
	.cantunwind
	.fnend
                                        @ -- End function
	.section	.text.GUI_X_WaitEvent,"ax",%progbits
	.hidden	GUI_X_WaitEvent                 @ -- Begin function GUI_X_WaitEvent
	.globl	GUI_X_WaitEvent
	.p2align	2
	.type	GUI_X_WaitEvent,%function
	.code	16                              @ @GUI_X_WaitEvent
	.thumb_func
GUI_X_WaitEvent:
.Lfunc_begin11:
	.fnstart
	.cfi_startproc
@ %bb.0:
	.loc	1 147 42 prologue_end           @ Library/emWin/Config/GUI_X.c:147:42
	bx	lr
.Ltmp17:
.Lfunc_end11:
	.size	GUI_X_WaitEvent, .Lfunc_end11-GUI_X_WaitEvent
	.cfi_endproc
	.cantunwind
	.fnend
                                        @ -- End function
	.section	.text.GUI_X_SignalEvent,"ax",%progbits
	.hidden	GUI_X_SignalEvent               @ -- Begin function GUI_X_SignalEvent
	.globl	GUI_X_SignalEvent
	.p2align	2
	.type	GUI_X_SignalEvent,%function
	.code	16                              @ @GUI_X_SignalEvent
	.thumb_func
GUI_X_SignalEvent:
.Lfunc_begin12:
	.fnstart
	.cfi_startproc
@ %bb.0:
	.loc	1 148 42 prologue_end           @ Library/emWin/Config/GUI_X.c:148:42
	bx	lr
.Ltmp18:
.Lfunc_end12:
	.size	GUI_X_SignalEvent, .Lfunc_end12-GUI_X_SignalEvent
	.cfi_endproc
	.cantunwind
	.fnend
                                        @ -- End function
	.section	.text.GUI_X_WaitEventTimed,"ax",%progbits
	.hidden	GUI_X_WaitEventTimed            @ -- Begin function GUI_X_WaitEventTimed
	.globl	GUI_X_WaitEventTimed
	.p2align	2
	.type	GUI_X_WaitEventTimed,%function
	.code	16                              @ @GUI_X_WaitEventTimed
	.thumb_func
GUI_X_WaitEventTimed:
.Lfunc_begin13:
	.fnstart
	.cfi_startproc
@ %bb.0:
	@DEBUG_VALUE: GUI_X_WaitEventTimed:Period <- $r0
	.loc	1 149 42 prologue_end           @ Library/emWin/Config/GUI_X.c:149:42
	bx	lr
.Ltmp19:
.Lfunc_end13:
	.size	GUI_X_WaitEventTimed, .Lfunc_end13-GUI_X_WaitEventTimed
	.cfi_endproc
	.cantunwind
	.fnend
                                        @ -- End function
	.hidden	OS_TimeMS                       @ @OS_TimeMS
	.type	OS_TimeMS,%object
	.section	.bss.OS_TimeMS,"aw",%nobits
	.globl	OS_TimeMS
	.p2align	2, 0x0
OS_TimeMS:
	.long	0                               @ 0x0
	.size	OS_TimeMS, 4

	.section	.debug_loc,"",%progbits
.Ldebug_loc0:
	.long	-1
	.long	.Lfunc_begin1                   @   base address
	.long	.Lfunc_begin1-.Lfunc_begin1
	.long	.Ltmp1-.Lfunc_begin1
	.short	1                               @ Loc expr size
	.byte	80                              @ DW_OP_reg0
	.long	.Ltmp1-.Lfunc_begin1
	.long	.Lfunc_end1-.Lfunc_begin1
	.short	4                               @ Loc expr size
	.byte	243                             @ DW_OP_GNU_entry_value
	.byte	1                               @ 1
	.byte	80                              @ DW_OP_reg0
	.byte	159                             @ DW_OP_stack_value
	.long	0
	.long	0
.Ldebug_loc1:
	.long	-1
	.long	.Lfunc_begin1                   @   base address
	.long	.Ltmp1-.Lfunc_begin1
	.long	.Lfunc_end1-.Lfunc_begin1
	.short	1                               @ Loc expr size
	.byte	80                              @ DW_OP_reg0
	.long	0
	.long	0
	.section	.debug_abbrev,"",%progbits
	.byte	1                               @ Abbreviation Code
	.byte	17                              @ DW_TAG_compile_unit
	.byte	1                               @ DW_CHILDREN_yes
	.byte	37                              @ DW_AT_producer
	.byte	14                              @ DW_FORM_strp
	.byte	19                              @ DW_AT_language
	.byte	5                               @ DW_FORM_data2
	.byte	3                               @ DW_AT_name
	.byte	14                              @ DW_FORM_strp
	.byte	16                              @ DW_AT_stmt_list
	.byte	23                              @ DW_FORM_sec_offset
	.byte	27                              @ DW_AT_comp_dir
	.byte	14                              @ DW_FORM_strp
	.byte	17                              @ DW_AT_low_pc
	.byte	1                               @ DW_FORM_addr
	.byte	85                              @ DW_AT_ranges
	.byte	23                              @ DW_FORM_sec_offset
	.byte	0                               @ EOM(1)
	.byte	0                               @ EOM(2)
	.byte	2                               @ Abbreviation Code
	.byte	52                              @ DW_TAG_variable
	.byte	0                               @ DW_CHILDREN_no
	.byte	3                               @ DW_AT_name
	.byte	14                              @ DW_FORM_strp
	.byte	73                              @ DW_AT_type
	.byte	19                              @ DW_FORM_ref4
	.byte	63                              @ DW_AT_external
	.byte	25                              @ DW_FORM_flag_present
	.byte	58                              @ DW_AT_decl_file
	.byte	11                              @ DW_FORM_data1
	.byte	59                              @ DW_AT_decl_line
	.byte	11                              @ DW_FORM_data1
	.byte	2                               @ DW_AT_location
	.byte	24                              @ DW_FORM_exprloc
	.byte	0                               @ EOM(1)
	.byte	0                               @ EOM(2)
	.byte	3                               @ Abbreviation Code
	.byte	53                              @ DW_TAG_volatile_type
	.byte	0                               @ DW_CHILDREN_no
	.byte	73                              @ DW_AT_type
	.byte	19                              @ DW_FORM_ref4
	.byte	0                               @ EOM(1)
	.byte	0                               @ EOM(2)
	.byte	4                               @ Abbreviation Code
	.byte	36                              @ DW_TAG_base_type
	.byte	0                               @ DW_CHILDREN_no
	.byte	3                               @ DW_AT_name
	.byte	14                              @ DW_FORM_strp
	.byte	62                              @ DW_AT_encoding
	.byte	11                              @ DW_FORM_data1
	.byte	11                              @ DW_AT_byte_size
	.byte	11                              @ DW_FORM_data1
	.byte	0                               @ EOM(1)
	.byte	0                               @ EOM(2)
	.byte	5                               @ Abbreviation Code
	.byte	46                              @ DW_TAG_subprogram
	.byte	0                               @ DW_CHILDREN_no
	.byte	17                              @ DW_AT_low_pc
	.byte	1                               @ DW_FORM_addr
	.byte	18                              @ DW_AT_high_pc
	.byte	6                               @ DW_FORM_data4
	.byte	64                              @ DW_AT_frame_base
	.byte	24                              @ DW_FORM_exprloc
	.ascii	"\227B"                         @ DW_AT_GNU_all_call_sites
	.byte	25                              @ DW_FORM_flag_present
	.byte	3                               @ DW_AT_name
	.byte	14                              @ DW_FORM_strp
	.byte	58                              @ DW_AT_decl_file
	.byte	11                              @ DW_FORM_data1
	.byte	59                              @ DW_AT_decl_line
	.byte	11                              @ DW_FORM_data1
	.byte	39                              @ DW_AT_prototyped
	.byte	25                              @ DW_FORM_flag_present
	.byte	73                              @ DW_AT_type
	.byte	19                              @ DW_FORM_ref4
	.byte	63                              @ DW_AT_external
	.byte	25                              @ DW_FORM_flag_present
	.byte	0                               @ EOM(1)
	.byte	0                               @ EOM(2)
	.byte	6                               @ Abbreviation Code
	.byte	46                              @ DW_TAG_subprogram
	.byte	1                               @ DW_CHILDREN_yes
	.byte	17                              @ DW_AT_low_pc
	.byte	1                               @ DW_FORM_addr
	.byte	18                              @ DW_AT_high_pc
	.byte	6                               @ DW_FORM_data4
	.byte	64                              @ DW_AT_frame_base
	.byte	24                              @ DW_FORM_exprloc
	.ascii	"\227B"                         @ DW_AT_GNU_all_call_sites
	.byte	25                              @ DW_FORM_flag_present
	.byte	3                               @ DW_AT_name
	.byte	14                              @ DW_FORM_strp
	.byte	58                              @ DW_AT_decl_file
	.byte	11                              @ DW_FORM_data1
	.byte	59                              @ DW_AT_decl_line
	.byte	11                              @ DW_FORM_data1
	.byte	39                              @ DW_AT_prototyped
	.byte	25                              @ DW_FORM_flag_present
	.byte	63                              @ DW_AT_external
	.byte	25                              @ DW_FORM_flag_present
	.byte	0                               @ EOM(1)
	.byte	0                               @ EOM(2)
	.byte	7                               @ Abbreviation Code
	.byte	5                               @ DW_TAG_formal_parameter
	.byte	0                               @ DW_CHILDREN_no
	.byte	2                               @ DW_AT_location
	.byte	23                              @ DW_FORM_sec_offset
	.byte	3                               @ DW_AT_name
	.byte	14                              @ DW_FORM_strp
	.byte	58                              @ DW_AT_decl_file
	.byte	11                              @ DW_FORM_data1
	.byte	59                              @ DW_AT_decl_line
	.byte	11                              @ DW_FORM_data1
	.byte	73                              @ DW_AT_type
	.byte	19                              @ DW_FORM_ref4
	.byte	0                               @ EOM(1)
	.byte	0                               @ EOM(2)
	.byte	8                               @ Abbreviation Code
	.byte	52                              @ DW_TAG_variable
	.byte	0                               @ DW_CHILDREN_no
	.byte	2                               @ DW_AT_location
	.byte	23                              @ DW_FORM_sec_offset
	.byte	3                               @ DW_AT_name
	.byte	14                              @ DW_FORM_strp
	.byte	58                              @ DW_AT_decl_file
	.byte	11                              @ DW_FORM_data1
	.byte	59                              @ DW_AT_decl_line
	.byte	11                              @ DW_FORM_data1
	.byte	73                              @ DW_AT_type
	.byte	19                              @ DW_FORM_ref4
	.byte	0                               @ EOM(1)
	.byte	0                               @ EOM(2)
	.byte	9                               @ Abbreviation Code
	.byte	46                              @ DW_TAG_subprogram
	.byte	0                               @ DW_CHILDREN_no
	.byte	17                              @ DW_AT_low_pc
	.byte	1                               @ DW_FORM_addr
	.byte	18                              @ DW_AT_high_pc
	.byte	6                               @ DW_FORM_data4
	.byte	64                              @ DW_AT_frame_base
	.byte	24                              @ DW_FORM_exprloc
	.ascii	"\227B"                         @ DW_AT_GNU_all_call_sites
	.byte	25                              @ DW_FORM_flag_present
	.byte	3                               @ DW_AT_name
	.byte	14                              @ DW_FORM_strp
	.byte	58                              @ DW_AT_decl_file
	.byte	11                              @ DW_FORM_data1
	.byte	59                              @ DW_AT_decl_line
	.byte	11                              @ DW_FORM_data1
	.byte	39                              @ DW_AT_prototyped
	.byte	25                              @ DW_FORM_flag_present
	.byte	63                              @ DW_AT_external
	.byte	25                              @ DW_FORM_flag_present
	.byte	0                               @ EOM(1)
	.byte	0                               @ EOM(2)
	.byte	10                              @ Abbreviation Code
	.byte	5                               @ DW_TAG_formal_parameter
	.byte	0                               @ DW_CHILDREN_no
	.byte	2                               @ DW_AT_location
	.byte	24                              @ DW_FORM_exprloc
	.byte	3                               @ DW_AT_name
	.byte	14                              @ DW_FORM_strp
	.byte	58                              @ DW_AT_decl_file
	.byte	11                              @ DW_FORM_data1
	.byte	59                              @ DW_AT_decl_line
	.byte	11                              @ DW_FORM_data1
	.byte	73                              @ DW_AT_type
	.byte	19                              @ DW_FORM_ref4
	.byte	0                               @ EOM(1)
	.byte	0                               @ EOM(2)
	.byte	11                              @ Abbreviation Code
	.byte	15                              @ DW_TAG_pointer_type
	.byte	0                               @ DW_CHILDREN_no
	.byte	73                              @ DW_AT_type
	.byte	19                              @ DW_FORM_ref4
	.byte	0                               @ EOM(1)
	.byte	0                               @ EOM(2)
	.byte	12                              @ Abbreviation Code
	.byte	38                              @ DW_TAG_const_type
	.byte	0                               @ DW_CHILDREN_no
	.byte	73                              @ DW_AT_type
	.byte	19                              @ DW_FORM_ref4
	.byte	0                               @ EOM(1)
	.byte	0                               @ EOM(2)
	.byte	0                               @ EOM(3)
	.section	.debug_info,"",%progbits
.Lcu_begin0:
	.long	.Ldebug_info_end0-.Ldebug_info_start0 @ Length of Unit
.Ldebug_info_start0:
	.short	4                               @ DWARF version number
	.long	.debug_abbrev                   @ Offset Into Abbrev. Section
	.byte	4                               @ Address Size (in bytes)
	.byte	1                               @ Abbrev [1] 0xb:0x19e DW_TAG_compile_unit
	.long	.Linfo_string0                  @ DW_AT_producer
	.short	12                              @ DW_AT_language
	.long	.Linfo_string1                  @ DW_AT_name
	.long	.Lline_table_start0             @ DW_AT_stmt_list
	.long	.Linfo_string2                  @ DW_AT_comp_dir
	.long	0                               @ DW_AT_low_pc
	.long	.Ldebug_ranges0                 @ DW_AT_ranges
	.byte	2                               @ Abbrev [2] 0x26:0x11 DW_TAG_variable
	.long	.Linfo_string3                  @ DW_AT_name
	.long	55                              @ DW_AT_type
                                        @ DW_AT_external
	.byte	1                               @ DW_AT_decl_file
	.byte	51                              @ DW_AT_decl_line
	.byte	5                               @ DW_AT_location
	.byte	3
	.long	OS_TimeMS
	.byte	3                               @ Abbrev [3] 0x37:0x5 DW_TAG_volatile_type
	.long	60                              @ DW_AT_type
	.byte	4                               @ Abbrev [4] 0x3c:0x7 DW_TAG_base_type
	.long	.Linfo_string4                  @ DW_AT_name
	.byte	5                               @ DW_AT_encoding
	.byte	4                               @ DW_AT_byte_size
	.byte	5                               @ Abbrev [5] 0x43:0x15 DW_TAG_subprogram
	.long	.Lfunc_begin0                   @ DW_AT_low_pc
	.long	.Lfunc_end0-.Lfunc_begin0       @ DW_AT_high_pc
	.byte	1                               @ DW_AT_frame_base
	.byte	93
                                        @ DW_AT_GNU_all_call_sites
	.long	.Linfo_string5                  @ DW_AT_name
	.byte	1                               @ DW_AT_decl_file
	.byte	64                              @ DW_AT_decl_line
                                        @ DW_AT_prototyped
	.long	60                              @ DW_AT_type
                                        @ DW_AT_external
	.byte	6                               @ Abbrev [6] 0x58:0x30 DW_TAG_subprogram
	.long	.Lfunc_begin1                   @ DW_AT_low_pc
	.long	.Lfunc_end1-.Lfunc_begin1       @ DW_AT_high_pc
	.byte	1                               @ DW_AT_frame_base
	.byte	93
                                        @ DW_AT_GNU_all_call_sites
	.long	.Linfo_string6                  @ DW_AT_name
	.byte	1                               @ DW_AT_decl_file
	.byte	68                              @ DW_AT_decl_line
                                        @ DW_AT_prototyped
                                        @ DW_AT_external
	.byte	7                               @ Abbrev [7] 0x69:0xf DW_TAG_formal_parameter
	.long	.Ldebug_loc0                    @ DW_AT_location
	.long	.Linfo_string20                 @ DW_AT_name
	.byte	1                               @ DW_AT_decl_file
	.byte	68                              @ DW_AT_decl_line
	.long	60                              @ DW_AT_type
	.byte	8                               @ Abbrev [8] 0x78:0xf DW_TAG_variable
	.long	.Ldebug_loc1                    @ DW_AT_location
	.long	.Linfo_string21                 @ DW_AT_name
	.byte	1                               @ DW_AT_decl_file
	.byte	69                              @ DW_AT_decl_line
	.long	60                              @ DW_AT_type
	.byte	0                               @ End Of Children Mark
	.byte	9                               @ Abbrev [9] 0x88:0x11 DW_TAG_subprogram
	.long	.Lfunc_begin2                   @ DW_AT_low_pc
	.long	.Lfunc_end2-.Lfunc_begin2       @ DW_AT_high_pc
	.byte	1                               @ DW_AT_frame_base
	.byte	93
                                        @ DW_AT_GNU_all_call_sites
	.long	.Linfo_string7                  @ DW_AT_name
	.byte	1                               @ DW_AT_decl_file
	.byte	83                              @ DW_AT_decl_line
                                        @ DW_AT_prototyped
                                        @ DW_AT_external
	.byte	9                               @ Abbrev [9] 0x99:0x11 DW_TAG_subprogram
	.long	.Lfunc_begin3                   @ DW_AT_low_pc
	.long	.Lfunc_end3-.Lfunc_begin3       @ DW_AT_high_pc
	.byte	1                               @ DW_AT_frame_base
	.byte	93
                                        @ DW_AT_GNU_all_call_sites
	.long	.Linfo_string8                  @ DW_AT_name
	.byte	1                               @ DW_AT_decl_file
	.byte	94                              @ DW_AT_decl_line
                                        @ DW_AT_prototyped
                                        @ DW_AT_external
	.byte	6                               @ Abbrev [6] 0xaa:0x1f DW_TAG_subprogram
	.long	.Lfunc_begin4                   @ DW_AT_low_pc
	.long	.Lfunc_end4-.Lfunc_begin4       @ DW_AT_high_pc
	.byte	1                               @ DW_AT_frame_base
	.byte	93
                                        @ DW_AT_GNU_all_call_sites
	.long	.Linfo_string9                  @ DW_AT_name
	.byte	1                               @ DW_AT_decl_file
	.byte	110                             @ DW_AT_decl_line
                                        @ DW_AT_prototyped
                                        @ DW_AT_external
	.byte	10                              @ Abbrev [10] 0xbb:0xd DW_TAG_formal_parameter
	.byte	1                               @ DW_AT_location
	.byte	80
	.long	.Linfo_string22                 @ DW_AT_name
	.byte	1                               @ DW_AT_decl_file
	.byte	110                             @ DW_AT_decl_line
	.long	407                             @ DW_AT_type
	.byte	0                               @ End Of Children Mark
	.byte	6                               @ Abbrev [6] 0xc9:0x1f DW_TAG_subprogram
	.long	.Lfunc_begin5                   @ DW_AT_low_pc
	.long	.Lfunc_end5-.Lfunc_begin5       @ DW_AT_high_pc
	.byte	1                               @ DW_AT_frame_base
	.byte	93
                                        @ DW_AT_GNU_all_call_sites
	.long	.Linfo_string10                 @ DW_AT_name
	.byte	1                               @ DW_AT_decl_file
	.byte	111                             @ DW_AT_decl_line
                                        @ DW_AT_prototyped
                                        @ DW_AT_external
	.byte	10                              @ Abbrev [10] 0xda:0xd DW_TAG_formal_parameter
	.byte	1                               @ DW_AT_location
	.byte	80
	.long	.Linfo_string22                 @ DW_AT_name
	.byte	1                               @ DW_AT_decl_file
	.byte	111                             @ DW_AT_decl_line
	.long	407                             @ DW_AT_type
	.byte	0                               @ End Of Children Mark
	.byte	6                               @ Abbrev [6] 0xe8:0x1f DW_TAG_subprogram
	.long	.Lfunc_begin6                   @ DW_AT_low_pc
	.long	.Lfunc_end6-.Lfunc_begin6       @ DW_AT_high_pc
	.byte	1                               @ DW_AT_frame_base
	.byte	93
                                        @ DW_AT_GNU_all_call_sites
	.long	.Linfo_string11                 @ DW_AT_name
	.byte	1                               @ DW_AT_decl_file
	.byte	112                             @ DW_AT_decl_line
                                        @ DW_AT_prototyped
                                        @ DW_AT_external
	.byte	10                              @ Abbrev [10] 0xf9:0xd DW_TAG_formal_parameter
	.byte	1                               @ DW_AT_location
	.byte	80
	.long	.Linfo_string22                 @ DW_AT_name
	.byte	1                               @ DW_AT_decl_file
	.byte	112                             @ DW_AT_decl_line
	.long	407                             @ DW_AT_type
	.byte	0                               @ End Of Children Mark
	.byte	9                               @ Abbrev [9] 0x107:0x11 DW_TAG_subprogram
	.long	.Lfunc_begin7                   @ DW_AT_low_pc
	.long	.Lfunc_end7-.Lfunc_begin7       @ DW_AT_high_pc
	.byte	1                               @ DW_AT_frame_base
	.byte	93
                                        @ DW_AT_GNU_all_call_sites
	.long	.Linfo_string12                 @ DW_AT_name
	.byte	1                               @ DW_AT_decl_file
	.byte	132                             @ DW_AT_decl_line
                                        @ DW_AT_prototyped
                                        @ DW_AT_external
	.byte	9                               @ Abbrev [9] 0x118:0x11 DW_TAG_subprogram
	.long	.Lfunc_begin8                   @ DW_AT_low_pc
	.long	.Lfunc_end8-.Lfunc_begin8       @ DW_AT_high_pc
	.byte	1                               @ DW_AT_frame_base
	.byte	93
                                        @ DW_AT_GNU_all_call_sites
	.long	.Linfo_string13                 @ DW_AT_name
	.byte	1                               @ DW_AT_decl_file
	.byte	133                             @ DW_AT_decl_line
                                        @ DW_AT_prototyped
                                        @ DW_AT_external
	.byte	9                               @ Abbrev [9] 0x129:0x11 DW_TAG_subprogram
	.long	.Lfunc_begin9                   @ DW_AT_low_pc
	.long	.Lfunc_end9-.Lfunc_begin9       @ DW_AT_high_pc
	.byte	1                               @ DW_AT_frame_base
	.byte	93
                                        @ DW_AT_GNU_all_call_sites
	.long	.Linfo_string14                 @ DW_AT_name
	.byte	1                               @ DW_AT_decl_file
	.byte	134                             @ DW_AT_decl_line
                                        @ DW_AT_prototyped
                                        @ DW_AT_external
	.byte	5                               @ Abbrev [5] 0x13a:0x15 DW_TAG_subprogram
	.long	.Lfunc_begin10                  @ DW_AT_low_pc
	.long	.Lfunc_end10-.Lfunc_begin10     @ DW_AT_high_pc
	.byte	1                               @ DW_AT_frame_base
	.byte	93
                                        @ DW_AT_GNU_all_call_sites
	.long	.Linfo_string15                 @ DW_AT_name
	.byte	1                               @ DW_AT_decl_file
	.byte	135                             @ DW_AT_decl_line
                                        @ DW_AT_prototyped
	.long	400                             @ DW_AT_type
                                        @ DW_AT_external
	.byte	9                               @ Abbrev [9] 0x14f:0x11 DW_TAG_subprogram
	.long	.Lfunc_begin11                  @ DW_AT_low_pc
	.long	.Lfunc_end11-.Lfunc_begin11     @ DW_AT_high_pc
	.byte	1                               @ DW_AT_frame_base
	.byte	93
                                        @ DW_AT_GNU_all_call_sites
	.long	.Linfo_string17                 @ DW_AT_name
	.byte	1                               @ DW_AT_decl_file
	.byte	147                             @ DW_AT_decl_line
                                        @ DW_AT_prototyped
                                        @ DW_AT_external
	.byte	9                               @ Abbrev [9] 0x160:0x11 DW_TAG_subprogram
	.long	.Lfunc_begin12                  @ DW_AT_low_pc
	.long	.Lfunc_end12-.Lfunc_begin12     @ DW_AT_high_pc
	.byte	1                               @ DW_AT_frame_base
	.byte	93
                                        @ DW_AT_GNU_all_call_sites
	.long	.Linfo_string18                 @ DW_AT_name
	.byte	1                               @ DW_AT_decl_file
	.byte	148                             @ DW_AT_decl_line
                                        @ DW_AT_prototyped
                                        @ DW_AT_external
	.byte	6                               @ Abbrev [6] 0x171:0x1f DW_TAG_subprogram
	.long	.Lfunc_begin13                  @ DW_AT_low_pc
	.long	.Lfunc_end13-.Lfunc_begin13     @ DW_AT_high_pc
	.byte	1                               @ DW_AT_frame_base
	.byte	93
                                        @ DW_AT_GNU_all_call_sites
	.long	.Linfo_string19                 @ DW_AT_name
	.byte	1                               @ DW_AT_decl_file
	.byte	149                             @ DW_AT_decl_line
                                        @ DW_AT_prototyped
                                        @ DW_AT_external
	.byte	10                              @ Abbrev [10] 0x182:0xd DW_TAG_formal_parameter
	.byte	1                               @ DW_AT_location
	.byte	80
	.long	.Linfo_string24                 @ DW_AT_name
	.byte	1                               @ DW_AT_decl_file
	.byte	149                             @ DW_AT_decl_line
	.long	60                              @ DW_AT_type
	.byte	0                               @ End Of Children Mark
	.byte	4                               @ Abbrev [4] 0x190:0x7 DW_TAG_base_type
	.long	.Linfo_string16                 @ DW_AT_name
	.byte	7                               @ DW_AT_encoding
	.byte	4                               @ DW_AT_byte_size
	.byte	11                              @ Abbrev [11] 0x197:0x5 DW_TAG_pointer_type
	.long	412                             @ DW_AT_type
	.byte	12                              @ Abbrev [12] 0x19c:0x5 DW_TAG_const_type
	.long	417                             @ DW_AT_type
	.byte	4                               @ Abbrev [4] 0x1a1:0x7 DW_TAG_base_type
	.long	.Linfo_string23                 @ DW_AT_name
	.byte	8                               @ DW_AT_encoding
	.byte	1                               @ DW_AT_byte_size
	.byte	0                               @ End Of Children Mark
.Ldebug_info_end0:
	.section	.debug_ranges,"",%progbits
.Ldebug_ranges0:
	.long	.Lfunc_begin0
	.long	.Lfunc_end0
	.long	.Lfunc_begin1
	.long	.Lfunc_end1
	.long	.Lfunc_begin2
	.long	.Lfunc_end2
	.long	.Lfunc_begin3
	.long	.Lfunc_end3
	.long	.Lfunc_begin4
	.long	.Lfunc_end4
	.long	.Lfunc_begin5
	.long	.Lfunc_end5
	.long	.Lfunc_begin6
	.long	.Lfunc_end6
	.long	.Lfunc_begin7
	.long	.Lfunc_end7
	.long	.Lfunc_begin8
	.long	.Lfunc_end8
	.long	.Lfunc_begin9
	.long	.Lfunc_end9
	.long	.Lfunc_begin10
	.long	.Lfunc_end10
	.long	.Lfunc_begin11
	.long	.Lfunc_end11
	.long	.Lfunc_begin12
	.long	.Lfunc_end12
	.long	.Lfunc_begin13
	.long	.Lfunc_end13
	.long	0
	.long	0
	.section	.debug_str,"MS",%progbits,1
.Linfo_string0:
	.asciz	"Component: Arm Compiler for Embedded 6.22 Tool: armclang [5ee92100]" @ string offset=0
.Linfo_string1:
	.asciz	"Library/emWin/Config\\GUI_X.c" @ string offset=68
.Linfo_string2:
	.asciz	"C:\\Users\\dinhl\\Documents\\Tesy\\EEET2481_A3_TETRISGAME" @ string offset=97
.Linfo_string3:
	.asciz	"OS_TimeMS"                     @ string offset=150
.Linfo_string4:
	.asciz	"int"                           @ string offset=160
.Linfo_string5:
	.asciz	"GUI_X_GetTime"                 @ string offset=164
.Linfo_string6:
	.asciz	"GUI_X_Delay"                   @ string offset=178
.Linfo_string7:
	.asciz	"GUI_X_Init"                    @ string offset=190
.Linfo_string8:
	.asciz	"GUI_X_ExecIdle"                @ string offset=201
.Linfo_string9:
	.asciz	"GUI_X_Log"                     @ string offset=216
.Linfo_string10:
	.asciz	"GUI_X_Warn"                    @ string offset=226
.Linfo_string11:
	.asciz	"GUI_X_ErrorOut"                @ string offset=237
.Linfo_string12:
	.asciz	"GUI_X_InitOS"                  @ string offset=252
.Linfo_string13:
	.asciz	"GUI_X_Unlock"                  @ string offset=265
.Linfo_string14:
	.asciz	"GUI_X_Lock"                    @ string offset=278
.Linfo_string15:
	.asciz	"GUI_X_GetTaskId"               @ string offset=289
.Linfo_string16:
	.asciz	"unsigned long"                 @ string offset=305
.Linfo_string17:
	.asciz	"GUI_X_WaitEvent"               @ string offset=319
.Linfo_string18:
	.asciz	"GUI_X_SignalEvent"             @ string offset=335
.Linfo_string19:
	.asciz	"GUI_X_WaitEventTimed"          @ string offset=353
.Linfo_string20:
	.asciz	"ms"                            @ string offset=374
.Linfo_string21:
	.asciz	"tEnd"                          @ string offset=377
.Linfo_string22:
	.asciz	"s"                             @ string offset=382
.Linfo_string23:
	.asciz	"char"                          @ string offset=384
.Linfo_string24:
	.asciz	"Period"                        @ string offset=389
	.ident	"Component: Arm Compiler for Embedded 6.22 Tool: armclang [5ee92100]"
	.section	".note.GNU-stack","",%progbits
	.eabi_attribute	30, 1	@ Tag_ABI_optimization_goals
	.ARM_attribute	16, 1	@ Tag_AV_eba
	.section	.debug_line,"",%progbits
.Lline_table_start0:
